2025-11-22 04:31:40,313 | === INDIA RS CALCULATION STARTED ===
2025-11-22 04:31:40,313 | Benchmark: ^NSEI
2025-11-22 04:31:40,316 | Loaded 3,204 symbols from ArcticDB
2025-11-22 04:31:40,337 | Metadata loaded: 3,204 tickers
2025-11-22 04:32:29,170 | Latest market date for RSRATING.csv: 2025-11-21
2025-11-22 04:32:29,179 | RSRATING.csv generated → RS_Data/RSRATING.csv
2025-11-24 14:26:42,097 | === INDIA RS CALCULATION STARTED ===
2025-11-24 14:26:42,097 | Benchmark: ^NSEI
2025-11-24 14:26:42,101 | Loaded 3,204 symbols from ArcticDB
2025-11-24 14:26:42,121 | Metadata loaded: 3,204 tickers
2025-11-24 14:27:30,738 | Latest market date for RSRATING.csv: 2025-11-24
2025-11-24 14:27:30,745 | RSRATING.csv generated → RS_Data/RSRATING.csv
2025-11-25 03:35:00,997 | === INDIA RS CALCULATION STARTED ===
2025-11-25 03:35:00,997 | Benchmark: ^NSEI
2025-11-25 03:35:01,001 | Loaded 3,215 symbols from ArcticDB
2025-11-25 03:35:01,022 | Metadata loaded: 3,215 tickers
2025-11-25 03:35:17,176 | Latest market date for RSRATING.csv: 2025-11-24
2025-11-25 03:35:17,184 | RSRATING.csv generated → RS_Data/RSRATING.csv
2025-11-25 03:55:09,504 | === INDIA RS CALCULATION STARTED ===
2025-11-25 03:55:09,504 | Benchmark: ^NSEI
2025-11-25 03:55:09,508 | Loaded 3,215 symbols from ArcticDB
2025-11-25 03:55:09,529 | Metadata loaded: 3,215 tickers
2025-11-25 03:55:25,552 | Latest market date for RSRATING.csv: 2025-11-25
2025-11-25 03:55:25,560 | RSRATING.csv generated → RS_Data/RSRATING.csv
2025-11-26 03:18:52,275 - Starting NSE India RS calculation
2025-11-26 03:18:52,275 - Missing RS debug log: logs/debug_rs/Missing_RS.log
2025-11-26 03:18:52,279 - Found 3215 symbols in tmp/arctic_db
2025-11-26 03:18:52,301 - Metadata loaded: 3,215 tickers
2025-11-26 03:18:52,301 - Starting RS calculation for 3215 tickers vs ^NSEI
2025-11-26 03:19:10,761 - Latest market date (NSE): 2025-11-25
2025-11-26 03:19:10,769 - NSE trading days used: 20251119T, 20251120T, 20251121T, 20251124T, 20251125T
2025-11-26 03:19:10,770 - RSRATING.csv (NSE) generated → RS_Data/RSRATING.csv
2025-11-26 03:19:10,770 - NSE RS calculation completed. 3214 tickers, 3179 with valid RS.
2025-11-26 03:42:33,888 - Starting NSE India RS calculation
2025-11-26 03:42:33,888 - Missing RS debug log: logs/debug_rs/Missing_RS.log
2025-11-26 03:42:33,892 - Found 3262 symbols in tmp/arctic_db
2025-11-26 03:42:33,914 - Metadata loaded: 3,262 tickers
2025-11-26 03:42:33,914 - Starting RS calculation for 3262 tickers vs ^NSEI
2025-11-26 03:42:51,709 - Latest market date (NSE): 2025-11-25
2025-11-26 03:42:51,716 - NSE trading days used: 20251119T, 20251120T, 20251121T, 20251124T, 20251125T
2025-11-26 03:42:51,717 - RSRATING.csv (NSE) generated → RS_Data/RSRATING.csv
2025-11-26 03:42:51,717 - NSE RS calculation completed. 3261 tickers, 3226 with valid RS.
2025-11-26 06:10:45,285 - Starting NSE India RS calculation
2025-11-26 06:10:45,286 - Missing RS debug log: logs/debug_rs/Missing_RS.log
2025-11-26 06:10:45,289 - Found 3262 symbols in tmp/arctic_db
2025-11-26 06:10:45,312 - Metadata loaded: 3,262 tickers
2025-11-26 06:10:45,312 - Starting RS calculation for 3262 tickers vs ^NSEI
2025-11-26 06:11:03,229 - Latest market date (NSE): 2025-11-26
2025-11-26 06:11:03,237 - NSE trading days used: 20251120T, 20251121T, 20251124T, 20251125T, 20251126T
2025-11-26 06:11:03,238 - RSRATING.csv (NSE) generated → RS_Data/RSRATING.csv
2025-11-26 06:11:03,238 - NSE RS calculation completed. 3261 tickers, 3226 with valid RS.
2025-11-27 03:02:11,331 - Starting NSE India RS calculation
2025-11-27 03:02:11,332 - Missing RS debug log: logs/debug_rs/Missing_RS.log
2025-11-27 03:02:11,335 - Found 3183 symbols in tmp/arctic_db
2025-11-27 03:02:11,364 - Metadata loaded: 3,183 tickers
2025-11-27 03:02:11,364 - Starting RS calculation for 3183 tickers vs ^NSEI
2025-11-27 03:02:28,244 - Latest market date (NSE): 2025-11-26
2025-11-27 03:02:28,251 - NSE trading days used: 20251120T, 20251121T, 20251124T, 20251125T, 20251126T
2025-11-27 03:02:28,252 - RSRATING.csv (NSE) generated → RS_Data/RSRATING.csv
2025-11-27 03:02:28,252 - NSE RS calculation completed. 3182 tickers, 3156 with valid RS.
2025-11-27 18:28:11,662 - Starting NSE India RS calculation
2025-11-27 18:28:11,662 - Missing RS debug log: logs/debug_rs/Missing_RS.log
2025-11-27 18:28:11,666 - Found 3183 symbols in tmp/arctic_db
2025-11-27 18:28:11,686 - Metadata loaded: 3,183 tickers
2025-11-27 18:28:11,687 - Starting RS calculation for 3183 tickers vs ^NSEI
2025-11-27 18:28:28,857 - Latest market date (NSE): 2025-11-27
2025-11-27 18:28:28,865 - NSE trading days used: 20251121T, 20251124T, 20251125T, 20251126T, 20251127T
2025-11-27 18:28:28,866 - RSRATING.csv (NSE) generated → RS_Data/RSRATING.csv
2025-11-27 18:28:28,866 - NSE RS calculation completed. 3182 tickers, 3156 with valid RS.
2025-11-28 15:02:24,845 - Starting NSE India RS calculation
2025-11-28 15:02:24,845 - Missing RS debug log: logs/debug_rs/Missing_RS.log
2025-11-28 15:02:24,849 - Found 3171 symbols in tmp/arctic_db
2025-11-28 15:02:24,870 - Metadata loaded: 3,171 tickers
2025-11-28 15:02:24,870 - Starting RS calculation for 3171 tickers vs ^NSEI
2025-11-28 15:02:41,864 - Latest market date (NSE): 2025-11-28
2025-11-28 15:02:41,872 - NSE trading days used: 20251124T, 20251125T, 20251126T, 20251127T, 20251128T
2025-11-28 15:02:41,872 - RSRATING.csv (NSE) generated → RS_Data/RSRATING.csv
2025-11-28 15:02:41,873 - NSE RS calculation completed. 3170 tickers, 3146 with valid RS.
2025-12-01 15:11:15,035 - Starting NSE India RS calculation
2025-12-01 15:11:15,035 - Missing RS debug log: logs/debug_rs/Missing_RS.log
2025-12-01 15:11:15,039 - Found 3165 symbols in tmp/arctic_db
2025-12-01 15:11:15,061 - Metadata loaded: 3,165 tickers
2025-12-01 15:11:15,061 - Starting RS calculation for 3165 tickers vs ^NSEI
2025-12-01 15:11:29,063 - Latest market date (NSE): 2025-12-01
2025-12-01 15:11:29,070 - NSE trading days used: 20251125T, 20251126T, 20251127T, 20251128T, 20251201T
2025-12-01 15:11:29,071 - RSRATING.csv (NSE) generated → RS_Data/RSRATING.csv
2025-12-01 15:11:29,071 - NSE RS calculation completed. 3164 tickers, 3130 with valid RS.
2025-12-05 21:14:56,533 - Starting NSE India RS calculation
2025-12-05 21:14:56,533 - Missing RS debug log: logs/debug_rs/Missing_RS.log
2025-12-05 21:14:56,537 - Found 3176 symbols in tmp/arctic_db
2025-12-05 21:14:56,558 - Metadata loaded: 3,176 tickers
2025-12-05 21:14:56,558 - Starting RS calculation for 3176 tickers vs ^NSEI
2025-12-05 21:15:09,207 - Latest market date (NSE): 2025-12-05
2025-12-05 21:15:09,214 - NSE trading days used: 20251201T, 20251202T, 20251203T, 20251204T, 20251205T
2025-12-05 21:15:09,215 - RSRATING.csv (NSE) generated → RS_Data/RSRATING.csv
2025-12-05 21:15:09,215 - NSE RS calculation completed. 3175 tickers, 3159 with valid RS.
2025-12-13 20:44:41,874 - Starting NSE India RS calculation
2025-12-13 20:44:41,874 - Missing RS debug log: logs/debug_rs/Missing_RS.log
2025-12-13 20:44:41,877 - Found 3210 symbols in tmp/arctic_db
2025-12-13 20:44:41,899 - Metadata loaded: 3,210 tickers
2025-12-13 20:44:41,899 - Starting RS calculation for 3210 tickers vs ^NSEI
2025-12-13 20:44:54,745 - Latest market date (NSE): 2025-12-12
2025-12-13 20:44:54,752 - NSE trading days used: 20251208T, 20251209T, 20251210T, 20251211T, 20251212T
2025-12-13 20:44:54,753 - RSRATING.csv (NSE) generated → RS_Data/RSRATING.csv
2025-12-13 20:44:54,753 - NSE RS calculation completed. 3209 tickers, 3194 with valid RS.
2025-12-15 09:45:10,835 - Starting NSE India RS calculation
2025-12-15 09:45:10,835 - Missing RS debug log: logs/debug_rs/Missing_RS.log
2025-12-15 09:45:10,839 - Found 3119 symbols in tmp/arctic_db
2025-12-15 09:45:10,860 - Metadata loaded: 3,119 tickers
2025-12-15 09:45:10,860 - Starting RS calculation for 3119 tickers vs ^NSEI
2025-12-15 09:45:24,902 - Latest market date (NSE): 2025-12-15
2025-12-15 09:45:24,910 - NSE trading days used: 20251209T, 20251210T, 20251211T, 20251212T, 20251215T
2025-12-15 09:45:24,910 - RSRATING.csv (NSE) generated → RS_Data/RSRATING.csv
2025-12-15 09:45:24,910 - NSE RS calculation completed. 3118 tickers, 3094 with valid RS.
2025-12-15 13:22:12,680 - Starting NSE India RS calculation
2025-12-15 13:22:12,681 - Missing RS debug log: logs/debug_rs/Missing_RS.log
2025-12-15 13:22:12,684 - Found 3145 symbols in tmp/arctic_db
2025-12-15 13:22:12,706 - Metadata loaded: 3,145 tickers
2025-12-15 13:22:12,706 - Starting RS calculation for 3145 tickers vs ^NSEI
2025-12-15 13:22:26,832 - Latest market date (NSE): 2025-12-15
2025-12-15 13:22:26,839 - NSE trading days used: 20251209T, 20251210T, 20251211T, 20251212T, 20251215T
2025-12-15 13:22:26,840 - RSRATING.csv (NSE) generated → RS_Data/RSRATING.csv
2025-12-15 13:22:26,840 - NSE RS calculation completed. 3144 tickers, 3119 with valid RS.
2025-12-16 13:41:25,755 - Starting NSE India RS calculation
2025-12-16 13:41:25,755 - Missing RS debug log: logs/debug_rs/Missing_RS.log
2025-12-16 13:41:25,759 - Found 3213 symbols in tmp/arctic_db
2025-12-16 13:41:25,780 - Metadata loaded: 3,213 tickers
2025-12-16 13:41:25,780 - Starting RS calculation for 3213 tickers vs ^NSEI
2025-12-16 13:41:40,287 - Latest market date (NSE): 2025-12-16
2025-12-16 13:41:40,294 - NSE trading days used: 20251210T, 20251211T, 20251212T, 20251215T, 20251216T
2025-12-16 13:41:40,295 - RSRATING.csv (NSE) generated → RS_Data/RSRATING.csv
2025-12-16 13:41:40,295 - NSE RS calculation completed. 3212 tickers, 3189 with valid RS.
2025-12-17 13:37:40,691 - Starting NSE India RS calculation
2025-12-17 13:37:40,691 - Missing RS debug log: logs/debug_rs/Missing_RS.log
2025-12-17 13:37:40,695 - Found 3181 symbols in tmp/arctic_db
2025-12-17 13:37:40,717 - Metadata loaded: 3,181 tickers
2025-12-17 13:37:40,718 - Starting RS calculation for 3181 tickers vs ^NSEI
2025-12-17 13:37:55,286 - Latest market date (NSE): 2025-12-17
2025-12-17 13:37:55,293 - NSE trading days used: 20251211T, 20251212T, 20251215T, 20251216T, 20251217T
2025-12-17 13:37:55,294 - RSRATING.csv (NSE) generated → RS_Data/RSRATING.csv
2025-12-17 13:37:55,294 - NSE RS calculation completed. 3180 tickers, 3167 with valid RS.
2025-12-17 14:38:14,525 - Starting NSE India RS calculation
2025-12-17 14:38:14,526 - Missing RS debug log: logs/debug_rs/Missing_RS.log
2025-12-17 14:38:14,530 - Found 3181 symbols in tmp/arctic_db
2025-12-17 14:38:14,553 - Metadata loaded: 3,181 tickers
2025-12-17 14:38:14,553 - Starting RS calculation for 3181 tickers vs ^NSEI
2025-12-17 14:38:28,961 - Latest market date (NSE): 2025-12-17
2025-12-17 14:38:28,969 - NSE trading days used: 20251211T, 20251212T, 20251215T, 20251216T, 20251217T
2025-12-17 14:38:28,969 - RSRATING.csv (NSE) generated → RS_Data/RSRATING.csv
2025-12-17 14:38:28,969 - NSE RS calculation completed. 3180 tickers, 3167 with valid RS.
2025-12-18 14:31:21,470 - Starting NSE India RS calculation
2025-12-18 14:31:21,471 - Missing RS debug log: logs/debug_rs/Missing_RS.log
2025-12-18 14:31:21,474 - Found 3172 symbols in tmp/arctic_db
2025-12-18 14:31:21,497 - Metadata loaded: 3,172 tickers
2025-12-18 14:31:21,497 - Starting RS calculation for 3172 tickers vs ^NSEI
2025-12-18 14:31:36,864 - Latest market date (NSE): 2025-12-18
2025-12-18 14:31:36,865 - NSE calendar failed: Class NSE is not one of the registered classes: dict_keys(['TradingCalendar', 'AIXK', 'ASEX', 'BVMF', 'XCYS', 'CMES', 'IEPA', 'XAMS', 'XASX', 'XBEL', 'XBDA', 'XBKK', 'XBOG', 'XBOM', 'XBRU', 'XBSE', 'XBUD', 'XBUE', 'XBRA', 'XCBF', 'XCSE', 'XDUB', 'XDUS', 'XEEE', 'XFRA', 'XETR', 'XHAM', 'XHEL', 'XHKG', 'XICE', 'XIDX', 'XIST', 'XJSE', 'XKAR', 'XKLS', 'XKRX', 'XLIM', 'XLIS', 'XLIT', 'XLJU', 'XLON', 'XLUX', 'XMAD', 'XMEX', 'XMIL', 'XMOS', 'XNYS', 'XNZE', 'XOSL', 'XPAR', 'XPHS', 'XPRA', 'XRIS', 'XSAU', 'XSES', 'XSGO', 'XSHG', 'XSTO', 'XSWX', 'XTAE', 'XTAI', 'XTAL', 'XTKS', 'XTSE', 'XWAR', 'XWBO', 'XZAG', 'us_futures', '24/7', '24/5'])
2025-12-18 14:31:36,874 - NSE trading days used: 20251212T, 20251215T, 20251216T, 20251217T, 20251218T
2025-12-18 14:31:36,875 - RSRATING.csv (NSE) generated → RS_Data/RSRATING.csv
2025-12-18 14:31:36,875 - NSE RS calculation completed. 3171 tickers, 3158 with valid RS.
2025-12-18 16:38:51,893 - Starting NSE India RS calculation
2025-12-18 16:38:51,893 - Missing RS debug log: logs/debug_rs/Missing_RS.log
2025-12-18 16:38:51,897 - Found 3172 symbols in tmp/arctic_db
2025-12-18 16:38:51,919 - Metadata loaded: 3,172 tickers
2025-12-18 16:38:51,919 - Starting RS calculation for 3172 tickers vs ^NSEI
2025-12-18 16:39:06,335 - Latest market date (NSE): 2025-12-18
2025-12-18 16:39:06,335 - NSE calendar failed: Class NSE is not one of the registered classes: dict_keys(['TradingCalendar', 'AIXK', 'ASEX', 'BVMF', 'XCYS', 'CMES', 'IEPA', 'XAMS', 'XASX', 'XBEL', 'XBDA', 'XBKK', 'XBOG', 'XBOM', 'XBRU', 'XBSE', 'XBUD', 'XBUE', 'XBRA', 'XCBF', 'XCSE', 'XDUB', 'XDUS', 'XEEE', 'XFRA', 'XETR', 'XHAM', 'XHEL', 'XHKG', 'XICE', 'XIDX', 'XIST', 'XJSE', 'XKAR', 'XKLS', 'XKRX', 'XLIM', 'XLIS', 'XLIT', 'XLJU', 'XLON', 'XLUX', 'XMAD', 'XMEX', 'XMIL', 'XMOS', 'XNYS', 'XNZE', 'XOSL', 'XPAR', 'XPHS', 'XPRA', 'XRIS', 'XSAU', 'XSES', 'XSGO', 'XSHG', 'XSTO', 'XSWX', 'XTAE', 'XTAI', 'XTAL', 'XTKS', 'XTSE', 'XWAR', 'XWBO', 'XZAG', 'us_futures', '24/7', '24/5'])
2025-12-18 16:39:06,343 - NSE trading days used: 20251212T, 20251215T, 20251216T, 20251217T, 20251218T
2025-12-18 16:39:06,344 - RSRATING.csv (NSE) generated → RS_Data/RSRATING.csv
2025-12-18 16:39:06,344 - NSE RS calculation completed. 3171 tickers, 3157 with valid RS.
2025-12-19 14:31:18,204 - Starting NSE India RS calculation
2025-12-19 14:31:18,205 - Missing RS debug log: logs/debug_rs/Missing_RS.log
2025-12-19 14:31:18,208 - Found 3177 symbols in tmp/arctic_db
2025-12-19 14:31:18,228 - Metadata loaded: 3,177 tickers
2025-12-19 14:31:18,229 - Starting RS calculation for 3177 tickers vs ^NSEI
2025-12-19 14:31:31,440 - Latest market date (NSE): 2025-12-19
2025-12-19 14:31:31,447 - NSE trading days used: 20251215T, 20251216T, 20251217T, 20251218T, 20251219T
2025-12-19 14:31:31,448 - RSRATING.csv (NSE) generated → RS_Data/RSRATING.csv
2025-12-19 14:31:31,448 - NSE RS calculation completed. 3176 tickers, 3163 with valid RS.
2025-12-22 14:29:44,556 - Starting NSE India RS calculation
2025-12-22 14:29:44,556 - Missing RS debug log: logs/debug_rs/Missing_RS.log
2025-12-22 14:29:44,560 - Found 3152 symbols in tmp/arctic_db
2025-12-22 14:29:44,580 - Metadata loaded: 3,152 tickers
2025-12-22 14:29:44,580 - Starting RS calculation for 3152 tickers vs ^NSEI
2025-12-22 14:29:59,246 - Latest market date (NSE): 2025-12-22
2025-12-22 14:29:59,253 - NSE trading days used: 20251216T, 20251217T, 20251218T, 20251219T, 20251222T
2025-12-22 14:29:59,254 - RSRATING.csv (NSE) generated → RS_Data/RSRATING.csv
2025-12-22 14:29:59,254 - NSE RS calculation completed. 3151 tickers, 3132 with valid RS.
2025-12-23 14:30:03,330 - Starting NSE India RS calculation
2025-12-23 14:30:03,330 - Missing RS debug log: logs/debug_rs/Missing_RS.log
2025-12-23 14:30:03,333 - Found 3209 symbols in tmp/arctic_db
2025-12-23 14:30:03,355 - Metadata loaded: 3,209 tickers
2025-12-23 14:30:03,355 - Starting RS calculation for 3209 tickers vs ^NSEI
2025-12-23 14:30:17,904 - Latest market date (NSE): 2025-12-23
2025-12-23 14:30:17,911 - NSE trading days used: 20251217T, 20251218T, 20251219T, 20251222T, 20251223T
2025-12-23 14:30:17,912 - RSRATING.csv (NSE) generated → RS_Data/RSRATING.csv
2025-12-23 14:30:17,912 - NSE RS calculation completed. 3208 tickers, 3188 with valid RS.
2025-12-24 03:38:29,505 - Starting NSE India RS calculation
2025-12-24 03:38:29,505 - Missing RS debug log: logs/debug_rs/Missing_RS.log
2025-12-24 03:38:29,509 - Found 3246 symbols in tmp/arctic_db
2025-12-24 03:38:29,531 - Metadata loaded: 3,246 tickers
2025-12-24 03:38:29,531 - Starting RS calculation for 3246 tickers vs ^NSEI
2025-12-24 03:38:45,549 - Latest market date (NSE): 2025-12-23
2025-12-24 03:38:45,557 - NSE trading days used: 20251217T, 20251218T, 20251219T, 20251222T, 20251223T
2025-12-24 03:38:45,558 - RSRATING.csv (NSE) generated → RS_Data/RSRATING.csv
2025-12-24 03:38:45,558 - NSE RS calculation completed. 3245 tickers, 3224 with valid RS.
2025-12-24 14:29:45,215 - Starting NSE India RS calculation
2025-12-24 14:29:45,216 - Missing RS debug log: logs/debug_rs/Missing_RS.log
2025-12-24 14:29:45,219 - Found 3178 symbols in tmp/arctic_db
2025-12-24 14:29:45,241 - Metadata loaded: 3,178 tickers
2025-12-24 14:29:45,242 - Starting RS calculation for 3178 tickers vs ^NSEI
2025-12-24 14:29:59,390 - Latest market date (NSE): 2025-12-24
2025-12-24 14:29:59,398 - NSE trading days used: 20251218T, 20251219T, 20251222T, 20251223T, 20251224T
2025-12-24 14:29:59,398 - RSRATING.csv (NSE) generated → RS_Data/RSRATING.csv
2025-12-24 14:29:59,398 - NSE RS calculation completed. 3177 tickers, 3164 with valid RS.
2025-12-25 14:28:12,412 - Starting NSE India RS calculation
2025-12-25 14:28:12,412 - Missing RS debug log: logs/debug_rs/Missing_RS.log
2025-12-25 14:28:12,416 - Found 3103 symbols in tmp/arctic_db
2025-12-25 14:28:12,439 - Metadata loaded: 3,103 tickers
2025-12-25 14:28:12,439 - Starting RS calculation for 3103 tickers vs ^NSEI
2025-12-25 14:28:26,528 - Latest market date (NSE): 2025-12-24
2025-12-25 14:28:26,536 - NSE trading days used: 20251218T, 20251219T, 20251222T, 20251223T, 20251224T
2025-12-25 14:28:26,536 - RSRATING.csv (NSE) generated → RS_Data/RSRATING.csv
2025-12-25 14:28:26,536 - NSE RS calculation completed. 3102 tickers, 3092 with valid RS.
2025-12-26 14:28:57,144 - Starting NSE India RS calculation
2025-12-26 14:28:57,144 - Missing RS debug log: logs/debug_rs/Missing_RS.log
2025-12-26 14:28:57,148 - Found 3124 symbols in tmp/arctic_db
2025-12-26 14:28:57,168 - Metadata loaded: 3,124 tickers
2025-12-26 14:28:57,169 - Starting RS calculation for 3124 tickers vs ^NSEI
2025-12-26 14:29:11,070 - Latest market date (NSE): 2025-12-26
2025-12-26 14:29:11,077 - NSE trading days used: 20251222T, 20251223T, 20251224T, 20251225T, 20251226T
2025-12-26 14:29:11,077 - RSRATING.csv (NSE) generated → RS_Data/RSRATING.csv
2025-12-26 14:29:11,077 - NSE RS calculation completed. 3123 tickers, 3113 with valid RS.
2025-12-29 14:29:46,711 - Starting NSE India RS calculation
2025-12-29 14:29:46,712 - Missing RS debug log: logs/debug_rs/Missing_RS.log
2025-12-29 14:29:46,715 - Found 3179 symbols in tmp/arctic_db
2025-12-29 14:29:46,737 - Metadata loaded: 3,179 tickers
2025-12-29 14:29:46,737 - Starting RS calculation for 3179 tickers vs ^NSEI
2025-12-29 14:30:01,318 - Latest market date (NSE): 2025-12-29
2025-12-29 14:30:01,327 - NSE trading days used: 20251223T, 20251224T, 20251225T, 20251226T, 20251229T
2025-12-29 14:30:01,327 - RSRATING.csv (NSE) generated → RS_Data/RSRATING.csv
2025-12-29 14:30:01,327 - NSE RS calculation completed. 3178 tickers, 3160 with valid RS.
2025-12-30 14:29:49,235 - Starting NSE India RS calculation
2025-12-30 14:29:49,235 - Missing RS debug log: logs/debug_rs/Missing_RS.log
2025-12-30 14:29:49,239 - Found 3228 symbols in tmp/arctic_db
2025-12-30 14:29:49,261 - Metadata loaded: 3,228 tickers
2025-12-30 14:29:49,261 - Starting RS calculation for 3228 tickers vs ^NSEI
2025-12-30 14:30:03,862 - Latest market date (NSE): 2025-12-30
2025-12-30 14:30:03,869 - NSE trading days used: 20251224T, 20251225T, 20251226T, 20251229T, 20251230T
2025-12-30 14:30:03,870 - RSRATING.csv (NSE) generated → RS_Data/RSRATING.csv
2025-12-30 14:30:03,870 - NSE RS calculation completed. 3227 tickers, 3211 with valid RS.
2025-12-31 03:42:23,287 - Starting NSE India RS calculation
2025-12-31 03:42:23,287 - Missing RS debug log: logs/debug_rs/Missing_RS.log
2025-12-31 03:42:23,291 - Found 3257 symbols in tmp/arctic_db
2025-12-31 03:42:23,314 - Metadata loaded: 3,257 tickers
2025-12-31 03:42:23,314 - Starting RS calculation for 3257 tickers vs ^NSEI
2025-12-31 03:42:38,128 - Latest market date (NSE): 2025-12-30
2025-12-31 03:42:38,136 - NSE trading days used: 20251224T, 20251225T, 20251226T, 20251229T, 20251230T
2025-12-31 03:42:38,136 - RSRATING.csv (NSE) generated → RS_Data/RSRATING.csv
2025-12-31 03:42:38,136 - NSE RS calculation completed. 3256 tickers, 3239 with valid RS.
2026-01-01 14:29:20,467 - Starting NSE India RS calculation
2026-01-01 14:29:20,468 - Missing RS debug log: logs/debug_rs/Missing_RS.log
2026-01-01 14:29:20,473 - Found 3189 symbols in tmp/arctic_db
2026-01-01 14:29:20,498 - Metadata loaded: 3,189 tickers
2026-01-01 14:29:20,498 - Starting RS calculation for 3189 tickers vs ^NSEI
2026-01-01 14:29:34,842 - Latest market date (NSE): 2026-01-01
2026-01-01 14:29:34,849 - NSE trading days used: 20251226T, 20251229T, 20251230T, 20251231T, 20260101T
2026-01-01 14:29:34,850 - RSRATING.csv (NSE) generated → RS_Data/RSRATING.csv
2026-01-01 14:29:34,850 - NSE RS calculation completed. 3188 tickers, 3174 with valid RS.
2026-01-02 14:28:45,344 - Starting NSE India RS calculation
2026-01-02 14:28:45,344 - Missing RS debug log: logs/debug_rs/Missing_RS.log
2026-01-02 14:28:45,348 - Found 3190 symbols in tmp/arctic_db
2026-01-02 14:28:45,370 - Metadata loaded: 3,190 tickers
2026-01-02 14:28:45,370 - Starting RS calculation for 3190 tickers vs ^NSEI
2026-01-02 14:29:00,172 - Latest market date (NSE): 2026-01-02
2026-01-02 14:29:00,179 - NSE trading days used: 20251229T, 20251230T, 20251231T, 20260101T, 20260102T
2026-01-02 14:29:00,180 - RSRATING.csv (NSE) generated → RS_Data/RSRATING.csv
2026-01-02 14:29:00,180 - NSE RS calculation completed. 3189 tickers, 3176 with valid RS.
2026-01-02 14:43:18,925 - Starting NSE India RS calculation
2026-01-02 14:43:18,925 - Missing RS debug log: logs/debug_rs/Missing_RS.log
2026-01-02 14:43:18,929 - Found 3189 symbols in tmp/arctic_db
2026-01-02 14:43:18,952 - Metadata loaded: 3,190 tickers
2026-01-02 14:43:18,952 - Starting RS calculation for 3189 tickers vs ^NSEI
2026-01-02 14:43:33,841 - Latest market date (NSE): 2026-01-02
2026-01-02 14:43:33,849 - NSE trading days used: 20251229T, 20251230T, 20251231T, 20260101T, 20260102T
2026-01-02 14:43:33,850 - RSRATING.csv (NSE) generated → RS_Data/RSRATING.csv
2026-01-02 14:43:33,850 - NSE RS calculation completed. 3188 tickers, 3175 with valid RS.
2026-01-05 14:34:24,851 - Starting NSE India RS calculation
2026-01-05 14:34:24,852 - Missing RS debug log: logs/debug_rs/Missing_RS.log
2026-01-05 14:34:24,855 - Found 3159 symbols in tmp/arctic_db
2026-01-05 14:34:24,877 - Metadata loaded: 3,159 tickers
2026-01-05 14:34:24,877 - Starting RS calculation for 3159 tickers vs ^NSEI
2026-01-05 14:34:39,199 - Latest market date (NSE): 2026-01-05
2026-01-05 14:34:39,207 - NSE trading days used: 20251230T, 20251231T, 20260101T, 20260102T, 20260105T
2026-01-05 14:34:39,207 - RSRATING.csv (NSE) generated → RS_Data/RSRATING.csv
2026-01-05 14:34:39,207 - NSE RS calculation completed. 3158 tickers, 3138 with valid RS.
2026-01-06 14:31:26,344 - Starting NSE India RS calculation
2026-01-06 14:31:26,345 - Missing RS debug log: logs/debug_rs/Missing_RS.log
2026-01-06 14:31:26,348 - Found 3225 symbols in tmp/arctic_db
2026-01-06 14:31:26,370 - Metadata loaded: 3,225 tickers
2026-01-06 14:31:26,370 - Starting RS calculation for 3225 tickers vs ^NSEI
2026-01-06 14:31:41,291 - Latest market date (NSE): 2026-01-06
2026-01-06 14:31:41,298 - NSE trading days used: 20251231T, 20260101T, 20260102T, 20260105T, 20260106T
2026-01-06 14:31:41,299 - RSRATING.csv (NSE) generated → RS_Data/RSRATING.csv
2026-01-06 14:31:41,299 - NSE RS calculation completed. 3224 tickers, 3206 with valid RS.
2026-01-07 14:33:22,361 - Starting NSE India RS calculation
2026-01-07 14:33:22,362 - Missing RS debug log: logs/debug_rs/Missing_RS.log
2026-01-07 14:33:22,365 - Found 3191 symbols in tmp/arctic_db
2026-01-07 14:33:22,389 - Metadata loaded: 3,191 tickers
2026-01-07 14:33:22,389 - Starting RS calculation for 3191 tickers vs ^NSEI
2026-01-07 14:33:37,810 - Latest market date (NSE): 2026-01-07
2026-01-07 14:33:37,818 - NSE trading days used: 20260101T, 20260102T, 20260105T, 20260106T, 20260107T
2026-01-07 14:33:37,819 - RSRATING.csv (NSE) generated → RS_Data/RSRATING.csv
2026-01-07 14:33:37,819 - NSE RS calculation completed. 3190 tickers, 3180 with valid RS.
2026-01-08 14:32:44,700 - Starting NSE India RS calculation
2026-01-08 14:32:44,700 - Missing RS debug log: logs/debug_rs/Missing_RS.log
2026-01-08 14:32:44,704 - Found 3197 symbols in tmp/arctic_db
2026-01-08 14:32:44,726 - Metadata loaded: 3,197 tickers
2026-01-08 14:32:44,726 - Starting RS calculation for 3197 tickers vs ^NSEI
2026-01-08 14:32:59,271 - Latest market date (NSE): 2026-01-08
2026-01-08 14:32:59,278 - NSE trading days used: 20260102T, 20260105T, 20260106T, 20260107T, 20260108T
2026-01-08 14:32:59,279 - RSRATING.csv (NSE) generated → RS_Data/RSRATING.csv
2026-01-08 14:32:59,279 - NSE RS calculation completed. 3196 tickers, 3186 with valid RS.
2026-01-09 14:34:43,102 - Starting NSE India RS calculation
2026-01-09 14:34:43,102 - Missing RS debug log: logs/debug_rs/Missing_RS.log
2026-01-09 14:34:43,106 - Found 3202 symbols in tmp/arctic_db
2026-01-09 14:34:43,128 - Metadata loaded: 3,202 tickers
2026-01-09 14:34:43,129 - Starting RS calculation for 3202 tickers vs ^NSEI
2026-01-09 14:34:58,994 - Latest market date (NSE): 2026-01-09
2026-01-09 14:34:59,002 - NSE trading days used: 20260105T, 20260106T, 20260107T, 20260108T, 20260109T
2026-01-09 14:34:59,003 - RSRATING.csv (NSE) generated → RS_Data/RSRATING.csv
2026-01-09 14:34:59,003 - NSE RS calculation completed. 3201 tickers, 3190 with valid RS.
2026-01-12 14:34:56,851 - Starting NSE India RS calculation
2026-01-12 14:34:56,851 - Missing RS debug log: logs/debug_rs/Missing_RS.log
2026-01-12 14:34:56,855 - Found 3164 symbols in tmp/arctic_db
2026-01-12 14:34:56,878 - Metadata loaded: 3,166 tickers
2026-01-12 14:34:56,878 - Starting RS calculation for 3164 tickers vs ^NSEI
2026-01-12 14:35:11,724 - Latest market date (NSE): 2026-01-12
2026-01-12 14:35:11,731 - NSE trading days used: 20260106T, 20260107T, 20260108T, 20260109T, 20260112T
2026-01-12 14:35:11,732 - RSRATING.csv (NSE) generated → RS_Data/RSRATING.csv
2026-01-12 14:35:11,732 - NSE RS calculation completed. 3163 tickers, 3145 with valid RS.
2026-01-13 14:35:29,885 - Starting NSE India RS calculation
2026-01-13 14:35:29,885 - Missing RS debug log: logs/debug_rs/Missing_RS.log
2026-01-13 14:35:29,889 - Found 2406 symbols in tmp/arctic_db
2026-01-13 14:35:29,907 - Metadata loaded: 2,406 tickers
2026-01-13 14:35:29,907 - Starting RS calculation for 2406 tickers vs ^NSEI
2026-01-13 14:35:41,365 - Latest market date (NSE): 2026-01-13
2026-01-13 14:35:41,373 - NSE trading days used: 20260107T, 20260108T, 20260109T, 20260112T, 20260113T
2026-01-13 14:35:41,373 - RSRATING.csv (NSE) generated → RS_Data/RSRATING.csv
2026-01-13 14:35:41,374 - NSE RS calculation completed. 2405 tickers, 2392 with valid RS.
2026-01-14 14:35:15,780 - Starting NSE India RS calculation
2026-01-14 14:35:15,781 - Missing RS debug log: logs/debug_rs/Missing_RS.log
2026-01-14 14:35:15,784 - Found 3192 symbols in tmp/arctic_db
2026-01-14 14:35:15,808 - Metadata loaded: 3,193 tickers
2026-01-14 14:35:15,808 - Starting RS calculation for 3192 tickers vs ^NSEI
2026-01-14 14:35:30,958 - Latest market date (NSE): 2026-01-14
2026-01-14 14:35:30,966 - NSE trading days used: 20260108T, 20260109T, 20260112T, 20260113T, 20260114T
2026-01-14 14:35:30,967 - RSRATING.csv (NSE) generated → RS_Data/RSRATING.csv
2026-01-14 14:35:30,967 - NSE RS calculation completed. 3191 tickers, 3181 with valid RS.
2026-01-15 14:43:14,525 - Starting NSE India RS calculation
2026-01-15 14:43:14,526 - Missing RS debug log: logs/debug_rs/Missing_RS.log
2026-01-15 14:43:14,529 - Found 3121 symbols in tmp/arctic_db
2026-01-15 14:43:14,552 - Metadata loaded: 3,121 tickers
2026-01-15 14:43:14,552 - Starting RS calculation for 3121 tickers vs ^NSEI
2026-01-15 14:43:28,735 - Latest market date (NSE): 2026-01-14
2026-01-15 14:43:28,742 - NSE trading days used: 20260108T, 20260109T, 20260112T, 20260113T, 20260114T
2026-01-15 14:43:28,743 - RSRATING.csv (NSE) generated → RS_Data/RSRATING.csv
2026-01-15 14:43:28,743 - NSE RS calculation completed. 3120 tickers, 3111 with valid RS.
2026-01-16 14:32:40,461 - Starting NSE India RS calculation
2026-01-16 14:32:40,461 - Missing RS debug log: logs/debug_rs/Missing_RS.log
2026-01-16 14:32:40,464 - Found 2941 symbols in tmp/arctic_db
2026-01-16 14:32:40,487 - Metadata loaded: 3,141 tickers
2026-01-16 14:32:40,487 - Starting RS calculation for 2941 tickers vs ^NSEI
2026-01-16 14:32:52,955 - Latest market date (NSE): 2026-01-16
2026-01-16 14:32:52,962 - NSE trading days used: 20260112T, 20260113T, 20260114T, 20260115T, 20260116T
2026-01-16 14:32:52,962 - RSRATING.csv (NSE) generated → RS_Data/RSRATING.csv
2026-01-16 14:32:52,963 - NSE RS calculation completed. 2940 tickers, 2929 with valid RS.
2026-01-19 14:36:23,923 - Starting NSE India RS calculation
2026-01-19 14:36:23,923 - Missing RS debug log: logs/debug_rs/Missing_RS.log
2026-01-19 14:36:23,927 - Found 3159 symbols in tmp/arctic_db
2026-01-19 14:36:23,949 - Metadata loaded: 3,159 tickers
2026-01-19 14:36:23,949 - Starting RS calculation for 3159 tickers vs ^NSEI
2026-01-19 14:36:38,300 - Latest market date (NSE): 2026-01-19
2026-01-19 14:36:38,308 - NSE trading days used: 20260113T, 20260114T, 20260115T, 20260116T, 20260119T
2026-01-19 14:36:38,309 - RSRATING.csv (NSE) generated → RS_Data/RSRATING.csv
2026-01-19 14:36:38,309 - NSE RS calculation completed. 3158 tickers, 3142 with valid RS.
2026-01-20 14:39:54,010 - Starting NSE India RS calculation
2026-01-20 14:39:54,010 - Missing RS debug log: logs/debug_rs/Missing_RS.log
2026-01-20 14:39:54,013 - Found 3226 symbols in tmp/arctic_db
2026-01-20 14:39:54,034 - Metadata loaded: 3,226 tickers
2026-01-20 14:39:54,034 - Starting RS calculation for 3226 tickers vs ^NSEI
2026-01-20 14:40:07,279 - Latest market date (NSE): 2026-01-20
2026-01-20 14:40:07,287 - NSE trading days used: 20260114T, 20260115T, 20260116T, 20260119T, 20260120T
2026-01-20 14:40:07,287 - RSRATING.csv (NSE) generated → RS_Data/RSRATING.csv
2026-01-20 14:40:07,287 - NSE RS calculation completed. 3225 tickers, 3209 with valid RS.
2026-01-28 14:38:37,643 - Starting NSE India RS calculation
2026-01-28 14:38:37,643 - Missing RS debug log: logs/debug_rs/Missing_RS.log
2026-01-28 14:38:37,647 - Found 3217 symbols in tmp/arctic_db
2026-01-28 14:38:37,669 - Metadata loaded: 3,217 tickers
2026-01-28 14:38:37,669 - Starting RS calculation for 3217 tickers vs ^NSEI
2026-01-28 14:38:52,506 - Latest market date (NSE): 2026-01-28
2026-01-28 14:38:52,514 - NSE trading days used: 20260121T, 20260122T, 20260123T, 20260127T, 20260128T
2026-01-28 14:38:52,514 - RSRATING.csv (NSE) generated → RS_Data/RSRATING.csv
2026-01-28 14:38:52,514 - NSE RS calculation completed. 3216 tickers, 3198 with valid RS.
2026-01-29 14:47:26,013 - Starting NSE India RS calculation
2026-01-29 14:47:26,014 - Missing RS debug log: logs/debug_rs/Missing_RS.log
2026-01-29 14:47:26,017 - Found 3190 symbols in tmp/arctic_db
2026-01-29 14:47:26,040 - Metadata loaded: 3,190 tickers
2026-01-29 14:47:26,040 - Starting RS calculation for 3190 tickers vs ^NSEI
2026-01-29 14:47:40,637 - Latest market date (NSE): 2026-01-29
2026-01-29 14:47:40,645 - NSE trading days used: 20260122T, 20260123T, 20260127T, 20260128T, 20260129T
2026-01-29 14:47:40,646 - RSRATING.csv (NSE) generated → RS_Data/RSRATING.csv
2026-01-29 14:47:40,646 - NSE RS calculation completed. 3189 tickers, 3180 with valid RS.
2026-01-30 14:44:36,159 - Starting NSE India RS calculation
2026-01-30 14:44:36,160 - Missing RS debug log: logs/debug_rs/Missing_RS.log
2026-01-30 14:44:36,163 - Found 3175 symbols in tmp/arctic_db
2026-01-30 14:44:36,185 - Metadata loaded: 3,175 tickers
2026-01-30 14:44:36,185 - Starting RS calculation for 3175 tickers vs ^NSEI
2026-01-30 14:44:50,645 - Latest market date (NSE): 2026-01-30
2026-01-30 14:44:50,653 - NSE trading days used: 20260123T, 20260127T, 20260128T, 20260129T, 20260130T
2026-01-30 14:44:50,654 - RSRATING.csv (NSE) generated → RS_Data/RSRATING.csv
2026-01-30 14:44:50,654 - NSE RS calculation completed. 3174 tickers, 3164 with valid RS.
2026-02-02 14:49:00,800 - Starting NSE India RS calculation
2026-02-02 14:49:00,800 - Missing RS debug log: logs/debug_rs/Missing_RS.log
2026-02-02 14:49:00,804 - Found 3199 symbols in tmp/arctic_db
2026-02-02 14:49:00,827 - Metadata loaded: 3,199 tickers
2026-02-02 14:49:00,827 - Starting RS calculation for 3199 tickers vs ^NSEI
2026-02-02 14:49:15,541 - Latest market date (NSE): 2026-02-02
2026-02-02 14:49:15,549 - NSE trading days used: 20260127T, 20260128T, 20260129T, 20260130T, 20260202T
2026-02-02 14:49:15,550 - RSRATING.csv (NSE) generated → RS_Data/RSRATING.csv
2026-02-02 14:49:15,550 - NSE RS calculation completed. 3198 tickers, 3182 with valid RS.
2026-02-03 14:51:07,462 - Starting NSE India RS calculation
2026-02-03 14:51:07,462 - Missing RS debug log: logs/debug_rs/Missing_RS.log
2026-02-03 14:51:07,466 - Found 3217 symbols in tmp/arctic_db
2026-02-03 14:51:07,490 - Metadata loaded: 3,217 tickers
2026-02-03 14:51:07,490 - Starting RS calculation for 3217 tickers vs ^NSEI
2026-02-03 14:51:22,840 - Latest market date (NSE): 2026-02-03
2026-02-03 14:51:22,848 - NSE trading days used: 20260128T, 20260129T, 20260130T, 20260202T, 20260203T
2026-02-03 14:51:22,849 - RSRATING.csv (NSE) generated → RS_Data/RSRATING.csv
2026-02-03 14:51:22,849 - NSE RS calculation completed. 3216 tickers, 3200 with valid RS.
2026-02-04 14:48:50,239 - Starting NSE India RS calculation
2026-02-04 14:48:50,239 - Missing RS debug log: logs/debug_rs/Missing_RS.log
2026-02-04 14:48:50,243 - Found 3184 symbols in tmp/arctic_db
2026-02-04 14:48:50,265 - Metadata loaded: 3,184 tickers
2026-02-04 14:48:50,265 - Starting RS calculation for 3184 tickers vs ^NSEI
2026-02-04 14:49:04,566 - Latest market date (NSE): 2026-02-04
2026-02-04 14:49:04,574 - NSE trading days used: 20260129T, 20260130T, 20260202T, 20260203T, 20260204T
2026-02-04 14:49:04,574 - RSRATING.csv (NSE) generated → RS_Data/RSRATING.csv
2026-02-04 14:49:04,574 - NSE RS calculation completed. 3183 tickers, 3173 with valid RS.
2026-02-05 14:52:01,552 - Starting NSE India RS calculation
2026-02-05 14:52:01,552 - Missing RS debug log: logs/debug_rs/Missing_RS.log
2026-02-05 14:52:01,556 - Found 3174 symbols in tmp/arctic_db
2026-02-05 14:52:01,577 - Metadata loaded: 3,174 tickers
2026-02-05 14:52:01,577 - Starting RS calculation for 3174 tickers vs ^NSEI
2026-02-05 14:52:16,050 - Latest market date (NSE): 2026-02-05
2026-02-05 14:52:16,058 - NSE trading days used: 20260130T, 20260202T, 20260203T, 20260204T, 20260205T
2026-02-05 14:52:16,058 - RSRATING.csv (NSE) generated → RS_Data/RSRATING.csv
2026-02-05 14:52:16,059 - NSE RS calculation completed. 3173 tickers, 3161 with valid RS.
2026-02-06 14:47:00,385 - Starting NSE India RS calculation
2026-02-06 14:47:00,386 - Missing RS debug log: logs/debug_rs/Missing_RS.log
2026-02-06 14:47:00,389 - Found 3165 symbols in tmp/arctic_db
2026-02-06 14:47:00,411 - Metadata loaded: 3,165 tickers
2026-02-06 14:47:00,412 - Starting RS calculation for 3165 tickers vs ^NSEI
2026-02-06 14:47:14,880 - Latest market date (NSE): 2026-02-06
2026-02-06 14:47:14,887 - NSE trading days used: 20260202T, 20260203T, 20260204T, 20260205T, 20260206T
2026-02-06 14:47:14,888 - RSRATING.csv (NSE) generated → RS_Data/RSRATING.csv
2026-02-06 14:47:14,888 - NSE RS calculation completed. 3164 tickers, 3154 with valid RS.
2026-02-09 14:59:59,437 - Starting NSE India RS calculation
2026-02-09 14:59:59,438 - Missing RS debug log: logs/debug_rs/Missing_RS.log
2026-02-09 14:59:59,441 - Found 3163 symbols in tmp/arctic_db
2026-02-09 14:59:59,462 - Metadata loaded: 3,163 tickers
2026-02-09 14:59:59,462 - Starting RS calculation for 3163 tickers vs ^NSEI
2026-02-09 15:00:13,967 - Latest market date (NSE): 2026-02-09
2026-02-09 15:00:13,975 - NSE trading days used: 20260203T, 20260204T, 20260205T, 20260206T, 20260209T
2026-02-09 15:00:13,976 - RSRATING.csv (NSE) generated → RS_Data/RSRATING.csv
2026-02-09 15:00:13,976 - NSE RS calculation completed. 3162 tickers, 3147 with valid RS.
2026-02-10 15:08:05,552 - Starting NSE India RS calculation
2026-02-10 15:08:05,552 - Missing RS debug log: logs/debug_rs/Missing_RS.log
2026-02-10 15:08:05,555 - Found 3219 symbols in tmp/arctic_db
2026-02-10 15:08:05,577 - Metadata loaded: 3,219 tickers
2026-02-10 15:08:05,577 - Starting RS calculation for 3219 tickers vs ^NSEI
2026-02-10 15:08:18,921 - Latest market date (NSE): 2026-02-10
2026-02-10 15:08:18,929 - NSE trading days used: 20260204T, 20260205T, 20260206T, 20260209T, 20260210T
2026-02-10 15:08:18,929 - RSRATING.csv (NSE) generated → RS_Data/RSRATING.csv
2026-02-10 15:08:18,929 - NSE RS calculation completed. 3218 tickers, 3193 with valid RS.
2026-02-11 15:01:34,894 - Starting NSE India RS calculation
2026-02-11 15:01:34,894 - Missing RS debug log: logs/debug_rs/Missing_RS.log
2026-02-11 15:01:34,898 - Found 3179 symbols in tmp/arctic_db
2026-02-11 15:01:34,924 - Metadata loaded: 3,179 tickers
2026-02-11 15:01:34,924 - Starting RS calculation for 3179 tickers vs ^NSEI
2026-02-11 15:01:49,586 - Latest market date (NSE): 2026-02-11
2026-02-11 15:01:49,594 - NSE trading days used: 20260205T, 20260206T, 20260209T, 20260210T, 20260211T
2026-02-11 15:01:49,595 - RSRATING.csv (NSE) generated → RS_Data/RSRATING.csv
2026-02-11 15:01:49,595 - NSE RS calculation completed. 3178 tickers, 3157 with valid RS.
2026-02-12 14:56:24,998 - Starting NSE India RS calculation
2026-02-12 14:56:24,998 - Missing RS debug log: logs/debug_rs/Missing_RS.log
2026-02-12 14:56:25,002 - Found 3171 symbols in tmp/arctic_db
2026-02-12 14:56:25,030 - Metadata loaded: 3,171 tickers
2026-02-12 14:56:25,030 - Starting RS calculation for 3171 tickers vs ^NSEI
2026-02-12 14:56:39,508 - Latest market date (NSE): 2026-02-12
2026-02-12 14:56:39,516 - NSE trading days used: 20260206T, 20260209T, 20260210T, 20260211T, 20260212T
2026-02-12 14:56:39,516 - RSRATING.csv (NSE) generated → RS_Data/RSRATING.csv
2026-02-12 14:56:39,516 - NSE RS calculation completed. 3170 tickers, 3154 with valid RS.
2026-02-13 14:48:48,228 - Starting NSE India RS calculation
2026-02-13 14:48:48,228 - Missing RS debug log: logs/debug_rs/Missing_RS.log
2026-02-13 14:48:48,232 - Found 3162 symbols in tmp/arctic_db
2026-02-13 14:48:48,255 - Metadata loaded: 3,162 tickers
2026-02-13 14:48:48,255 - Starting RS calculation for 3162 tickers vs ^NSEI
2026-02-13 14:49:02,723 - Latest market date (NSE): 2026-02-13
2026-02-13 14:49:02,731 - NSE trading days used: 20260209T, 20260210T, 20260211T, 20260212T, 20260213T
2026-02-13 14:49:02,731 - RSRATING.csv (NSE) generated → RS_Data/RSRATING.csv
2026-02-13 14:49:02,731 - NSE RS calculation completed. 3161 tickers, 3146 with valid RS.
2026-02-16 14:48:29,509 - Starting NSE India RS calculation
2026-02-16 14:48:29,509 - Missing RS debug log: logs/debug_rs/Missing_RS.log
2026-02-16 14:48:29,512 - Found 3135 symbols in tmp/arctic_db
2026-02-16 14:48:29,534 - Metadata loaded: 3,135 tickers
2026-02-16 14:48:29,534 - Starting RS calculation for 3135 tickers vs ^NSEI
2026-02-16 14:48:42,276 - Latest market date (NSE): 2026-02-16
2026-02-16 14:48:42,284 - NSE trading days used: 20260210T, 20260211T, 20260212T, 20260213T, 20260216T
2026-02-16 14:48:42,284 - RSRATING.csv (NSE) generated → RS_Data/RSRATING.csv
2026-02-16 14:48:42,284 - NSE RS calculation completed. 3134 tickers, 3113 with valid RS.
2026-02-17 14:52:32,840 - Starting NSE India RS calculation
2026-02-17 14:52:32,840 - Missing RS debug log: logs/debug_rs/Missing_RS.log
2026-02-17 14:52:32,844 - Found 3199 symbols in tmp/arctic_db
2026-02-17 14:52:32,866 - Metadata loaded: 3,199 tickers
2026-02-17 14:52:32,866 - Starting RS calculation for 3199 tickers vs ^NSEI
2026-02-17 14:52:47,509 - Latest market date (NSE): 2026-02-17
2026-02-17 14:52:47,517 - NSE trading days used: 20260211T, 20260212T, 20260213T, 20260216T, 20260217T
2026-02-17 14:52:47,518 - RSRATING.csv (NSE) generated → RS_Data/RSRATING.csv
2026-02-17 14:52:47,518 - NSE RS calculation completed. 3198 tickers, 3177 with valid RS.
2026-02-18 14:53:19,225 - Starting NSE India RS calculation
2026-02-18 14:53:19,225 - Missing RS debug log: logs/debug_rs/Missing_RS.log
2026-02-18 14:53:19,229 - Found 3163 symbols in tmp/arctic_db
2026-02-18 14:53:19,251 - Metadata loaded: 3,163 tickers
2026-02-18 14:53:19,251 - Starting RS calculation for 3163 tickers vs ^NSEI
2026-02-18 14:53:33,776 - Latest market date (NSE): 2026-02-18
2026-02-18 14:53:33,784 - NSE trading days used: 20260212T, 20260213T, 20260216T, 20260217T, 20260218T
2026-02-18 14:53:33,784 - RSRATING.csv (NSE) generated → RS_Data/RSRATING.csv
2026-02-18 14:53:33,784 - NSE RS calculation completed. 3162 tickers, 3147 with valid RS.
2026-02-20 14:47:00,797 - Starting NSE India RS calculation
2026-02-20 14:47:00,797 - Missing RS debug log: logs/debug_rs/Missing_RS.log
2026-02-20 14:47:00,801 - Found 3151 symbols in tmp/arctic_db
2026-02-20 14:47:00,822 - Metadata loaded: 3,151 tickers
2026-02-20 14:47:00,822 - Starting RS calculation for 3151 tickers vs ^NSEI
2026-02-20 14:47:15,370 - Latest market date (NSE): 2026-02-20
2026-02-20 14:47:15,378 - NSE trading days used: 20260216T, 20260217T, 20260218T, 20260219T, 20260220T
2026-02-20 14:47:15,378 - RSRATING.csv (NSE) generated → RS_Data/RSRATING.csv
2026-02-20 14:47:15,378 - NSE RS calculation completed. 3150 tickers, 3135 with valid RS.
2026-02-23 14:55:44,055 - Starting NSE India RS calculation
2026-02-23 14:55:44,055 - Missing RS debug log: logs/debug_rs/Missing_RS.log
2026-02-23 14:55:44,059 - Found 3136 symbols in tmp/arctic_db
2026-02-23 14:55:44,081 - Metadata loaded: 3,136 tickers
2026-02-23 14:55:44,081 - Starting RS calculation for 3136 tickers vs ^NSEI
2026-02-23 14:55:58,633 - Latest market date (NSE): 2026-02-23
2026-02-23 14:55:58,641 - NSE trading days used: 20260217T, 20260218T, 20260219T, 20260220T, 20260223T
2026-02-23 14:55:58,642 - RSRATING.csv (NSE) generated → RS_Data/RSRATING.csv
2026-02-23 14:55:58,642 - NSE RS calculation completed. 3135 tickers, 3117 with valid RS.
2026-02-24 14:58:23,765 - Starting NSE India RS calculation
2026-02-24 14:58:23,766 - Missing RS debug log: logs/debug_rs/Missing_RS.log
2026-02-24 14:58:23,770 - Found 3197 symbols in tmp/arctic_db
2026-02-24 14:58:23,791 - Metadata loaded: 3,197 tickers
2026-02-24 14:58:23,791 - Starting RS calculation for 3197 tickers vs ^NSEI
2026-02-24 14:58:38,423 - Latest market date (NSE): 2026-02-24
2026-02-24 14:58:38,431 - NSE trading days used: 20260218T, 20260219T, 20260220T, 20260223T, 20260224T
2026-02-24 14:58:38,431 - RSRATING.csv (NSE) generated → RS_Data/RSRATING.csv
2026-02-24 14:58:38,431 - NSE RS calculation completed. 3196 tickers, 3177 with valid RS.
2026-02-25 14:59:53,211 - Starting NSE India RS calculation
2026-02-25 14:59:53,211 - Missing RS debug log: logs/debug_rs/Missing_RS.log
2026-02-25 14:59:53,215 - Found 3158 symbols in tmp/arctic_db
2026-02-25 14:59:53,237 - Metadata loaded: 3,158 tickers
2026-02-25 14:59:53,237 - Starting RS calculation for 3158 tickers vs ^NSEI
2026-02-25 15:00:07,683 - Latest market date (NSE): 2026-02-25
2026-02-25 15:00:07,690 - NSE trading days used: 20260219T, 20260220T, 20260223T, 20260224T, 20260225T
2026-02-25 15:00:07,691 - RSRATING.csv (NSE) generated → RS_Data/RSRATING.csv
2026-02-25 15:00:07,691 - NSE RS calculation completed. 3157 tickers, 3143 with valid RS.
2026-02-26 14:59:32,823 - Starting NSE India RS calculation
2026-02-26 14:59:32,823 - Missing RS debug log: logs/debug_rs/Missing_RS.log
2026-02-26 14:59:32,827 - Found 3158 symbols in tmp/arctic_db
2026-02-26 14:59:32,850 - Metadata loaded: 3,158 tickers
2026-02-26 14:59:32,850 - Starting RS calculation for 3158 tickers vs ^NSEI
2026-02-26 14:59:47,710 - Latest market date (NSE): 2026-02-26
2026-02-26 14:59:47,717 - NSE trading days used: 20260220T, 20260223T, 20260224T, 20260225T, 20260226T
2026-02-26 14:59:47,718 - RSRATING.csv (NSE) generated → RS_Data/RSRATING.csv
2026-02-26 14:59:47,718 - NSE RS calculation completed. 3157 tickers, 3144 with valid RS.
2026-02-27 14:46:44,988 - Starting NSE India RS calculation
2026-02-27 14:46:44,988 - Missing RS debug log: logs/debug_rs/Missing_RS.log
2026-02-27 14:46:44,993 - Found 3157 symbols in tmp/arctic_db
2026-02-27 14:46:45,016 - Metadata loaded: 3,157 tickers
2026-02-27 14:46:45,016 - Starting RS calculation for 3157 tickers vs ^NSEI
2026-02-27 14:46:59,684 - Latest market date (NSE): 2026-02-27
2026-02-27 14:46:59,692 - NSE trading days used: 20260223T, 20260224T, 20260225T, 20260226T, 20260227T
2026-02-27 14:46:59,692 - RSRATING.csv (NSE) generated → RS_Data/RSRATING.csv
2026-02-27 14:46:59,692 - NSE RS calculation completed. 3156 tickers, 3143 with valid RS.
2026-03-02 14:50:45,061 - Starting NSE India RS calculation
2026-03-02 14:50:45,061 - Missing RS debug log: logs/debug_rs/Missing_RS.log
2026-03-02 14:50:45,065 - Found 3132 symbols in tmp/arctic_db
2026-03-02 14:50:45,087 - Metadata loaded: 3,132 tickers
2026-03-02 14:50:45,087 - Starting RS calculation for 3132 tickers vs ^NSEI
2026-03-02 14:50:59,652 - Latest market date (NSE): 2026-03-02
2026-03-02 14:50:59,660 - NSE trading days used: 20260224T, 20260225T, 20260226T, 20260227T, 20260302T
2026-03-02 14:50:59,660 - RSRATING.csv (NSE) generated → RS_Data/RSRATING.csv
2026-03-02 14:50:59,661 - NSE RS calculation completed. 3131 tickers, 3114 with valid RS.
2026-03-03 14:51:43,243 - Starting NSE India RS calculation
2026-03-03 14:51:43,243 - Missing RS debug log: logs/debug_rs/Missing_RS.log
2026-03-03 14:51:43,247 - Found 3195 symbols in tmp/arctic_db
2026-03-03 14:51:43,268 - Metadata loaded: 3,195 tickers
2026-03-03 14:51:43,268 - Starting RS calculation for 3195 tickers vs ^NSEI
2026-03-03 14:51:56,080 - Latest market date (NSE): 2026-03-02
2026-03-03 14:51:56,087 - NSE trading days used: 20260224T, 20260225T, 20260226T, 20260227T, 20260302T
2026-03-03 14:51:56,088 - RSRATING.csv (NSE) generated → RS_Data/RSRATING.csv
2026-03-03 14:51:56,088 - NSE RS calculation completed. 3194 tickers, 3175 with valid RS.
2026-03-04 14:46:16,454 - Starting NSE India RS calculation
2026-03-04 14:46:16,455 - Missing RS debug log: logs/debug_rs/Missing_RS.log
2026-03-04 14:46:16,459 - Found 3085 symbols in tmp/arctic_db
2026-03-04 14:46:16,481 - Metadata loaded: 3,085 tickers
2026-03-04 14:46:16,481 - Starting RS calculation for 3085 tickers vs ^NSEI
2026-03-04 14:46:30,458 - Latest market date (NSE): 2026-03-04
2026-03-04 14:46:30,466 - NSE trading days used: 20260225T, 20260226T, 20260227T, 20260302T, 20260304T
2026-03-04 14:46:30,466 - RSRATING.csv (NSE) generated → RS_Data/RSRATING.csv
2026-03-04 14:46:30,467 - NSE RS calculation completed. 3084 tickers, 3074 with valid RS.
2026-03-05 14:52:51,785 - Starting NSE India RS calculation
2026-03-05 14:52:51,786 - Missing RS debug log: logs/debug_rs/Missing_RS.log
2026-03-05 14:52:51,790 - Found 3152 symbols in tmp/arctic_db
2026-03-05 14:52:51,813 - Metadata loaded: 3,152 tickers
2026-03-05 14:52:51,813 - Starting RS calculation for 3152 tickers vs ^NSEI
2026-03-05 14:53:06,295 - Latest market date (NSE): 2026-03-05
2026-03-05 14:53:06,302 - NSE trading days used: 20260226T, 20260227T, 20260302T, 20260304T, 20260305T
2026-03-05 14:53:06,303 - RSRATING.csv (NSE) generated → RS_Data/RSRATING.csv
2026-03-05 14:53:06,303 - NSE RS calculation completed. 3151 tickers, 3139 with valid RS.
2026-03-06 14:46:22,512 - Starting NSE India RS calculation
2026-03-06 14:46:22,512 - Missing RS debug log: logs/debug_rs/Missing_RS.log
2026-03-06 14:46:22,517 - Found 3149 symbols in tmp/arctic_db
2026-03-06 14:46:22,541 - Metadata loaded: 3,149 tickers
2026-03-06 14:46:22,542 - Starting RS calculation for 3149 tickers vs ^NSEI
2026-03-06 14:46:36,962 - Latest market date (NSE): 2026-03-06
2026-03-06 14:46:36,970 - NSE trading days used: 20260227T, 20260302T, 20260304T, 20260305T, 20260306T
2026-03-06 14:46:36,971 - RSRATING.csv (NSE) generated → RS_Data/RSRATING.csv
2026-03-06 14:46:36,971 - NSE RS calculation completed. 3148 tickers, 3136 with valid RS.
2026-03-09 15:00:44,699 - Starting NSE India RS calculation
2026-03-09 15:00:44,699 - Missing RS debug log: logs/debug_rs/Missing_RS.log
2026-03-09 15:00:44,703 - Found 3127 symbols in tmp/arctic_db
2026-03-09 15:00:44,725 - Metadata loaded: 3,127 tickers
2026-03-09 15:00:44,725 - Starting RS calculation for 3127 tickers vs ^NSEI
2026-03-09 15:00:59,072 - Latest market date (NSE): 2026-03-09
2026-03-09 15:00:59,079 - NSE trading days used: 20260302T, 20260304T, 20260305T, 20260306T, 20260309T
2026-03-09 15:00:59,080 - RSRATING.csv (NSE) generated → RS_Data/RSRATING.csv
2026-03-09 15:00:59,080 - NSE RS calculation completed. 3126 tickers, 3109 with valid RS.
2026-03-11 14:54:01,276 - Starting NSE India RS calculation
2026-03-11 14:54:01,276 - Missing RS debug log: logs/debug_rs/Missing_RS.log
2026-03-11 14:54:01,280 - Found 3163 symbols in tmp/arctic_db
2026-03-11 14:54:01,302 - Metadata loaded: 3,163 tickers
2026-03-11 14:54:01,302 - Starting RS calculation for 3163 tickers vs ^NSEI
2026-03-11 14:54:15,516 - Latest market date (NSE): 2026-03-11
2026-03-11 14:54:15,523 - NSE trading days used: 20260305T, 20260306T, 20260309T, 20260310T, 20260311T
2026-03-11 14:54:15,524 - RSRATING.csv (NSE) generated → RS_Data/RSRATING.csv
2026-03-11 14:54:15,524 - NSE RS calculation completed. 3162 tickers, 3150 with valid RS.
2026-03-12 14:57:04,825 - Starting NSE India RS calculation
2026-03-12 14:57:04,825 - Missing RS debug log: logs/debug_rs/Missing_RS.log
2026-03-12 14:57:04,829 - Found 3157 symbols in tmp/arctic_db
2026-03-12 14:57:04,851 - Metadata loaded: 3,157 tickers
2026-03-12 14:57:04,851 - Starting RS calculation for 3157 tickers vs ^NSEI
2026-03-12 14:57:19,242 - Latest market date (NSE): 2026-03-12
2026-03-12 14:57:19,249 - NSE trading days used: 20260306T, 20260309T, 20260310T, 20260311T, 20260312T
2026-03-12 14:57:19,249 - RSRATING.csv (NSE) generated → RS_Data/RSRATING.csv
2026-03-12 14:57:19,249 - NSE RS calculation completed. 3156 tickers, 3144 with valid RS.
2026-03-26 15:13:57,358 - Starting NSE India RS calculation
2026-03-26 15:13:57,358 - Missing RS debug log: logs/debug_rs/Missing_RS.log
2026-03-26 15:13:57,362 - Found 3234 symbols in tmp/arctic_db
2026-03-26 15:13:57,385 - Metadata loaded: 3,234 tickers
2026-03-26 15:13:57,386 - Starting RS calculation for 3234 tickers vs ^NSEI
2026-03-26 15:14:12,658 - Latest market date (NSE): 2026-03-25
2026-03-26 15:14:12,666 - NSE trading days used: 20260319T, 20260320T, 20260323T, 20260324T, 20260325T
2026-03-26 15:14:12,666 - RSRATING.csv (NSE) generated → RS_Data/RSRATING.csv
2026-03-26 15:14:12,666 - NSE RS calculation completed. 3233 tickers, 3221 with valid RS.
2026-03-27 14:59:13,597 - Starting NSE India RS calculation
2026-03-27 14:59:13,598 - Missing RS debug log: logs/debug_rs/Missing_RS.log
2026-03-27 14:59:13,602 - Found 3135 symbols in tmp/arctic_db
2026-03-27 14:59:13,624 - Metadata loaded: 3,135 tickers
2026-03-27 14:59:13,624 - Starting RS calculation for 3135 tickers vs ^NSEI
2026-03-27 14:59:28,055 - Latest market date (NSE): 2026-03-27
2026-03-27 14:59:28,063 - NSE trading days used: 20260320T, 20260323T, 20260324T, 20260325T, 20260327T
2026-03-27 14:59:28,063 - RSRATING.csv (NSE) generated → RS_Data/RSRATING.csv
2026-03-27 14:59:28,064 - NSE RS calculation completed. 3134 tickers, 3125 with valid RS.
2026-03-30 15:12:58,602 - Starting NSE India RS calculation
2026-03-30 15:12:58,602 - Missing RS debug log: logs/debug_rs/Missing_RS.log
2026-03-30 15:12:58,606 - Found 3153 symbols in tmp/arctic_db
2026-03-30 15:12:58,628 - Metadata loaded: 3,153 tickers
2026-03-30 15:12:58,628 - Starting RS calculation for 3153 tickers vs ^NSEI
2026-03-30 15:13:12,969 - Latest market date (NSE): 2026-03-30
2026-03-30 15:13:12,977 - NSE trading days used: 20260323T, 20260324T, 20260325T, 20260327T, 20260330T
2026-03-30 15:13:12,977 - RSRATING.csv (NSE) generated → RS_Data/RSRATING.csv
2026-03-30 15:13:12,977 - NSE RS calculation completed. 3152 tickers, 3136 with valid RS.
2026-03-31 15:12:11,118 - Starting NSE India RS calculation
2026-03-31 15:12:11,118 - Missing RS debug log: logs/debug_rs/Missing_RS.log
2026-03-31 15:12:11,122 - Found 3215 symbols in tmp/arctic_db
2026-03-31 15:12:11,145 - Metadata loaded: 3,215 tickers
2026-03-31 15:12:11,145 - Starting RS calculation for 3215 tickers vs ^NSEI
2026-03-31 15:12:26,407 - Latest market date (NSE): 2026-03-30
2026-03-31 15:12:26,415 - NSE trading days used: 20260323T, 20260324T, 20260325T, 20260327T, 20260330T
2026-03-31 15:12:26,415 - RSRATING.csv (NSE) generated → RS_Data/RSRATING.csv
2026-03-31 15:12:26,416 - NSE RS calculation completed. 3214 tickers, 3197 with valid RS.
2026-04-01 11:47:10,593 - Starting NSE India RS calculation
2026-04-01 11:47:10,593 - Missing RS debug log: logs/debug_rs/Missing_RS.log
2026-04-01 11:47:10,597 - Found 3103 symbols in tmp/arctic_db
2026-04-01 11:47:10,620 - Metadata loaded: 3,103 tickers
2026-04-01 11:47:10,620 - Starting RS calculation for 3103 tickers vs ^NSEI
2026-04-01 11:47:25,259 - Latest market date (NSE): 2026-04-01
2026-04-01 11:47:25,267 - NSE trading days used: 20260324T, 20260325T, 20260327T, 20260330T, 20260401T
2026-04-01 11:47:25,267 - RSRATING.csv (NSE) generated → RS_Data/RSRATING.csv
2026-04-01 11:47:25,267 - NSE RS calculation completed. 3102 tickers, 3088 with valid RS.
2026-04-01 15:12:44,186 - Starting NSE India RS calculation
2026-04-01 15:12:44,187 - Missing RS debug log: logs/debug_rs/Missing_RS.log
2026-04-01 15:12:44,191 - Found 3027 symbols in tmp/arctic_db
2026-04-01 15:12:44,212 - Metadata loaded: 3,027 tickers
2026-04-01 15:12:44,212 - Starting RS calculation for 3027 tickers vs ^NSEI
2026-04-01 15:12:57,886 - Latest market date (NSE): 2026-04-01
2026-04-01 15:12:57,893 - NSE trading days used: 20260324T, 20260325T, 20260327T, 20260330T, 20260401T
2026-04-01 15:12:57,894 - RSRATING.csv (NSE) generated → RS_Data/RSRATING.csv
2026-04-01 15:12:57,894 - NSE RS calculation completed. 3026 tickers, 3007 with valid RS.
2026-04-02 15:03:42,296 - Starting NSE India RS calculation
2026-04-02 15:03:42,296 - Missing RS debug log: logs/debug_rs/Missing_RS.log
2026-04-02 15:03:42,300 - Found 3072 symbols in tmp/arctic_db
2026-04-02 15:03:42,324 - Metadata loaded: 3,072 tickers
2026-04-02 15:03:42,324 - Starting RS calculation for 3072 tickers vs ^NSEI
2026-04-02 15:03:57,293 - Latest market date (NSE): 2026-04-02
2026-04-02 15:03:57,300 - NSE trading days used: 20260325T, 20260327T, 20260330T, 20260401T, 20260402T
2026-04-02 15:03:57,301 - RSRATING.csv (NSE) generated → RS_Data/RSRATING.csv
2026-04-02 15:03:57,301 - NSE RS calculation completed. 3071 tickers, 3052 with valid RS.
2026-04-03 14:49:57,636 - Starting NSE India RS calculation
2026-04-03 14:49:57,636 - Missing RS debug log: logs/debug_rs/Missing_RS.log
2026-04-03 14:49:57,641 - Found 3121 symbols in tmp/arctic_db
2026-04-03 14:49:57,672 - Metadata loaded: 3,121 tickers
2026-04-03 14:49:57,672 - Starting RS calculation for 3121 tickers vs ^NSEI
2026-04-03 14:50:12,194 - Latest market date (NSE): 2026-04-02
2026-04-03 14:50:12,201 - NSE trading days used: 20260325T, 20260327T, 20260330T, 20260401T, 20260402T
2026-04-03 14:50:12,202 - RSRATING.csv (NSE) generated → RS_Data/RSRATING.csv
2026-04-03 14:50:12,202 - NSE RS calculation completed. 3120 tickers, 3101 with valid RS.
2026-04-06 14:55:39,986 - Starting NSE India RS calculation
2026-04-06 14:55:39,986 - Missing RS debug log: logs/debug_rs/Missing_RS.log
2026-04-06 14:55:39,990 - Found 3056 symbols in tmp/arctic_db
2026-04-06 14:55:40,012 - Metadata loaded: 3,056 tickers
2026-04-06 14:55:40,012 - Starting RS calculation for 3056 tickers vs ^NSEI
2026-04-06 14:55:53,973 - Latest market date (NSE): 2026-04-06
2026-04-06 14:55:53,980 - NSE trading days used: 20260327T, 20260330T, 20260401T, 20260402T, 20260406T
2026-04-06 14:55:53,981 - RSRATING.csv (NSE) generated → RS_Data/RSRATING.csv
2026-04-06 14:55:53,981 - NSE RS calculation completed. 3055 tickers, 3035 with valid RS.
2026-04-07 15:18:02,248 - Starting NSE India RS calculation
2026-04-07 15:18:02,249 - Missing RS debug log: logs/debug_rs/Missing_RS.log
2026-04-07 15:18:02,252 - Found 2158 symbols in tmp/arctic_db
2026-04-07 15:18:02,272 - Metadata loaded: 2,758 tickers
2026-04-07 15:18:02,272 - Starting RS calculation for 2158 tickers vs ^NSEI
2026-04-07 15:18:12,471 - Latest market date (NSE): 2026-04-07
2026-04-07 15:18:12,478 - NSE trading days used: 20260330T, 20260401T, 20260402T, 20260406T, 20260407T
2026-04-07 15:18:12,479 - RSRATING.csv (NSE) generated → RS_Data/RSRATING.csv
2026-04-07 15:18:12,479 - NSE RS calculation completed. 2157 tickers, 2142 with valid RS.
2026-04-08 15:18:51,429 - Starting NSE India RS calculation
2026-04-08 15:18:51,429 - Missing RS debug log: logs/debug_rs/Missing_RS.log
2026-04-08 15:18:51,433 - Found 3079 symbols in tmp/arctic_db
2026-04-08 15:18:51,456 - Metadata loaded: 3,079 tickers
2026-04-08 15:18:51,456 - Starting RS calculation for 3079 tickers vs ^NSEI
2026-04-08 15:19:05,830 - Latest market date (NSE): 2026-04-08
2026-04-08 15:19:05,838 - NSE trading days used: 20260401T, 20260402T, 20260406T, 20260407T, 20260408T
2026-04-08 15:19:05,839 - RSRATING.csv (NSE) generated → RS_Data/RSRATING.csv
2026-04-08 15:19:05,839 - NSE RS calculation completed. 3078 tickers, 3061 with valid RS.
2026-04-09 15:29:57,740 - Starting NSE India RS calculation
2026-04-09 15:29:57,740 - Missing RS debug log: logs/debug_rs/Missing_RS.log
2026-04-09 15:29:57,744 - Found 3093 symbols in tmp/arctic_db
2026-04-09 15:29:57,766 - Metadata loaded: 3,093 tickers
2026-04-09 15:29:57,766 - Starting RS calculation for 3093 tickers vs ^NSEI
2026-04-09 15:30:11,671 - Latest market date (NSE): 2026-04-09
2026-04-09 15:30:11,678 - NSE trading days used: 20260402T, 20260406T, 20260407T, 20260408T, 20260409T
2026-04-09 15:30:11,678 - RSRATING.csv (NSE) generated → RS_Data/RSRATING.csv
2026-04-09 15:30:11,679 - NSE RS calculation completed. 3092 tickers, 3076 with valid RS.
2026-04-10 14:56:36,856 - Starting NSE India RS calculation
2026-04-10 14:56:36,857 - Missing RS debug log: logs/debug_rs/Missing_RS.log
2026-04-10 14:56:36,861 - Found 3079 symbols in tmp/arctic_db
2026-04-10 14:56:36,883 - Metadata loaded: 3,079 tickers
2026-04-10 14:56:36,883 - Starting RS calculation for 3079 tickers vs ^NSEI
2026-04-10 14:56:51,180 - Latest market date (NSE): 2026-04-10
2026-04-10 14:56:51,188 - NSE trading days used: 20260406T, 20260407T, 20260408T, 20260409T, 20260410T
2026-04-10 14:56:51,188 - RSRATING.csv (NSE) generated → RS_Data/RSRATING.csv
2026-04-10 14:56:51,189 - NSE RS calculation completed. 3078 tickers, 3064 with valid RS.
2026-04-13 15:24:10,495 - Starting NSE India RS calculation
2026-04-13 15:24:10,496 - Missing RS debug log: logs/debug_rs/Missing_RS.log
2026-04-13 15:24:10,500 - Found 3045 symbols in tmp/arctic_db
2026-04-13 15:24:10,522 - Metadata loaded: 3,045 tickers
2026-04-13 15:24:10,522 - Starting RS calculation for 3045 tickers vs ^NSEI
2026-04-13 15:24:22,471 - Latest market date (NSE): 2026-04-13
2026-04-13 15:24:22,478 - NSE trading days used: 20260407T, 20260408T, 20260409T, 20260410T, 20260413T
2026-04-13 15:24:22,479 - RSRATING.csv (NSE) generated → RS_Data/RSRATING.csv
2026-04-13 15:24:22,479 - NSE RS calculation completed. 3044 tickers, 3025 with valid RS.
2026-04-14 15:21:08,277 - Starting NSE India RS calculation
2026-04-14 15:21:08,278 - Missing RS debug log: logs/debug_rs/Missing_RS.log
2026-04-14 15:21:08,281 - Found 3084 symbols in tmp/arctic_db
2026-04-14 15:21:08,303 - Metadata loaded: 3,084 tickers
2026-04-14 15:21:08,303 - Starting RS calculation for 3084 tickers vs ^NSEI
2026-04-14 15:21:20,870 - Latest market date (NSE): 2026-04-13
2026-04-14 15:21:20,878 - NSE trading days used: 20260407T, 20260408T, 20260409T, 20260410T, 20260413T
2026-04-14 15:21:20,878 - RSRATING.csv (NSE) generated → RS_Data/RSRATING.csv
2026-04-14 15:21:20,878 - NSE RS calculation completed. 3083 tickers, 3064 with valid RS.
2026-04-15 15:12:57,703 - Starting NSE India RS calculation
2026-04-15 15:12:57,704 - Missing RS debug log: logs/debug_rs/Missing_RS.log
2026-04-15 15:12:57,707 - Found 3050 symbols in tmp/arctic_db
2026-04-15 15:12:57,728 - Metadata loaded: 3,053 tickers
2026-04-15 15:12:57,729 - Starting RS calculation for 3050 tickers vs ^NSEI
2026-04-15 15:13:11,924 - Latest market date (NSE): 2026-04-15
2026-04-15 15:13:11,931 - NSE trading days used: 20260408T, 20260409T, 20260410T, 20260413T, 20260415T
2026-04-15 15:13:11,932 - RSRATING.csv (NSE) generated → RS_Data/RSRATING.csv
2026-04-15 15:13:11,932 - NSE RS calculation completed. 3049 tickers, 3030 with valid RS.
2026-04-16 15:08:09,183 - Starting NSE India RS calculation
2026-04-16 15:08:09,183 - Missing RS debug log: logs/debug_rs/Missing_RS.log
2026-04-16 15:08:09,187 - Found 3221 symbols in tmp/arctic_db
2026-04-16 15:08:09,211 - Metadata loaded: 3,223 tickers
2026-04-16 15:08:09,211 - Starting RS calculation for 3221 tickers vs ^NSEI
2026-04-16 15:08:24,677 - Latest market date (NSE): 2026-04-16
2026-04-16 15:08:24,685 - NSE trading days used: 20260409T, 20260410T, 20260413T, 20260415T, 20260416T
2026-04-16 15:08:24,686 - RSRATING.csv (NSE) generated → RS_Data/RSRATING.csv
2026-04-16 15:08:24,686 - NSE RS calculation completed. 3220 tickers, 3198 with valid RS.
2026-04-17 11:57:44,688 - Starting NSE India RS calculation
2026-04-17 11:57:44,689 - Missing RS debug log: logs/debug_rs/Missing_RS.log
2026-04-17 11:57:44,693 - Found 3221 symbols in tmp/arctic_db
2026-04-17 11:57:44,715 - Metadata loaded: 3,221 tickers
2026-04-17 11:57:44,715 - Starting RS calculation for 3221 tickers vs ^NSEI
2026-04-17 11:57:59,863 - Latest market date (NSE): 2026-04-17
2026-04-17 11:57:59,870 - NSE trading days used: 20260410T, 20260413T, 20260415T, 20260416T, 20260417T
2026-04-17 11:57:59,871 - RSRATING.csv (NSE) generated → RS_Data/RSRATING.csv
2026-04-17 11:57:59,871 - NSE RS calculation completed. 3220 tickers, 3201 with valid RS.
2026-04-18 06:41:51,836 - Starting NSE India RS calculation
2026-04-18 06:41:51,837 - Missing RS debug log: logs/debug_rs/Missing_RS.log
2026-04-18 06:41:51,841 - Found 3257 symbols in tmp/arctic_db
2026-04-18 06:41:51,863 - Metadata loaded: 3,257 tickers
2026-04-18 06:41:51,863 - Starting RS calculation for 3257 tickers vs ^NSEI
2026-04-18 06:42:07,016 - Latest market date (NSE): 2026-04-17
2026-04-18 06:42:07,023 - NSE trading days used: 20260410T, 20260413T, 20260415T, 20260416T, 20260417T
2026-04-18 06:42:07,024 - RSRATING.csv (NSE) generated → RS_Data/RSRATING.csv
2026-04-18 06:42:07,024 - NSE RS calculation completed. 3256 tickers, 3237 with valid RS.
2026-04-18 15:42:45,720 - Starting NSE India RS calculation
2026-04-18 15:42:45,720 - Missing RS debug log: logs/debug_rs/Missing_RS.log
2026-04-18 15:42:45,725 - Found 3257 symbols in tmp/arctic_db
2026-04-18 15:42:45,748 - Metadata loaded: 3,257 tickers
2026-04-18 15:42:45,748 - Starting RS calculation for 3257 tickers vs ^NSEI
2026-04-18 15:43:00,968 - Latest market date (NSE): 2026-04-17
2026-04-18 15:43:00,975 - NSE trading days used: 20260410T, 20260413T, 20260415T, 20260416T, 20260417T
2026-04-18 15:43:00,976 - RSRATING.csv (NSE) generated → RS_Data/RSRATING.csv
2026-04-18 15:43:00,976 - NSE RS calculation completed. 3256 tickers, 3237 with valid RS.
2026-04-20 02:26:27,529 - Starting NSE India RS calculation
2026-04-20 02:26:27,529 - Missing RS debug log: logs/debug_rs/Missing_RS.log
2026-04-20 02:26:27,534 - Found 3257 symbols in tmp/arctic_db
2026-04-20 02:26:27,564 - Metadata loaded: 3,257 tickers
2026-04-20 02:26:27,564 - Starting RS calculation for 3257 tickers vs ^NSEI
2026-04-20 02:26:42,413 - Latest market date (NSE): 2026-04-17
2026-04-20 02:26:42,420 - NSE trading days used: 20260410T, 20260413T, 20260415T, 20260416T, 20260417T
2026-04-20 02:26:42,421 - RSRATING.csv (NSE) generated → RS_Data/RSRATING.csv
2026-04-20 02:26:42,421 - NSE RS calculation completed. 3256 tickers, 3237 with valid RS.
2026-04-20 12:08:25,210 - Starting NSE India RS calculation
2026-04-20 12:08:25,210 - Missing RS debug log: logs/debug_rs/Missing_RS.log
2026-04-20 12:08:25,214 - Found 3197 symbols in tmp/arctic_db
2026-04-20 12:08:25,238 - Metadata loaded: 3,197 tickers
2026-04-20 12:08:25,238 - Starting RS calculation for 3197 tickers vs ^NSEI
2026-04-20 12:08:39,673 - Latest market date (NSE): 2026-04-20
2026-04-20 12:08:39,681 - NSE trading days used: 20260413T, 20260415T, 20260416T, 20260417T, 20260420T
2026-04-20 12:08:39,682 - RSRATING.csv (NSE) generated → RS_Data/RSRATING.csv
2026-04-20 12:08:39,682 - NSE RS calculation completed. 3196 tickers, 3173 with valid RS.
2026-04-21 12:06:12,345 - Starting NSE India RS calculation
2026-04-21 12:06:12,345 - Missing RS debug log: logs/debug_rs/Missing_RS.log
2026-04-21 12:06:12,349 - Found 3247 symbols in tmp/arctic_db
2026-04-21 12:06:12,372 - Metadata loaded: 3,247 tickers
2026-04-21 12:06:12,373 - Starting RS calculation for 3247 tickers vs ^NSEI
2026-04-21 12:06:25,324 - Latest market date (NSE): 2026-04-21
2026-04-21 12:06:25,332 - NSE trading days used: 20260415T, 20260416T, 20260417T, 20260420T, 20260421T
2026-04-21 12:06:25,332 - RSRATING.csv (NSE) generated → RS_Data/RSRATING.csv
2026-04-21 12:06:25,333 - NSE RS calculation completed. 3246 tickers, 3224 with valid RS.
2026-04-22 12:04:16,152 - Starting RS calculation process
2026-04-22 12:04:16,152 - Missing RS debug log: logs/debug_rs/Missing_RS.log
2026-04-22 12:04:16,157 - Found 3211 symbols in tmp/arctic_db
2026-04-22 12:04:19,878 - Found 0 tickers with no data: []...
2026-04-22 12:04:19,891 - Metadata file structure: list
2026-04-22 12:04:19,900 - Starting RS calculation for 3211 tickers
2026-04-22 12:04:37,758 - Latest market date (NYSE): 2026-04-22
2026-04-22 12:04:37,913 - NYSE trading days used: 20260416T, 20260417T, 20260420T, 20260421T, 20260422T
2026-04-22 12:04:37,914 - RSRATING.csv (NYSE) generated → RS_Data/RSRATING.csv
2026-04-22 12:04:37,914 - RS calculation completed. 3210 tickers processed, 3193 with valid RS.
2026-04-22 17:17:40,859 - Starting RS calculation process
2026-04-22 17:17:40,859 - Missing RS debug log: logs/debug_rs/Missing_RS.log
2026-04-22 17:17:40,863 - Found 3211 symbols in tmp/arctic_db
2026-04-22 17:17:44,481 - Found 0 tickers with no data: []...
2026-04-22 17:17:44,493 - Metadata file structure: list
2026-04-22 17:17:44,503 - Starting RS calculation for 3211 tickers
2026-04-22 17:18:05,443 - Latest market date (NYSE): 2026-04-22
2026-04-22 17:18:05,597 - NYSE trading days used: 20260416T, 20260417T, 20260420T, 20260421T, 20260422T
2026-04-22 17:18:05,597 - RSRATING.csv (NYSE) generated → RS_Data/RSRATING.csv
2026-04-22 17:18:05,598 - RS calculation completed. 3210 tickers processed, 3192 with valid RS.
2026-04-22 17:47:32,503 - Starting NSE India RS calculation
2026-04-22 17:47:32,504 - Missing RS debug log: logs/debug_rs/Missing_RS.log
2026-04-22 17:47:32,508 - Found 3211 symbols in tmp/arctic_db
2026-04-22 17:47:32,531 - Metadata loaded: 3,211 tickers
2026-04-22 17:47:32,531 - Starting RS calculation for 3211 tickers vs ^NSEI
2026-04-22 17:47:47,557 - Latest market date (NSE): 2026-04-22
2026-04-22 17:47:47,565 - NSE trading days used: 20260416T, 20260417T, 20260420T, 20260421T, 20260422T
2026-04-22 17:47:47,565 - RSRATING.csv (NSE) generated → RS_Data/RSRATING.csv
2026-04-22 17:47:47,565 - NSE RS calculation completed. 3210 tickers, 3193 with valid RS.
2026-04-23 02:49:26,716 - Starting NSE India RS calculation
2026-04-23 02:49:26,716 - Missing RS debug log: logs/debug_rs/Missing_RS.log
2026-04-23 02:49:26,720 - Found 3207 symbols in tmp/arctic_db
2026-04-23 02:49:26,743 - Metadata loaded: 3,211 tickers
2026-04-23 02:49:26,743 - Starting RS calculation for 3207 tickers vs ^NSEI
2026-04-23 02:49:41,789 - Latest market date (NSE): 2026-04-22
2026-04-23 02:49:41,797 - NSE trading days used: 20260416T, 20260417T, 20260420T, 20260421T, 20260422T
2026-04-23 02:49:41,797 - RSRATING.csv (NSE) generated → RS_Data/RSRATING.csv
2026-04-23 02:49:41,798 - NSE RS calculation completed. 3206 tickers, 3206 with valid RS.
2026-04-23 12:06:29,337 - Starting NSE India RS calculation
2026-04-23 12:06:29,337 - Missing RS debug log: logs/debug_rs/Missing_RS.log
2026-04-23 12:06:29,341 - Found 3115 symbols in tmp/arctic_db
2026-04-23 12:06:29,363 - Metadata loaded: 3,212 tickers
2026-04-23 12:06:29,363 - Starting RS calculation for 3115 tickers vs ^NSEI
2026-04-23 12:06:42,957 - Latest market date (NSE): 2026-04-23
2026-04-23 12:06:42,965 - NSE trading days used: 20260417T, 20260420T, 20260421T, 20260422T, 20260423T
2026-04-23 12:06:42,965 - RSRATING.csv (NSE) generated → RS_Data/RSRATING.csv
2026-04-23 12:06:42,966 - NSE RS calculation completed. 3114 tickers, 3114 with valid RS.
2026-04-23 18:48:28,553 - Starting NSE India RS calculation
2026-04-23 18:48:28,553 - Missing RS debug log: logs/debug_rs/Missing_RS.log
2026-04-23 18:48:28,557 - Found 3115 symbols in tmp/arctic_db
2026-04-23 18:48:28,581 - Metadata loaded: 3,212 tickers
2026-04-23 18:48:28,581 - Starting RS calculation for 3115 tickers vs ^CRSLDX
2026-04-23 18:48:43,073 - Latest market date (NSE): 2026-04-22
2026-04-23 18:48:43,080 - NSE trading days used: 20260416T, 20260417T, 20260420T, 20260421T, 20260422T
2026-04-23 18:48:43,081 - RSRATING.csv (NSE) generated → RS_Data/RSRATING.csv
2026-04-23 18:48:43,081 - NSE RS calculation completed. 3114 tickers, 3114 with valid RS.
2026-04-24 12:03:32,613 - Starting NSE India RS calculation
2026-04-24 12:03:32,613 - Missing RS debug log: logs/debug_rs/Missing_RS.log
2026-04-24 12:03:32,617 - Found 3164 symbols in tmp/arctic_db
2026-04-24 12:03:32,639 - Metadata loaded: 3,197 tickers
2026-04-24 12:03:32,639 - Starting RS calculation for 3164 tickers vs ^CRSLDX
2026-04-24 12:03:47,392 - Latest market date (NSE): 2026-04-24
2026-04-24 12:03:47,400 - NSE trading days used: 20260420T, 20260421T, 20260422T, 20260423T, 20260424T
2026-04-24 12:03:47,400 - RSRATING.csv (NSE) generated → RS_Data/RSRATING.csv
2026-04-24 12:03:47,400 - NSE RS calculation completed. 3163 tickers, 3163 with valid RS.
2026-04-27 12:26:44,235 - Starting NSE India RS calculation
2026-04-27 12:26:44,235 - Missing RS debug log: logs/debug_rs/Missing_RS.log
2026-04-27 12:26:44,240 - Found 3162 symbols in tmp/arctic_db
2026-04-27 12:26:44,262 - Metadata loaded: 3,176 tickers
2026-04-27 12:26:44,262 - Starting RS calculation for 3162 tickers vs ^CRSLDX
2026-04-27 12:26:56,836 - Latest market date (NSE): 2026-04-27
2026-04-27 12:26:56,844 - NSE trading days used: 20260421T, 20260422T, 20260423T, 20260424T, 20260427T
2026-04-27 12:26:56,844 - RSRATING.csv (NSE) generated → RS_Data/RSRATING.csv
2026-04-27 12:26:56,844 - NSE RS calculation completed. 3161 tickers, 3161 with valid RS.
2026-04-28 12:31:57,851 - Starting NSE India RS calculation
2026-04-28 12:31:57,851 - Missing RS debug log: logs/debug_rs/Missing_RS.log
2026-04-28 12:31:57,855 - Found 3224 symbols in tmp/arctic_db
2026-04-28 12:31:57,879 - Metadata loaded: 3,235 tickers
2026-04-28 12:31:57,879 - Starting RS calculation for 3224 tickers vs ^CRSLDX
2026-04-28 12:32:14,099 - Latest market date (NSE): 2026-04-28
2026-04-28 12:32:14,107 - NSE trading days used: 20260422T, 20260423T, 20260424T, 20260427T, 20260428T
2026-04-28 12:32:14,108 - RSRATING.csv (NSE) generated → RS_Data/RSRATING.csv
2026-04-28 12:32:14,108 - NSE RS calculation completed. 3223 tickers, 3223 with valid RS.
2026-04-29 12:22:37,949 - Starting NSE India RS calculation
2026-04-29 12:22:37,949 - Missing RS debug log: logs/debug_rs/Missing_RS.log
2026-04-29 12:22:37,953 - Found 3182 symbols in tmp/arctic_db
2026-04-29 12:22:37,976 - Metadata loaded: 3,188 tickers
2026-04-29 12:22:37,976 - Starting RS calculation for 3182 tickers vs ^CRSLDX
2026-04-29 12:22:50,404 - Latest market date (NSE): 2026-04-29
2026-04-29 12:22:50,411 - NSE trading days used: 20260423T, 20260424T, 20260427T, 20260428T, 20260429T
2026-04-29 12:22:50,411 - RSRATING.csv (NSE) generated → RS_Data/RSRATING.csv
2026-04-29 12:22:50,412 - NSE RS calculation completed. 3181 tickers, 3181 with valid RS.
2026-04-30 12:21:02,407 - Starting NSE India RS calculation
2026-04-30 12:21:02,407 - Missing RS debug log: logs/debug_rs/Missing_RS.log
2026-04-30 12:21:02,411 - Found 3169 symbols in tmp/arctic_db
2026-04-30 12:21:02,434 - Metadata loaded: 3,174 tickers
2026-04-30 12:21:02,434 - Starting RS calculation for 3169 tickers vs ^CRSLDX
2026-04-30 12:21:17,462 - Latest market date (NSE): 2026-04-30
2026-04-30 12:21:17,470 - NSE trading days used: 20260424T, 20260427T, 20260428T, 20260429T, 20260430T
2026-04-30 12:21:17,470 - RSRATING.csv (NSE) generated → RS_Data/RSRATING.csv
2026-04-30 12:21:17,471 - NSE RS calculation completed. 3168 tickers, 3168 with valid RS.
2026-05-01 12:03:55,849 - Starting NSE India RS calculation
2026-05-01 12:03:55,850 - Missing RS debug log: logs/debug_rs/Missing_RS.log
2026-05-01 12:03:55,854 - Found 3089 symbols in tmp/arctic_db
2026-05-01 12:03:55,876 - Metadata loaded: 3,094 tickers
2026-05-01 12:03:55,876 - Starting RS calculation for 3089 tickers vs ^CRSLDX
2026-05-01 12:04:10,208 - Latest market date (NSE): 2026-04-30
2026-05-01 12:04:10,216 - NSE trading days used: 20260424T, 20260427T, 20260428T, 20260429T, 20260430T
2026-05-01 12:04:10,216 - RSRATING.csv (NSE) generated → RS_Data/RSRATING.csv
2026-05-01 12:04:10,217 - NSE RS calculation completed. 3088 tickers, 3088 with valid RS.
2026-05-02 14:31:07,368 - Starting NSE India RS calculation
2026-05-02 14:31:07,368 - Missing RS debug log: logs/debug_rs/Missing_RS.log
2026-05-02 14:31:07,372 - Found 3089 symbols in tmp/arctic_db
2026-05-02 14:31:07,394 - Metadata loaded: 3,094 tickers
2026-05-02 14:31:07,394 - Starting RS calculation for 3089 tickers vs ^CRSLDX
2026-05-02 14:31:27,187 - Latest market date (NSE): 2026-04-30
2026-05-02 14:31:27,195 - NSE trading days used: 20260424T, 20260427T, 20260428T, 20260429T, 20260430T
2026-05-02 14:31:27,196 - RSRATING.csv (NSE) generated → RS_Data/RSRATING.csv
2026-05-02 14:31:27,196 - NSE RS calculation completed. 3088 tickers, 3088 with valid RS.
2026-05-02 17:56:36,611 - Starting NSE India RS calculation
2026-05-02 17:56:36,612 - Missing RS debug log: logs/debug_rs/Missing_RS.log
2026-05-02 17:56:36,615 - Found 3152 symbols in tmp/arctic_db
2026-05-02 17:56:36,633 - Metadata loaded: 3,157 tickers
2026-05-02 17:56:36,633 - Starting RS calculation for 3152 tickers vs ^CRSLDX
2026-05-02 17:56:50,207 - Latest market date (NSE): 2026-04-30
2026-05-02 17:56:50,212 - NSE trading days used: 20260424T, 20260427T, 20260428T, 20260429T, 20260430T
2026-05-02 17:56:50,213 - RSRATING.csv (NSE) generated → RS_Data/RSRATING.csv
2026-05-02 17:56:50,213 - NSE RS calculation completed. 3151 tickers, 3151 with valid RS.
2026-05-04 12:27:36,169 - Starting NSE India RS calculation
2026-05-04 12:27:36,169 - Missing RS debug log: logs/debug_rs/Missing_RS.log
2026-05-04 12:27:36,173 - Found 3181 symbols in tmp/arctic_db
2026-05-04 12:27:36,196 - Metadata loaded: 3,189 tickers
2026-05-04 12:27:36,196 - Starting RS calculation for 3181 tickers vs ^CRSLDX
2026-05-04 12:27:56,894 - Latest market date (NSE): 2026-05-04
2026-05-04 12:27:56,901 - NSE trading days used: 20260427T, 20260428T, 20260429T, 20260430T, 20260504T
2026-05-04 12:27:56,902 - RSRATING.csv (NSE) generated → RS_Data/RSRATING.csv
2026-05-04 12:27:56,902 - NSE RS calculation completed. 3180 tickers, 3180 with valid RS.
2026-05-05 12:05:48,049 - Starting NSE India RS calculation
2026-05-05 12:05:48,049 - Missing RS debug log: logs/debug_rs/Missing_RS.log
2026-05-05 12:05:48,053 - Found 3228 symbols in tmp/arctic_db
2026-05-05 12:05:48,077 - Metadata loaded: 3,235 tickers
2026-05-05 12:05:48,077 - Starting RS calculation for 3228 tickers vs ^CRSLDX
2026-05-05 12:06:09,117 - Latest market date (NSE): 2026-05-05
2026-05-05 12:06:09,124 - NSE trading days used: 20260428T, 20260429T, 20260430T, 20260504T, 20260505T
2026-05-05 12:06:09,125 - RSRATING.csv (NSE) generated → RS_Data/RSRATING.csv
2026-05-05 12:06:09,125 - NSE RS calculation completed. 3227 tickers, 3227 with valid RS.
2026-05-06 12:36:00,548 - Starting NSE India RS calculation
2026-05-06 12:36:00,549 - Missing RS debug log: logs/debug_rs/Missing_RS.log
2026-05-06 12:36:00,553 - Found 3181 symbols in tmp/arctic_db
2026-05-06 12:36:00,574 - Metadata loaded: 3,188 tickers
2026-05-06 12:36:00,574 - Starting RS calculation for 3181 tickers vs ^CRSLDX
2026-05-06 12:36:20,217 - Latest market date (NSE): 2026-05-06
2026-05-06 12:36:20,224 - NSE trading days used: 20260429T, 20260430T, 20260504T, 20260505T, 20260506T
2026-05-06 12:36:20,225 - RSRATING.csv (NSE) generated → RS_Data/RSRATING.csv
2026-05-06 12:36:20,225 - NSE RS calculation completed. 3180 tickers, 3180 with valid RS.
2026-05-07 12:35:08,224 - Starting NSE India RS calculation with Technical Indicators
2026-05-07 12:35:08,225 - Missing RS debug log: logs/debug_rs/Missing_RS.log
2026-05-07 12:35:08,229 - Found 3183 symbols in tmp/arctic_db
2026-05-07 12:35:08,250 - Metadata loaded: 3,189 tickers
2026-05-07 12:35:08,251 - Starting RS + Indicators calculation for 3183 tickers
2026-05-07 12:35:36,874 - Latest market date (NSE): 2026-05-07
2026-05-07 12:35:36,881 - NSE trading days used: 20260430T, 20260504T, 20260505T, 20260506T, 20260507T
2026-05-07 12:35:36,881 - RSRATING.csv (NSE) generated → RS_Data/RSRATING.csv
2026-05-07 12:35:36,882 - NSE RS calculation completed. 3182 tickers, 3182 with valid RS.
2026-05-07 17:15:12,172 - Starting NSE India RS calculation with Technical Indicators
2026-05-07 17:15:12,173 - Missing RS debug log: logs/debug_rs/Missing_RS.log
2026-05-07 17:15:12,177 - Found 3183 symbols in tmp/arctic_db
2026-05-07 17:15:12,199 - Metadata loaded: 3,189 tickers
2026-05-07 17:15:12,199 - Starting RS + Indicators calculation for 3183 tickers
2026-05-07 17:15:45,764 - Latest market date (NSE): 2026-05-07
2026-05-07 17:15:45,772 - NSE trading days used: 20260430T, 20260504T, 20260505T, 20260506T, 20260507T
2026-05-07 17:15:45,772 - RSRATING.csv (NSE) generated → RS_Data/RSRATING.csv
2026-05-07 17:15:45,772 - NSE RS calculation completed. 3182 tickers, 3182 with valid RS.
2026-05-07 17:55:36,897 - Starting NSE India RS calculation with Technical Indicators
2026-05-07 17:55:36,897 - Missing RS debug log: logs/debug_rs/Missing_RS.log
2026-05-07 17:55:36,901 - Found 3183 symbols in tmp/arctic_db
2026-05-07 17:56:03,227 - Latest market date (NSE): 2026-05-07
2026-05-07 17:56:03,234 - NSE trading days used: 20260430T, 20260504T, 20260505T, 20260506T, 20260507T
2026-05-07 17:56:03,235 - RSRATING.csv (NSE) generated → RS_Data/RSRATING.csv
2026-05-07 17:56:03,235 - NSE RS calculation completed. 3182 tickers, 3182 with valid RS.
2026-05-07 18:18:17,567 - Starting NSE India RS calculation with Technical Indicators
2026-05-07 18:18:17,572 - Found 3183 symbols in tmp/arctic_db
2026-05-07 18:18:46,878 - Latest market date (NSE): 2026-05-07
2026-05-07 18:28:13,451 - Starting NSE India RS calculation
2026-05-07 18:28:13,451 - Missing RS debug log: logs/debug_rs/Missing_RS.log
2026-05-07 18:28:13,455 - Found 3183 symbols in tmp/arctic_db
2026-05-07 18:28:13,478 - Metadata loaded: 3,189 tickers
2026-05-07 18:28:13,479 - Starting RS calculation for 3183 tickers vs ^CRSLDX
2026-05-07 18:28:34,711 - Latest market date (NSE): 2026-05-07
2026-05-07 18:28:34,719 - NSE trading days used: 20260430T, 20260504T, 20260505T, 20260506T, 20260507T
2026-05-07 18:28:34,719 - RSRATING.csv (NSE) generated → RS_Data/RSRATING.csv
2026-05-07 18:28:34,720 - NSE RS calculation completed. 3182 tickers, 3182 with valid RS.
2026-05-08 10:33:35,793 - Starting NSE India RS calculation
2026-05-08 10:33:35,793 - Missing RS debug log: logs/debug_rs/Missing_RS.log
2026-05-08 10:33:35,797 - Found 3183 symbols in tmp/arctic_db
2026-05-08 10:33:35,819 - Metadata loaded: 3,189 tickers
2026-05-08 10:33:35,819 - Starting RS calculation for 3183 tickers vs ^CRSLDX
2026-05-08 10:33:53,189 - Latest market date (NSE): 2026-05-08
2026-05-08 10:33:53,196 - NSE trading days used: 20260504T, 20260505T, 20260506T, 20260507T, 20260508T
2026-05-08 10:33:53,197 - RSRATING.csv (NSE) generated → RS_Data/RSRATING.csv
2026-05-08 10:33:53,197 - NSE RS calculation completed. 3182 tickers, 3182 with valid RS.
2026-05-08 11:00:06,575 - Starting NSE India RS calculation
2026-05-08 11:00:06,576 - Missing RS debug log: logs/debug_rs/Missing_RS.log
2026-05-08 11:00:06,580 - Found 3183 symbols in tmp/arctic_db
2026-05-08 11:00:06,601 - Metadata loaded: 3,189 tickers
2026-05-08 11:00:06,601 - Starting RS calculation for 3183 tickers vs ^CRSLDX
2026-05-08 11:00:26,674 - Latest market date (NSE): 2026-05-08
2026-05-08 11:00:26,681 - NSE trading days used: 20260504T, 20260505T, 20260506T, 20260507T, 20260508T
2026-05-08 11:00:26,681 - RSRATING.csv (NSE) generated → RS_Data/RSRATING.csv
2026-05-08 11:00:26,681 - NSE RS calculation completed. 3182 tickers, 3182 with valid RS.
2026-05-08 11:21:33,170 - Starting NSE India RS calculation
2026-05-08 11:21:33,170 - Missing RS debug log: logs/debug_rs/Missing_RS.log
2026-05-08 11:21:33,174 - Found 3183 symbols in tmp/arctic_db
2026-05-08 11:21:33,197 - Metadata loaded: 3,189 tickers
2026-05-08 11:21:33,197 - Starting RS calculation for 3183 tickers vs ^CRSLDX
2026-05-08 11:21:53,380 - Latest market date (NSE): 2026-05-08
2026-05-08 11:21:53,387 - NSE trading days used: 20260504T, 20260505T, 20260506T, 20260507T, 20260508T
2026-05-08 11:21:53,388 - RSRATING.csv (NSE) generated → RS_Data/RSRATING.csv
2026-05-08 11:21:53,388 - NSE RS calculation completed. 3182 tickers, 3182 with valid RS.
2026-05-08 11:33:17,230 - Starting NSE India RS calculation
2026-05-08 11:33:17,231 - Missing RS debug log: logs/debug_rs/Missing_RS.log
2026-05-08 11:33:17,235 - Found 3187 symbols in tmp/arctic_db
2026-05-08 11:33:17,257 - Metadata loaded: 3,193 tickers
2026-05-08 11:33:17,257 - Starting RS calculation for 3187 tickers vs ^CRSLDX
2026-05-08 11:33:37,250 - Latest market date (NSE): 2026-05-08
2026-05-08 11:33:37,258 - NSE trading days used: 20260504T, 20260505T, 20260506T, 20260507T, 20260508T
2026-05-08 11:33:37,258 - RSRATING.csv (NSE) generated → RS_Data/RSRATING.csv
2026-05-08 11:33:37,258 - NSE RS calculation completed. 3186 tickers, 3186 with valid RS.
2026-05-08 17:02:30,254 - Starting NSE India RS calculation
2026-05-08 17:02:30,254 - Missing RS debug log: logs/debug_rs/Missing_RS.log
2026-05-08 17:02:30,258 - Found 3187 symbols in tmp/arctic_db
2026-05-08 17:02:30,281 - Metadata loaded: 3,193 tickers
2026-05-08 17:02:30,281 - Starting RS calculation for 3187 tickers vs ^CRSLDX
2026-05-08 17:03:01,538 - Latest market date (NSE): 2026-05-08
2026-05-08 17:03:01,546 - NSE trading days used: 20260504T, 20260505T, 20260506T, 20260507T, 20260508T
2026-05-08 17:03:01,546 - RSRATING.csv (NSE) generated → RS_Data/RSRATING.csv
2026-05-08 17:03:01,546 - NSE RS calculation completed. 3186 tickers, 3186 with valid RS.
2026-05-08 18:17:11,551 - Starting NSE India RS calculation
2026-05-08 18:17:11,552 - Missing RS debug log: logs/debug_rs/Missing_RS.log
2026-05-08 18:17:11,556 - Found 3187 symbols in tmp/arctic_db
2026-05-08 18:17:11,578 - Metadata loaded: 3,193 tickers
2026-05-08 18:17:11,579 - Starting RS calculation for 3187 tickers vs ^CRSLDX
2026-05-08 18:17:29,125 - Latest market date (NSE): 2026-05-08
2026-05-08 18:17:29,132 - NSE trading days used: 20260504T, 20260505T, 20260506T, 20260507T, 20260508T
2026-05-08 18:17:29,133 - RSRATING.csv (NSE) generated → RS_Data/RSRATING.csv
2026-05-08 18:17:29,133 - NSE RS calculation completed. 3186 tickers, 3186 with valid RS.
2026-05-08 20:23:46,359 - Starting NSE India RS calculation
2026-05-08 20:23:46,359 - Missing RS debug log: logs/debug_rs/Missing_RS.log
2026-05-08 20:23:46,363 - Found 3187 symbols in tmp/arctic_db
2026-05-08 20:23:46,393 - Metadata loaded: 3,193 tickers
2026-05-08 20:23:46,393 - Starting RS calculation for 3187 tickers vs ^CRSLDX
2026-05-08 20:24:14,454 - Latest market date (NSE): 2026-05-07
2026-05-08 20:24:14,461 - NSE trading days used: 20260430T, 20260504T, 20260505T, 20260506T, 20260507T
2026-05-08 20:24:14,462 - RSRATING.csv (NSE) generated → RS_Data/RSRATING.csv
2026-05-08 20:24:14,462 - NSE RS calculation completed. 3186 tickers, 3186 with valid RS.
2026-05-11 13:59:06,742 - Starting NSE India RS calculation
2026-05-11 13:59:06,742 - Missing RS debug log: logs/debug_rs/Missing_RS.log
2026-05-11 13:59:06,746 - Found 3178 symbols in tmp/arctic_db
2026-05-11 13:59:06,769 - Metadata loaded: 3,185 tickers
2026-05-11 13:59:06,769 - Starting RS calculation for 3178 tickers vs ^CRSLDX
2026-05-11 13:59:37,067 - Latest market date (NSE): 2026-05-11
2026-05-11 13:59:37,075 - NSE trading days used: 20260505T, 20260506T, 20260507T, 20260508T, 20260511T
2026-05-11 13:59:37,075 - RSRATING.csv (NSE) generated → RS_Data/RSRATING.csv
2026-05-11 13:59:37,075 - NSE RS calculation completed. 3177 tickers, 3177 with valid RS.
2026-05-12 13:14:53,724 - Starting NSE India RS calculation
2026-05-12 13:14:53,724 - Missing RS debug log: logs/debug_rs/Missing_RS.log
2026-05-12 13:14:53,729 - Found 3231 symbols in tmp/arctic_db
2026-05-12 13:14:53,753 - Metadata loaded: 3,239 tickers
2026-05-12 13:14:53,753 - Starting RS calculation for 3231 tickers vs ^CRSLDX
2026-05-12 13:15:21,383 - Latest market date (NSE): 2026-05-12
2026-05-12 13:15:21,390 - NSE trading days used: 20260506T, 20260507T, 20260508T, 20260511T, 20260512T
2026-05-12 13:15:21,390 - RSRATING.csv (NSE) generated → RS_Data/RSRATING.csv
2026-05-12 13:15:21,391 - NSE RS calculation completed. 3230 tickers, 3230 with valid RS.
2026-05-13 13:22:29,903 - Starting NSE India RS calculation
2026-05-13 13:22:29,903 - Missing RS debug log: logs/debug_rs/Missing_RS.log
2026-05-13 13:22:29,907 - Found 3183 symbols in tmp/arctic_db
2026-05-13 13:22:29,929 - Metadata loaded: 3,187 tickers
2026-05-13 13:22:29,929 - Starting RS calculation for 3183 tickers vs ^CRSLDX
2026-05-13 13:23:00,726 - Latest market date (NSE): 2026-05-13
2026-05-13 13:23:00,733 - NSE trading days used: 20260507T, 20260508T, 20260511T, 20260512T, 20260513T
2026-05-13 13:23:00,734 - RSRATING.csv (NSE) generated → RS_Data/RSRATING.csv
2026-05-13 13:23:00,734 - NSE RS calculation completed. 3182 tickers, 3182 with valid RS.
2026-05-14 12:38:25,633 - Starting NSE India RS calculation
2026-05-14 12:38:25,633 - Missing RS debug log: logs/debug_rs/Missing_RS.log
2026-05-14 12:38:25,637 - Found 3181 symbols in tmp/arctic_db
2026-05-14 12:38:25,659 - Metadata loaded: 3,184 tickers
2026-05-14 12:38:25,659 - Starting RS calculation for 3181 tickers vs ^CRSLDX
2026-05-14 12:38:56,496 - Latest market date (NSE): 2026-05-14
2026-05-14 12:38:56,504 - NSE trading days used: 20260508T, 20260511T, 20260512T, 20260513T, 20260514T
2026-05-14 12:38:56,505 - RSRATING.csv (NSE) generated → RS_Data/RSRATING.csv
2026-05-14 12:38:56,505 - NSE RS calculation completed. 3180 tickers, 3180 with valid RS.
2026-05-15 13:06:47,543 - Starting NSE India RS calculation
2026-05-15 13:06:47,543 - Missing RS debug log: logs/debug_rs/Missing_RS.log
2026-05-15 13:06:47,548 - Found 3176 symbols in tmp/arctic_db
2026-05-15 13:06:47,570 - Metadata loaded: 3,178 tickers
2026-05-15 13:06:47,570 - Starting RS calculation for 3176 tickers vs ^CRSLDX
2026-05-15 13:07:14,412 - Latest market date (NSE): 2026-05-15
2026-05-15 13:07:14,419 - NSE trading days used: 20260511T, 20260512T, 20260513T, 20260514T, 20260515T
2026-05-15 13:07:14,420 - RSRATING.csv (NSE) generated → RS_Data/RSRATING.csv
2026-05-15 13:07:14,420 - NSE RS calculation completed. 3175 tickers, 3175 with valid RS.
2026-05-18 14:41:42,917 - Starting NSE India RS calculation
2026-05-18 14:41:42,918 - Missing RS debug log: logs/debug_rs/Missing_RS.log
2026-05-18 14:41:42,922 - Found 3147 symbols in tmp/arctic_db
2026-05-18 14:41:42,944 - Metadata loaded: 3,149 tickers
2026-05-18 14:41:42,944 - Starting RS calculation for 3147 tickers vs ^CRSLDX
2026-05-18 14:42:12,364 - Latest market date (NSE): 2026-05-18
2026-05-18 14:42:12,371 - NSE trading days used: 20260512T, 20260513T, 20260514T, 20260515T, 20260518T
2026-05-18 14:42:12,372 - RSRATING.csv (NSE) generated → RS_Data/RSRATING.csv
2026-05-18 14:42:12,372 - NSE RS calculation completed. 3146 tickers, 3146 with valid RS.
2026-05-19 14:08:12,560 - Starting NSE India RS calculation
2026-05-19 14:08:12,561 - Missing RS debug log: logs/debug_rs/Missing_RS.log
2026-05-19 14:08:12,564 - Found 3211 symbols in tmp/arctic_db
2026-05-19 14:08:12,582 - Metadata loaded: 3,213 tickers
2026-05-19 14:08:12,582 - Starting RS calculation for 3211 tickers vs ^CRSLDX
2026-05-19 14:08:33,657 - Latest market date (NSE): 2026-05-19
2026-05-19 14:08:33,663 - NSE trading days used: 20260513T, 20260514T, 20260515T, 20260518T, 20260519T
2026-05-19 14:08:33,663 - RSRATING.csv (NSE) generated → RS_Data/RSRATING.csv
2026-05-19 14:08:33,663 - NSE RS calculation completed. 3210 tickers, 3210 with valid RS.
2026-05-20 13:52:52,263 - Starting NSE India RS calculation
2026-05-20 13:52:52,263 - Missing RS debug log: logs/debug_rs/Missing_RS.log
2026-05-20 13:52:52,267 - Found 3173 symbols in tmp/arctic_db
2026-05-20 13:52:52,290 - Metadata loaded: 3,175 tickers
2026-05-20 13:52:52,290 - Starting RS calculation for 3173 tickers vs ^CRSLDX
2026-05-20 13:53:19,468 - Latest market date (NSE): 2026-05-20
2026-05-20 13:53:19,475 - NSE trading days used: 20260514T, 20260515T, 20260518T, 20260519T, 20260520T
2026-05-20 13:53:19,476 - RSRATING.csv (NSE) generated → RS_Data/RSRATING.csv
2026-05-20 13:53:19,476 - NSE RS calculation completed. 3172 tickers, 3172 with valid RS.
2026-05-21 14:25:41,808 - Starting NSE India RS calculation
2026-05-21 14:25:41,808 - Missing RS debug log: logs/debug_rs/Missing_RS.log
2026-05-21 14:25:41,812 - Found 3148 symbols in tmp/arctic_db
2026-05-21 14:25:41,836 - Metadata loaded: 3,153 tickers
2026-05-21 14:25:41,836 - Starting RS calculation for 3148 tickers vs ^CRSLDX
2026-05-21 14:26:08,294 - Latest market date (NSE): 2026-05-21
2026-05-21 14:26:08,301 - NSE trading days used: 20260515T, 20260518T, 20260519T, 20260520T, 20260521T
2026-05-21 14:26:08,302 - RSRATING.csv (NSE) generated → RS_Data/RSRATING.csv
2026-05-21 14:26:08,302 - NSE RS calculation completed. 3147 tickers, 3147 with valid RS.
2026-05-22 13:42:02,124 - Starting NSE India RS calculation
2026-05-22 13:42:02,124 - Missing RS debug log: logs/debug_rs/Missing_RS.log
2026-05-22 13:42:02,128 - Found 3153 symbols in tmp/arctic_db
2026-05-22 13:42:02,150 - Metadata loaded: 3,162 tickers
2026-05-22 13:42:02,150 - Starting RS calculation for 3153 tickers vs ^CRSLDX
2026-05-22 13:42:30,336 - Latest market date (NSE): 2026-05-22
2026-05-22 13:42:30,344 - NSE trading days used: 20260518T, 20260519T, 20260520T, 20260521T, 20260522T
2026-05-22 13:42:30,345 - RSRATING.csv (NSE) generated → RS_Data/RSRATING.csv
2026-05-22 13:42:30,345 - NSE RS calculation completed. 3152 tickers, 3152 with valid RS.
2026-05-25 14:18:47,346 - Starting NSE India RS calculation
2026-05-25 14:18:47,347 - Missing RS debug log: logs/debug_rs/Missing_RS.log
2026-05-25 14:18:47,351 - Found 3140 symbols in tmp/arctic_db
2026-05-25 14:18:47,373 - Metadata loaded: 3,142 tickers
2026-05-25 14:18:47,373 - Starting RS calculation for 3140 tickers vs ^CRSLDX
2026-05-25 14:19:18,215 - Latest market date (NSE): 2026-05-25
2026-05-25 14:19:18,222 - NSE trading days used: 20260519T, 20260520T, 20260521T, 20260522T, 20260525T
2026-05-25 14:19:18,223 - RSRATING.csv (NSE) generated → RS_Data/RSRATING.csv
2026-05-25 14:19:18,223 - NSE RS calculation completed. 3139 tickers, 3139 with valid RS.
2026-05-26 14:05:45,019 - Starting NSE India RS calculation
2026-05-26 14:05:45,020 - Missing RS debug log: logs/debug_rs/Missing_RS.log
2026-05-26 14:05:45,024 - Found 3198 symbols in tmp/arctic_db
2026-05-26 14:05:45,048 - Metadata loaded: 3,200 tickers
2026-05-26 14:05:45,048 - Starting RS calculation for 3198 tickers vs ^CRSLDX
2026-05-26 14:06:17,728 - Latest market date (NSE): 2026-05-26
2026-05-26 14:06:17,736 - NSE trading days used: 20260520T, 20260521T, 20260522T, 20260525T, 20260526T
2026-05-26 14:06:17,737 - RSRATING.csv (NSE) generated → RS_Data/RSRATING.csv
2026-05-26 14:06:17,737 - NSE RS calculation completed. 3197 tickers, 3197 with valid RS.
2026-05-27 12:34:54,579 - Starting NSE India RS calculation
2026-05-27 12:34:54,579 - Missing RS debug log: logs/debug_rs/Missing_RS.log
2026-05-27 12:34:54,583 - Found 3198 symbols in tmp/arctic_db
2026-05-27 12:34:54,604 - Metadata loaded: 3,200 tickers
2026-05-27 12:34:54,604 - Starting RS calculation for 3198 tickers vs ^CRSLDX
2026-05-27 12:35:22,971 - Latest market date (NSE): 2026-05-27
2026-05-27 12:35:22,978 - NSE trading days used: 20260521T, 20260522T, 20260525T, 20260526T, 20260527T
2026-05-27 12:35:22,979 - RSRATING.csv (NSE) generated → RS_Data/RSRATING.csv
2026-05-27 12:35:22,979 - NSE RS calculation completed. 3197 tickers, 3197 with valid RS.
2026-05-27 15:07:15,471 - Starting NSE India RS calculation
2026-05-27 15:07:15,472 - Missing RS debug log: logs/debug_rs/Missing_RS.log
2026-05-27 15:07:15,476 - Found 3163 symbols in tmp/arctic_db
2026-05-27 15:07:15,500 - Metadata loaded: 3,168 tickers
2026-05-27 15:07:15,500 - Starting RS calculation for 3163 tickers vs ^CRSLDX
2026-05-27 15:07:43,535 - Latest market date (NSE): 2026-05-27
2026-05-27 15:07:43,542 - NSE trading days used: 20260521T, 20260522T, 20260525T, 20260526T, 20260527T
2026-05-27 15:07:43,542 - RSRATING.csv (NSE) generated → RS_Data/RSRATING.csv
2026-05-27 15:07:43,543 - NSE RS calculation completed. 3162 tickers, 3162 with valid RS.
2026-05-28 22:42:21,856 - Starting NSE India RS calculation
2026-05-28 22:42:21,857 - Missing RS debug log: logs/debug_rs/Missing_RS.log
2026-05-28 22:42:21,860 - Found 3109 symbols in tmp/arctic_db
2026-05-28 22:42:21,878 - Metadata loaded: 3,114 tickers
2026-05-28 22:42:21,878 - Starting RS calculation for 3109 tickers vs ^CRSLDX
2026-05-28 22:42:42,151 - Latest market date (NSE): 2026-05-27
2026-05-28 22:42:42,157 - NSE trading days used: 20260521T, 20260522T, 20260525T, 20260526T, 20260527T
2026-05-28 22:42:42,157 - RSRATING.csv (NSE) generated → RS_Data/RSRATING.csv
2026-05-28 22:42:42,157 - NSE RS calculation completed. 3108 tickers, 3108 with valid RS.
2026-05-29 14:07:38,443 - Starting NSE India RS calculation
2026-05-29 14:07:38,443 - Missing RS debug log: logs/debug_rs/Missing_RS.log
2026-05-29 14:07:38,448 - Found 3139 symbols in tmp/arctic_db
2026-05-29 14:07:38,470 - Metadata loaded: 3,144 tickers
2026-05-29 14:07:38,471 - Starting RS calculation for 3139 tickers vs ^CRSLDX
2026-05-29 14:08:04,961 - Latest market date (NSE): 2026-05-29
2026-05-29 14:08:04,968 - NSE trading days used: 20260522T, 20260525T, 20260526T, 20260527T, 20260529T
2026-05-29 14:08:04,968 - RSRATING.csv (NSE) generated → RS_Data/RSRATING.csv
2026-05-29 14:08:04,968 - NSE RS calculation completed. 3138 tickers, 3138 with valid RS.
2026-06-01 16:45:32,063 - Starting NSE India RS calculation
2026-06-01 16:45:32,064 - Missing RS debug log: logs/debug_rs/Missing_RS.log
2026-06-01 16:45:32,068 - Found 3151 symbols in tmp/arctic_db
2026-06-01 16:45:32,090 - Metadata loaded: 3,156 tickers
2026-06-01 16:45:32,090 - Starting RS calculation for 3151 tickers vs ^CRSLDX
2026-06-01 16:46:02,570 - Latest market date (NSE): 2026-06-01
2026-06-01 16:46:02,577 - NSE trading days used: 20260525T, 20260526T, 20260527T, 20260529T, 20260601T
2026-06-01 16:46:02,578 - RSRATING.csv (NSE) generated → RS_Data/RSRATING.csv
2026-06-01 16:46:02,578 - NSE RS calculation completed. 3150 tickers, 3150 with valid RS.
2026-06-02 15:01:40,570 - Starting NSE India RS calculation
2026-06-02 15:01:40,570 - Missing RS debug log: logs/debug_rs/Missing_RS.log
2026-06-02 15:01:40,575 - Found 3200 symbols in tmp/arctic_db
2026-06-02 15:01:40,597 - Metadata loaded: 3,205 tickers
2026-06-02 15:01:40,597 - Starting RS calculation for 3200 tickers vs ^CRSLDX
2026-06-02 15:02:08,771 - Latest market date (NSE): 2026-06-02
2026-06-02 15:02:08,778 - NSE trading days used: 20260526T, 20260527T, 20260529T, 20260601T, 20260602T
2026-06-02 15:02:08,779 - RSRATING.csv (NSE) generated → RS_Data/RSRATING.csv
2026-06-02 15:02:08,779 - NSE RS calculation completed. 3199 tickers, 3199 with valid RS.
2026-06-03 15:36:45,279 - Starting NSE India RS calculation
2026-06-03 15:36:45,280 - Missing RS debug log: logs/debug_rs/Missing_RS.log
2026-06-03 15:36:45,284 - Found 3155 symbols in tmp/arctic_db
2026-06-03 15:36:45,306 - Metadata loaded: 3,159 tickers
2026-06-03 15:36:45,306 - Starting RS calculation for 3155 tickers vs ^CRSLDX
2026-06-03 15:37:16,407 - Latest market date (NSE): 2026-06-03
2026-06-03 15:37:16,414 - NSE trading days used: 20260527T, 20260529T, 20260601T, 20260602T, 20260603T
2026-06-03 15:37:16,415 - RSRATING.csv (NSE) generated → RS_Data/RSRATING.csv
2026-06-03 15:37:16,415 - NSE RS calculation completed. 3154 tickers, 3154 with valid RS.
2026-06-04 14:05:56,251 - Starting NSE India RS calculation
2026-06-04 14:05:56,251 - Missing RS debug log: logs/debug_rs/Missing_RS.log
2026-06-04 14:05:56,255 - Found 3141 symbols in tmp/arctic_db
2026-06-04 14:05:56,277 - Metadata loaded: 3,145 tickers
2026-06-04 14:05:56,277 - Starting RS calculation for 3141 tickers vs ^CRSLDX
2026-06-04 14:06:27,364 - Latest market date (NSE): 2026-06-04
2026-06-04 14:06:27,371 - NSE trading days used: 20260529T, 20260601T, 20260602T, 20260603T, 20260604T
2026-06-04 14:06:27,372 - RSRATING.csv (NSE) generated → RS_Data/RSRATING.csv
2026-06-04 14:06:27,372 - NSE RS calculation completed. 3140 tickers, 3140 with valid RS.
2026-06-05 15:53:44,313 - Starting NSE India RS calculation
2026-06-05 15:53:44,313 - Missing RS debug log: logs/debug_rs/Missing_RS.log
2026-06-05 15:53:44,317 - Found 3142 symbols in tmp/arctic_db
2026-06-05 15:53:44,339 - Metadata loaded: 3,146 tickers
2026-06-05 15:53:44,339 - Starting RS calculation for 3142 tickers vs ^CRSLDX
2026-06-05 15:54:12,377 - Latest market date (NSE): 2026-06-05
2026-06-05 15:54:12,384 - NSE trading days used: 20260601T, 20260602T, 20260603T, 20260604T, 20260605T
2026-06-05 15:54:12,385 - RSRATING.csv (NSE) generated → RS_Data/RSRATING.csv
2026-06-05 15:54:12,385 - NSE RS calculation completed. 3141 tickers, 3141 with valid RS.
