2025-09-28 02:06:08,465 [INFO] Starting price merge process at 02:06 AM EDT on Sunday, September 28, 2025
2025-09-28 02:06:08,465 [INFO] Searching for ticker_price_part_*.json files in data
2025-09-28 02:06:08,466 [INFO] Found 5 part files to merge: ['ticker_price_part_0.json', 'ticker_price_part_1.json', 'ticker_price_part_2.json', 'ticker_price_part_3.json', 'ticker_price_part_4.json']
2025-09-28 02:06:08,469 [INFO] Loaded 646 tickers from ticker_price_part_0.json
2025-09-28 02:06:08,473 [INFO] Loaded 653 tickers from ticker_price_part_1.json
2025-09-28 02:06:08,477 [INFO] Loaded 646 tickers from ticker_price_part_2.json
2025-09-28 02:06:08,481 [INFO] Loaded 631 tickers from ticker_price_part_3.json
2025-09-28 02:06:08,485 [INFO] Loaded 638 tickers from ticker_price_part_4.json
2025-09-28 02:06:08,541 [INFO] Merged data saved to data/ticker_price.json with 3214 entries
2025-09-28 02:06:08,542 [INFO] Price merge completed. Elapsed time: 0.1s
2025-09-28 04:07:59,428 [INFO] Starting price merge process at 04:07 AM EDT on Sunday, September 28, 2025
2025-09-28 04:07:59,428 [INFO] Searching for ticker_price_part_*.json files in data
2025-09-28 04:07:59,428 [INFO] Found 5 part files to merge: ['ticker_price_part_0.json', 'ticker_price_part_1.json', 'ticker_price_part_2.json', 'ticker_price_part_3.json', 'ticker_price_part_4.json']
2025-09-28 04:07:59,428 [INFO] Loaded 1 tickers from ticker_price_part_0.json
2025-09-28 04:07:59,429 [INFO] Loaded 0 tickers from ticker_price_part_1.json
2025-09-28 04:07:59,429 [INFO] Loaded 0 tickers from ticker_price_part_2.json
2025-09-28 04:07:59,429 [INFO] Loaded 0 tickers from ticker_price_part_3.json
2025-09-28 04:07:59,429 [INFO] Loaded 0 tickers from ticker_price_part_4.json
2025-09-28 04:07:59,430 [INFO] Merged data saved to data/ticker_price.json with 1 entries
2025-09-28 04:07:59,430 [INFO] Price merge completed. Elapsed time: 0.0s
2025-09-28 04:28:39,960 [INFO] Starting price merge process at 04:28 AM EDT on Sunday, September 28, 2025
2025-09-28 04:28:39,960 [INFO] Searching for ticker_price_part_*.json files in data
2025-09-28 04:28:39,960 [INFO] Found 5 part files to merge: ['ticker_price_part_0.json', 'ticker_price_part_1.json', 'ticker_price_part_2.json', 'ticker_price_part_3.json', 'ticker_price_part_4.json']
2025-09-28 04:28:39,963 [INFO] Loaded 647 tickers from ticker_price_part_0.json
2025-09-28 04:28:39,969 [INFO] Loaded 653 tickers from ticker_price_part_1.json
2025-09-28 04:28:39,975 [INFO] Loaded 646 tickers from ticker_price_part_2.json
2025-09-28 04:28:39,981 [INFO] Loaded 631 tickers from ticker_price_part_3.json
2025-09-28 04:28:39,987 [INFO] Loaded 639 tickers from ticker_price_part_4.json
2025-09-28 04:28:40,041 [INFO] Merged data saved to data/ticker_price.json with 3216 entries
2025-09-28 04:28:40,043 [INFO] Price merge completed. Elapsed time: 0.1s
2025-09-28 05:24:31,452 [INFO] Starting price merge process at 05:24 AM EDT on Sunday, September 28, 2025
2025-09-28 05:24:31,452 [INFO] Searching for ticker_price_part_*.json files in data
2025-09-28 05:24:31,452 [INFO] Found 5 part files to merge: ['ticker_price_part_0.json', 'ticker_price_part_1.json', 'ticker_price_part_2.json', 'ticker_price_part_3.json', 'ticker_price_part_4.json']
2025-09-28 05:24:31,455 [INFO] Loaded 647 tickers from ticker_price_part_0.json
2025-09-28 05:24:31,461 [INFO] Loaded 653 tickers from ticker_price_part_1.json
2025-09-28 05:24:31,467 [INFO] Loaded 646 tickers from ticker_price_part_2.json
2025-09-28 05:24:31,473 [INFO] Loaded 631 tickers from ticker_price_part_3.json
2025-09-28 05:24:31,479 [INFO] Loaded 639 tickers from ticker_price_part_4.json
2025-09-28 05:24:31,534 [INFO] Merged data saved to data/ticker_price.json with 3216 entries
2025-09-28 05:24:31,536 [INFO] Price merge completed. Elapsed time: 0.1s
2025-09-28 06:04:45,342 [INFO] Starting price merge process at 06:04 AM EDT on Sunday, September 28, 2025
2025-09-28 06:04:45,342 [INFO] Searching for ticker_price_part_*.json files in data
2025-09-28 06:04:45,342 [INFO] Found 5 part files to merge: ['ticker_price_part_0.json', 'ticker_price_part_1.json', 'ticker_price_part_2.json', 'ticker_price_part_3.json', 'ticker_price_part_4.json']
2025-09-28 06:04:45,345 [INFO] Loaded 646 tickers from ticker_price_part_0.json
2025-09-28 06:04:45,351 [INFO] Loaded 653 tickers from ticker_price_part_1.json
2025-09-28 06:04:45,357 [INFO] Loaded 646 tickers from ticker_price_part_2.json
2025-09-28 06:04:45,364 [INFO] Loaded 631 tickers from ticker_price_part_3.json
2025-09-28 06:04:45,370 [INFO] Loaded 639 tickers from ticker_price_part_4.json
2025-09-28 06:04:45,425 [INFO] Merged data saved to data/ticker_price.json with 3215 entries
2025-09-28 06:04:45,426 [INFO] Price merge completed. Elapsed time: 0.1s
2025-11-20 04:14:25,492 [INFO] Starting price merge process at 04:14 AM EDT on Thursday, November 20, 2025
2025-11-20 04:14:25,492 [INFO] Searching for ticker_price_part_*.json files in data
2025-11-20 04:14:25,492 [INFO] Found 5 part files to merge: ['ticker_price_part_0.json', 'ticker_price_part_1.json', 'ticker_price_part_2.json', 'ticker_price_part_3.json', 'ticker_price_part_4.json']
2025-11-20 04:14:25,495 [INFO] Loaded 632 tickers from ticker_price_part_0.json
2025-11-20 04:14:25,501 [INFO] Loaded 645 tickers from ticker_price_part_1.json
2025-11-20 04:14:25,507 [INFO] Loaded 636 tickers from ticker_price_part_2.json
2025-11-20 04:14:25,512 [INFO] Loaded 623 tickers from ticker_price_part_3.json
2025-11-20 04:14:25,518 [INFO] Loaded 629 tickers from ticker_price_part_4.json
2025-11-20 04:14:25,573 [INFO] Merged data saved to data/ticker_price.json with 3165 entries
2025-11-20 04:14:25,575 [INFO] Price merge completed. Elapsed time: 0.1s
2025-11-20 15:44:51,065 [INFO] Starting price merge process at 03:44 PM EDT on Thursday, November 20, 2025
2025-11-20 15:44:51,065 [INFO] Searching for ticker_price_part_*.json files in data
2025-11-20 15:44:51,065 [INFO] Found 5 part files to merge: ['ticker_price_part_0.json', 'ticker_price_part_1.json', 'ticker_price_part_2.json', 'ticker_price_part_3.json', 'ticker_price_part_4.json']
2025-11-20 15:44:51,068 [INFO] Loaded 638 tickers from ticker_price_part_0.json
2025-11-20 15:44:51,074 [INFO] Loaded 650 tickers from ticker_price_part_1.json
2025-11-20 15:44:51,080 [INFO] Loaded 648 tickers from ticker_price_part_2.json
2025-11-20 15:44:51,085 [INFO] Loaded 635 tickers from ticker_price_part_3.json
2025-11-20 15:44:51,090 [INFO] Loaded 643 tickers from ticker_price_part_4.json
2025-11-20 15:44:51,144 [INFO] Merged data saved to data/ticker_price.json with 3214 entries
2025-11-20 15:44:51,145 [INFO] Price merge completed. Elapsed time: 0.1s
2025-11-20 23:21:51,708 [INFO] Starting price merge process at 11:21 PM EDT on Thursday, November 20, 2025
2025-11-20 23:21:51,708 [INFO] Searching for ticker_price_part_*.json files in data
2025-11-20 23:21:51,708 [INFO] Found 5 part files to merge: ['ticker_price_part_0.json', 'ticker_price_part_1.json', 'ticker_price_part_2.json', 'ticker_price_part_3.json', 'ticker_price_part_4.json']
2025-11-20 23:21:51,711 [INFO] Loaded 638 tickers from ticker_price_part_0.json
2025-11-20 23:21:51,717 [INFO] Loaded 650 tickers from ticker_price_part_1.json
2025-11-20 23:21:51,723 [INFO] Loaded 648 tickers from ticker_price_part_2.json
2025-11-20 23:21:51,729 [INFO] Loaded 635 tickers from ticker_price_part_3.json
2025-11-20 23:21:51,735 [INFO] Loaded 643 tickers from ticker_price_part_4.json
2025-11-20 23:21:51,790 [INFO] Merged data saved to data/ticker_price.json with 3214 entries
2025-11-20 23:21:51,791 [INFO] Price merge completed. Elapsed time: 0.1s
2025-11-21 23:09:52,464 [INFO] Starting price merge process at 11:09 PM EDT on Friday, November 21, 2025
2025-11-21 23:09:52,464 [INFO] Searching for ticker_price_part_*.json files in data
2025-11-21 23:09:52,464 [INFO] Found 5 part files to merge: ['ticker_price_part_0.json', 'ticker_price_part_1.json', 'ticker_price_part_2.json', 'ticker_price_part_3.json', 'ticker_price_part_4.json']
2025-11-21 23:09:52,467 [INFO] Loaded 638 tickers from ticker_price_part_0.json
2025-11-21 23:09:52,473 [INFO] Loaded 650 tickers from ticker_price_part_1.json
2025-11-21 23:09:52,479 [INFO] Loaded 642 tickers from ticker_price_part_2.json
2025-11-21 23:09:52,485 [INFO] Loaded 631 tickers from ticker_price_part_3.json
2025-11-21 23:09:52,491 [INFO] Loaded 643 tickers from ticker_price_part_4.json
2025-11-21 23:09:52,546 [INFO] Merged data saved to data/ticker_price.json with 3204 entries
2025-11-21 23:09:52,547 [INFO] Price merge completed. Elapsed time: 0.1s
2025-11-24 14:23:39,300 [INFO] Starting price merge process at 02:23 PM EDT on Monday, November 24, 2025
2025-11-24 14:23:39,300 [INFO] Searching for ticker_price_part_*.json files in data
2025-11-24 14:23:39,300 [INFO] Found 5 part files to merge: ['ticker_price_part_0.json', 'ticker_price_part_1.json', 'ticker_price_part_2.json', 'ticker_price_part_3.json', 'ticker_price_part_4.json']
2025-11-24 14:23:39,302 [INFO] Loaded 642 tickers from ticker_price_part_0.json
2025-11-24 14:23:39,307 [INFO] Loaded 644 tickers from ticker_price_part_1.json
2025-11-24 14:23:39,313 [INFO] Loaded 636 tickers from ticker_price_part_2.json
2025-11-24 14:23:39,318 [INFO] Loaded 617 tickers from ticker_price_part_3.json
2025-11-24 14:23:39,324 [INFO] Loaded 625 tickers from ticker_price_part_4.json
2025-11-24 14:23:39,377 [INFO] Merged data saved to data/ticker_price.json with 3164 entries
2025-11-24 14:23:39,379 [INFO] Price merge completed. Elapsed time: 0.1s
2025-11-25 03:06:31,974 [INFO] Starting price merge process at 03:06 AM EDT on Tuesday, November 25, 2025
2025-11-25 03:06:31,974 [INFO] Searching for ticker_price_part_*.json files in data
2025-11-25 03:06:31,974 [INFO] Found 5 part files to merge: ['ticker_price_part_0.json', 'ticker_price_part_1.json', 'ticker_price_part_2.json', 'ticker_price_part_3.json', 'ticker_price_part_4.json']
2025-11-25 03:06:31,976 [INFO] Loaded 648 tickers from ticker_price_part_0.json
2025-11-25 03:06:31,982 [INFO] Loaded 652 tickers from ticker_price_part_1.json
2025-11-25 03:06:31,988 [INFO] Loaded 650 tickers from ticker_price_part_2.json
2025-11-25 03:06:31,993 [INFO] Loaded 627 tickers from ticker_price_part_3.json
2025-11-25 03:06:31,998 [INFO] Loaded 638 tickers from ticker_price_part_4.json
2025-11-25 03:06:32,052 [INFO] Merged data saved to data/ticker_price.json with 3215 entries
2025-11-25 03:06:32,053 [INFO] Price merge completed. Elapsed time: 0.1s
2025-11-26 03:15:09,066 [INFO] Starting price merge process at 03:15 AM EDT on Wednesday, November 26, 2025
2025-11-26 03:15:09,066 [INFO] Searching for ticker_price_part_*.json files in data
2025-11-26 03:15:09,067 [INFO] Found 5 part files to merge: ['ticker_price_part_0.json', 'ticker_price_part_1.json', 'ticker_price_part_2.json', 'ticker_price_part_3.json', 'ticker_price_part_4.json']
2025-11-26 03:15:09,070 [INFO] Loaded 656 tickers from ticker_price_part_0.json
2025-11-26 03:15:09,076 [INFO] Loaded 663 tickers from ticker_price_part_1.json
2025-11-26 03:15:09,082 [INFO] Loaded 660 tickers from ticker_price_part_2.json
2025-11-26 03:15:09,088 [INFO] Loaded 637 tickers from ticker_price_part_3.json
2025-11-26 03:15:09,094 [INFO] Loaded 651 tickers from ticker_price_part_4.json
2025-11-26 03:15:09,152 [INFO] Merged data saved to data/ticker_price.json with 3267 entries
2025-11-26 03:15:09,154 [INFO] Price merge completed. Elapsed time: 0.1s
2025-11-26 03:27:19,229 [INFO] Starting price merge process at 03:27 AM EDT on Wednesday, November 26, 2025
2025-11-26 03:27:19,229 [INFO] Searching for ticker_price_part_*.json files in data
2025-11-26 03:27:19,229 [INFO] Found 5 part files to merge: ['ticker_price_part_0.json', 'ticker_price_part_1.json', 'ticker_price_part_2.json', 'ticker_price_part_3.json', 'ticker_price_part_4.json']
2025-11-26 03:27:19,232 [INFO] Loaded 653 tickers from ticker_price_part_0.json
2025-11-26 03:27:19,238 [INFO] Loaded 663 tickers from ticker_price_part_1.json
2025-11-26 03:27:19,244 [INFO] Loaded 658 tickers from ticker_price_part_2.json
2025-11-26 03:27:19,250 [INFO] Loaded 636 tickers from ticker_price_part_3.json
2025-11-26 03:27:19,255 [INFO] Loaded 652 tickers from ticker_price_part_4.json
2025-11-26 03:27:19,311 [INFO] Merged data saved to data/ticker_price.json with 3262 entries
2025-11-26 03:27:19,314 [INFO] Price merge completed. Elapsed time: 0.1s
2025-11-27 00:13:57,817 [INFO] Starting price merge process at 12:13 AM EDT on Thursday, November 27, 2025
2025-11-27 00:13:57,817 [INFO] Searching for ticker_price_part_*.json files in data
2025-11-27 00:13:57,818 [INFO] Found 5 part files to merge: ['ticker_price_part_0.json', 'ticker_price_part_1.json', 'ticker_price_part_2.json', 'ticker_price_part_3.json', 'ticker_price_part_4.json']
2025-11-27 00:13:57,820 [INFO] Loaded 636 tickers from ticker_price_part_0.json
2025-11-27 00:13:57,826 [INFO] Loaded 648 tickers from ticker_price_part_1.json
2025-11-27 00:13:57,832 [INFO] Loaded 643 tickers from ticker_price_part_2.json
2025-11-27 00:13:57,838 [INFO] Loaded 621 tickers from ticker_price_part_3.json
2025-11-27 00:13:57,844 [INFO] Loaded 635 tickers from ticker_price_part_4.json
2025-11-27 00:13:57,898 [INFO] Merged data saved to data/ticker_price.json with 3183 entries
2025-11-27 00:13:57,900 [INFO] Price merge completed. Elapsed time: 0.1s
2025-11-27 00:28:47,949 [INFO] Starting price merge process at 12:28 AM EDT on Thursday, November 27, 2025
2025-11-27 00:28:47,949 [INFO] Searching for ticker_price_part_*.json files in data
2025-11-27 00:28:47,949 [INFO] Found 5 part files to merge: ['ticker_price_part_0.json', 'ticker_price_part_1.json', 'ticker_price_part_2.json', 'ticker_price_part_3.json', 'ticker_price_part_4.json']
2025-11-27 00:28:47,952 [INFO] Loaded 636 tickers from ticker_price_part_0.json
2025-11-27 00:28:47,958 [INFO] Loaded 648 tickers from ticker_price_part_1.json
2025-11-27 00:28:47,964 [INFO] Loaded 643 tickers from ticker_price_part_2.json
2025-11-27 00:28:47,969 [INFO] Loaded 621 tickers from ticker_price_part_3.json
2025-11-27 00:28:47,975 [INFO] Loaded 635 tickers from ticker_price_part_4.json
2025-11-27 00:28:48,030 [INFO] Merged data saved to data/ticker_price.json with 3183 entries
2025-11-27 00:28:48,031 [INFO] Price merge completed. Elapsed time: 0.1s
2025-11-27 00:59:13,477 [INFO] Starting price merge process at 12:59 AM EDT on Thursday, November 27, 2025
2025-11-27 00:59:13,477 [INFO] Searching for ticker_price_part_*.json files in data
2025-11-27 00:59:13,477 [INFO] Found 5 part files to merge: ['ticker_price_part_0.json', 'ticker_price_part_1.json', 'ticker_price_part_2.json', 'ticker_price_part_3.json', 'ticker_price_part_4.json']
2025-11-27 00:59:13,480 [INFO] Loaded 636 tickers from ticker_price_part_0.json
2025-11-27 00:59:13,485 [INFO] Loaded 648 tickers from ticker_price_part_1.json
2025-11-27 00:59:13,491 [INFO] Loaded 643 tickers from ticker_price_part_2.json
2025-11-27 00:59:13,497 [INFO] Loaded 621 tickers from ticker_price_part_3.json
2025-11-27 00:59:13,503 [INFO] Loaded 635 tickers from ticker_price_part_4.json
2025-11-27 00:59:13,557 [INFO] Merged data saved to data/ticker_price.json with 3183 entries
2025-11-27 00:59:13,559 [INFO] Price merge completed. Elapsed time: 0.1s
2025-11-28 14:44:12,178 [INFO] Starting price merge process at 02:44 PM EDT on Friday, November 28, 2025
2025-11-28 14:44:12,178 [INFO] Searching for ticker_price_part_*.json files in data
2025-11-28 14:44:12,178 [INFO] Found 5 part files to merge: ['ticker_price_part_0.json', 'ticker_price_part_1.json', 'ticker_price_part_2.json', 'ticker_price_part_3.json', 'ticker_price_part_4.json']
2025-11-28 14:44:12,181 [INFO] Loaded 633 tickers from ticker_price_part_0.json
2025-11-28 14:44:12,186 [INFO] Loaded 648 tickers from ticker_price_part_1.json
2025-11-28 14:44:12,192 [INFO] Loaded 637 tickers from ticker_price_part_2.json
2025-11-28 14:44:12,198 [INFO] Loaded 618 tickers from ticker_price_part_3.json
2025-11-28 14:44:12,203 [INFO] Loaded 635 tickers from ticker_price_part_4.json
2025-11-28 14:44:12,257 [INFO] Merged data saved to data/ticker_price.json with 3171 entries
2025-11-28 14:44:12,258 [INFO] Price merge completed. Elapsed time: 0.1s
2025-12-01 14:43:06,389 [INFO] Starting price merge process at 02:43 PM EDT on Monday, December 01, 2025
2025-12-01 14:43:06,389 [INFO] Searching for ticker_price_part_*.json files in data
2025-12-01 14:43:06,389 [INFO] Found 5 part files to merge: ['ticker_price_part_0.json', 'ticker_price_part_1.json', 'ticker_price_part_2.json', 'ticker_price_part_3.json', 'ticker_price_part_4.json']
2025-12-01 14:43:06,392 [INFO] Loaded 645 tickers from ticker_price_part_0.json
2025-12-01 14:43:06,398 [INFO] Loaded 646 tickers from ticker_price_part_1.json
2025-12-01 14:43:06,404 [INFO] Loaded 637 tickers from ticker_price_part_2.json
2025-12-01 14:43:06,410 [INFO] Loaded 612 tickers from ticker_price_part_3.json
2025-12-01 14:43:06,416 [INFO] Loaded 625 tickers from ticker_price_part_4.json
2025-12-01 14:43:06,471 [INFO] Merged data saved to data/ticker_price.json with 3165 entries
2025-12-01 14:43:06,473 [INFO] Price merge completed. Elapsed time: 0.1s
2025-12-05 21:07:33,000 [INFO] Starting price merge process at 09:07 PM EDT on Friday, December 05, 2025
2025-12-05 21:07:33,000 [INFO] Searching for ticker_price_part_*.json files in data
2025-12-05 21:07:33,000 [INFO] Found 5 part files to merge: ['ticker_price_part_0.json', 'ticker_price_part_1.json', 'ticker_price_part_2.json', 'ticker_price_part_3.json', 'ticker_price_part_4.json']
2025-12-05 21:07:33,003 [INFO] Loaded 639 tickers from ticker_price_part_0.json
2025-12-05 21:07:33,009 [INFO] Loaded 644 tickers from ticker_price_part_1.json
2025-12-05 21:07:33,015 [INFO] Loaded 634 tickers from ticker_price_part_2.json
2025-12-05 21:07:33,020 [INFO] Loaded 619 tickers from ticker_price_part_3.json
2025-12-05 21:07:33,026 [INFO] Loaded 640 tickers from ticker_price_part_4.json
2025-12-05 21:07:33,080 [INFO] Merged data saved to data/ticker_price.json with 3176 entries
2025-12-05 21:07:33,081 [INFO] Price merge completed. Elapsed time: 0.1s
2025-12-13 20:41:39,397 [INFO] Starting price merge process at 08:41 PM EDT on Saturday, December 13, 2025
2025-12-13 20:41:39,397 [INFO] Searching for ticker_price_part_*.json files in data
2025-12-13 20:41:39,397 [INFO] Found 5 part files to merge: ['ticker_price_part_0.json', 'ticker_price_part_1.json', 'ticker_price_part_2.json', 'ticker_price_part_3.json', 'ticker_price_part_4.json']
2025-12-13 20:41:39,400 [INFO] Loaded 645 tickers from ticker_price_part_0.json
2025-12-13 20:41:39,406 [INFO] Loaded 651 tickers from ticker_price_part_1.json
2025-12-13 20:41:39,412 [INFO] Loaded 649 tickers from ticker_price_part_2.json
2025-12-13 20:41:39,417 [INFO] Loaded 623 tickers from ticker_price_part_3.json
2025-12-13 20:41:39,423 [INFO] Loaded 642 tickers from ticker_price_part_4.json
2025-12-13 20:41:39,482 [INFO] Merged data saved to data/ticker_price.json with 3210 entries
2025-12-13 20:41:39,483 [INFO] Price merge completed. Elapsed time: 0.1s
2025-12-15 09:42:05,473 [INFO] Starting price merge process at 09:42 AM EDT on Monday, December 15, 2025
2025-12-15 09:42:05,473 [INFO] Searching for ticker_price_part_*.json files in data
2025-12-15 09:42:05,474 [INFO] Found 5 part files to merge: ['ticker_price_part_0.json', 'ticker_price_part_1.json', 'ticker_price_part_2.json', 'ticker_price_part_3.json', 'ticker_price_part_4.json']
2025-12-15 09:42:05,476 [INFO] Loaded 631 tickers from ticker_price_part_0.json
2025-12-15 09:42:05,482 [INFO] Loaded 640 tickers from ticker_price_part_1.json
2025-12-15 09:42:05,488 [INFO] Loaded 627 tickers from ticker_price_part_2.json
2025-12-15 09:42:05,494 [INFO] Loaded 601 tickers from ticker_price_part_3.json
2025-12-15 09:42:05,499 [INFO] Loaded 620 tickers from ticker_price_part_4.json
2025-12-15 09:42:05,563 [INFO] Merged data saved to data/ticker_price.json with 3119 entries
2025-12-15 09:42:05,564 [INFO] Price merge completed. Elapsed time: 0.1s
2025-12-15 13:18:34,857 [INFO] Starting price merge process at 01:18 PM EDT on Monday, December 15, 2025
2025-12-15 13:18:34,857 [INFO] Searching for ticker_price_part_*.json files in data
2025-12-15 13:18:34,857 [INFO] Found 5 part files to merge: ['ticker_price_part_0.json', 'ticker_price_part_1.json', 'ticker_price_part_2.json', 'ticker_price_part_3.json', 'ticker_price_part_4.json']
2025-12-15 13:18:34,862 [INFO] Loaded 639 tickers from ticker_price_part_0.json
2025-12-15 13:18:34,872 [INFO] Loaded 645 tickers from ticker_price_part_1.json
2025-12-15 13:18:34,881 [INFO] Loaded 631 tickers from ticker_price_part_2.json
2025-12-15 13:18:34,890 [INFO] Loaded 605 tickers from ticker_price_part_3.json
2025-12-15 13:18:34,900 [INFO] Loaded 625 tickers from ticker_price_part_4.json
2025-12-15 13:18:34,967 [INFO] Merged data saved to data/ticker_price.json with 3145 entries
2025-12-15 13:18:34,968 [INFO] Price merge completed. Elapsed time: 0.1s
2025-12-16 13:37:39,611 [INFO] Starting price merge process at 01:37 PM EDT on Tuesday, December 16, 2025
2025-12-16 13:37:39,611 [INFO] Searching for ticker_price_part_*.json files in data
2025-12-16 13:37:39,611 [INFO] Found 5 part files to merge: ['ticker_price_part_0.json', 'ticker_price_part_1.json', 'ticker_price_part_2.json', 'ticker_price_part_3.json', 'ticker_price_part_4.json']
2025-12-16 13:37:39,614 [INFO] Loaded 649 tickers from ticker_price_part_0.json
2025-12-16 13:37:39,620 [INFO] Loaded 657 tickers from ticker_price_part_1.json
2025-12-16 13:37:39,626 [INFO] Loaded 645 tickers from ticker_price_part_2.json
2025-12-16 13:37:39,632 [INFO] Loaded 625 tickers from ticker_price_part_3.json
2025-12-16 13:37:39,637 [INFO] Loaded 637 tickers from ticker_price_part_4.json
2025-12-16 13:37:39,691 [INFO] Merged data saved to data/ticker_price.json with 3213 entries
2025-12-16 13:37:39,693 [INFO] Price merge completed. Elapsed time: 0.1s
2025-12-17 13:34:05,775 [INFO] Starting price merge process at 01:34 PM EDT on Wednesday, December 17, 2025
2025-12-17 13:34:05,775 [INFO] Searching for ticker_price_part_*.json files in data
2025-12-17 13:34:05,775 [INFO] Found 5 part files to merge: ['ticker_price_part_0.json', 'ticker_price_part_1.json', 'ticker_price_part_2.json', 'ticker_price_part_3.json', 'ticker_price_part_4.json']
2025-12-17 13:34:05,778 [INFO] Loaded 640 tickers from ticker_price_part_0.json
2025-12-17 13:34:05,783 [INFO] Loaded 650 tickers from ticker_price_part_1.json
2025-12-17 13:34:05,789 [INFO] Loaded 638 tickers from ticker_price_part_2.json
2025-12-17 13:34:05,794 [INFO] Loaded 617 tickers from ticker_price_part_3.json
2025-12-17 13:34:05,800 [INFO] Loaded 636 tickers from ticker_price_part_4.json
2025-12-17 13:34:05,853 [INFO] Merged data saved to data/ticker_price.json with 3181 entries
2025-12-17 13:34:05,854 [INFO] Price merge completed. Elapsed time: 0.1s
2025-12-17 14:34:27,914 [INFO] Starting price merge process at 02:34 PM EDT on Wednesday, December 17, 2025
2025-12-17 14:34:27,914 [INFO] Searching for ticker_price_part_*.json files in data
2025-12-17 14:34:27,914 [INFO] Found 5 part files to merge: ['ticker_price_part_0.json', 'ticker_price_part_1.json', 'ticker_price_part_2.json', 'ticker_price_part_3.json', 'ticker_price_part_4.json']
2025-12-17 14:34:27,917 [INFO] Loaded 640 tickers from ticker_price_part_0.json
2025-12-17 14:34:27,923 [INFO] Loaded 650 tickers from ticker_price_part_1.json
2025-12-17 14:34:27,929 [INFO] Loaded 638 tickers from ticker_price_part_2.json
2025-12-17 14:34:27,934 [INFO] Loaded 617 tickers from ticker_price_part_3.json
2025-12-17 14:34:27,940 [INFO] Loaded 636 tickers from ticker_price_part_4.json
2025-12-17 14:34:27,994 [INFO] Merged data saved to data/ticker_price.json with 3181 entries
2025-12-17 14:34:27,995 [INFO] Price merge completed. Elapsed time: 0.1s
2025-12-18 14:28:12,367 [INFO] Starting price merge process at 02:28 PM EDT on Thursday, December 18, 2025
2025-12-18 14:28:12,367 [INFO] Searching for ticker_price_part_*.json files in data
2025-12-18 14:28:12,367 [INFO] Found 5 part files to merge: ['ticker_price_part_0.json', 'ticker_price_part_1.json', 'ticker_price_part_2.json', 'ticker_price_part_3.json', 'ticker_price_part_4.json']
2025-12-18 14:28:12,370 [INFO] Loaded 641 tickers from ticker_price_part_0.json
2025-12-18 14:28:12,376 [INFO] Loaded 652 tickers from ticker_price_part_1.json
2025-12-18 14:28:12,382 [INFO] Loaded 635 tickers from ticker_price_part_2.json
2025-12-18 14:28:12,388 [INFO] Loaded 616 tickers from ticker_price_part_3.json
2025-12-18 14:28:12,393 [INFO] Loaded 628 tickers from ticker_price_part_4.json
2025-12-18 14:28:12,448 [INFO] Merged data saved to data/ticker_price.json with 3172 entries
2025-12-18 14:28:12,449 [INFO] Price merge completed. Elapsed time: 0.1s
2025-12-18 16:35:42,978 [INFO] Starting price merge process at 04:35 PM EDT on Thursday, December 18, 2025
2025-12-18 16:35:42,978 [INFO] Searching for ticker_price_part_*.json files in data
2025-12-18 16:35:42,979 [INFO] Found 5 part files to merge: ['ticker_price_part_0.json', 'ticker_price_part_1.json', 'ticker_price_part_2.json', 'ticker_price_part_3.json', 'ticker_price_part_4.json']
2025-12-18 16:35:42,981 [INFO] Loaded 641 tickers from ticker_price_part_0.json
2025-12-18 16:35:42,987 [INFO] Loaded 652 tickers from ticker_price_part_1.json
2025-12-18 16:35:42,993 [INFO] Loaded 635 tickers from ticker_price_part_2.json
2025-12-18 16:35:42,999 [INFO] Loaded 616 tickers from ticker_price_part_3.json
2025-12-18 16:35:43,005 [INFO] Loaded 628 tickers from ticker_price_part_4.json
2025-12-18 16:35:43,058 [INFO] Merged data saved to data/ticker_price.json with 3172 entries
2025-12-18 16:35:43,059 [INFO] Price merge completed. Elapsed time: 0.1s
2025-12-19 14:27:25,093 [INFO] Starting price merge process at 02:27 PM EDT on Friday, December 19, 2025
2025-12-19 14:27:25,094 [INFO] Searching for ticker_price_part_*.json files in data
2025-12-19 14:27:25,094 [INFO] Found 5 part files to merge: ['ticker_price_part_0.json', 'ticker_price_part_1.json', 'ticker_price_part_2.json', 'ticker_price_part_3.json', 'ticker_price_part_4.json']
2025-12-19 14:27:25,097 [INFO] Loaded 638 tickers from ticker_price_part_0.json
2025-12-19 14:27:25,103 [INFO] Loaded 651 tickers from ticker_price_part_1.json
2025-12-19 14:27:25,109 [INFO] Loaded 636 tickers from ticker_price_part_2.json
2025-12-19 14:27:25,114 [INFO] Loaded 618 tickers from ticker_price_part_3.json
2025-12-19 14:27:25,120 [INFO] Loaded 634 tickers from ticker_price_part_4.json
2025-12-19 14:27:25,180 [INFO] Merged data saved to data/ticker_price.json with 3177 entries
2025-12-19 14:27:25,182 [INFO] Price merge completed. Elapsed time: 0.1s
2025-12-22 14:26:39,738 [INFO] Starting price merge process at 02:26 PM EDT on Monday, December 22, 2025
2025-12-22 14:26:39,739 [INFO] Searching for ticker_price_part_*.json files in data
2025-12-22 14:26:39,739 [INFO] Found 5 part files to merge: ['ticker_price_part_0.json', 'ticker_price_part_1.json', 'ticker_price_part_2.json', 'ticker_price_part_3.json', 'ticker_price_part_4.json']
2025-12-22 14:26:39,741 [INFO] Loaded 636 tickers from ticker_price_part_0.json
2025-12-22 14:26:39,747 [INFO] Loaded 647 tickers from ticker_price_part_1.json
2025-12-22 14:26:39,753 [INFO] Loaded 631 tickers from ticker_price_part_2.json
2025-12-22 14:26:39,759 [INFO] Loaded 613 tickers from ticker_price_part_3.json
2025-12-22 14:26:39,765 [INFO] Loaded 625 tickers from ticker_price_part_4.json
2025-12-22 14:26:39,819 [INFO] Merged data saved to data/ticker_price.json with 3152 entries
2025-12-22 14:26:39,820 [INFO] Price merge completed. Elapsed time: 0.1s
2025-12-23 14:26:50,085 [INFO] Starting price merge process at 02:26 PM EDT on Tuesday, December 23, 2025
2025-12-23 14:26:50,085 [INFO] Searching for ticker_price_part_*.json files in data
2025-12-23 14:26:50,085 [INFO] Found 5 part files to merge: ['ticker_price_part_0.json', 'ticker_price_part_1.json', 'ticker_price_part_2.json', 'ticker_price_part_3.json', 'ticker_price_part_4.json']
2025-12-23 14:26:50,088 [INFO] Loaded 645 tickers from ticker_price_part_0.json
2025-12-23 14:26:50,094 [INFO] Loaded 657 tickers from ticker_price_part_1.json
2025-12-23 14:26:50,100 [INFO] Loaded 642 tickers from ticker_price_part_2.json
2025-12-23 14:26:50,106 [INFO] Loaded 627 tickers from ticker_price_part_3.json
2025-12-23 14:26:50,111 [INFO] Loaded 638 tickers from ticker_price_part_4.json
2025-12-23 14:26:50,167 [INFO] Merged data saved to data/ticker_price.json with 3209 entries
2025-12-23 14:26:50,168 [INFO] Price merge completed. Elapsed time: 0.1s
2025-12-24 03:34:38,694 [INFO] Starting price merge process at 03:34 AM EDT on Wednesday, December 24, 2025
2025-12-24 03:34:38,694 [INFO] Searching for ticker_price_part_*.json files in data
2025-12-24 03:34:38,694 [INFO] Found 5 part files to merge: ['ticker_price_part_0.json', 'ticker_price_part_1.json', 'ticker_price_part_2.json', 'ticker_price_part_3.json', 'ticker_price_part_4.json']
2025-12-24 03:34:38,697 [INFO] Loaded 650 tickers from ticker_price_part_0.json
2025-12-24 03:34:38,703 [INFO] Loaded 659 tickers from ticker_price_part_1.json
2025-12-24 03:34:38,709 [INFO] Loaded 653 tickers from ticker_price_part_2.json
2025-12-24 03:34:38,715 [INFO] Loaded 635 tickers from ticker_price_part_3.json
2025-12-24 03:34:38,720 [INFO] Loaded 649 tickers from ticker_price_part_4.json
2025-12-24 03:34:38,775 [INFO] Merged data saved to data/ticker_price.json with 3246 entries
2025-12-24 03:34:38,776 [INFO] Price merge completed. Elapsed time: 0.1s
2025-12-24 14:25:57,681 [INFO] Starting price merge process at 02:25 PM EDT on Wednesday, December 24, 2025
2025-12-24 14:25:57,681 [INFO] Searching for ticker_price_part_*.json files in data
2025-12-24 14:25:57,681 [INFO] Found 5 part files to merge: ['ticker_price_part_0.json', 'ticker_price_part_1.json', 'ticker_price_part_2.json', 'ticker_price_part_3.json', 'ticker_price_part_4.json']
2025-12-24 14:25:57,685 [INFO] Loaded 637 tickers from ticker_price_part_0.json
2025-12-24 14:25:57,691 [INFO] Loaded 647 tickers from ticker_price_part_1.json
2025-12-24 14:25:57,697 [INFO] Loaded 647 tickers from ticker_price_part_2.json
2025-12-24 14:25:57,702 [INFO] Loaded 613 tickers from ticker_price_part_3.json
2025-12-24 14:25:57,708 [INFO] Loaded 634 tickers from ticker_price_part_4.json
2025-12-24 14:25:57,762 [INFO] Merged data saved to data/ticker_price.json with 3178 entries
2025-12-24 14:25:57,763 [INFO] Price merge completed. Elapsed time: 0.1s
2025-12-25 14:24:53,741 [INFO] Starting price merge process at 02:24 PM EDT on Thursday, December 25, 2025
2025-12-25 14:24:53,741 [INFO] Searching for ticker_price_part_*.json files in data
2025-12-25 14:24:53,741 [INFO] Found 5 part files to merge: ['ticker_price_part_0.json', 'ticker_price_part_1.json', 'ticker_price_part_2.json', 'ticker_price_part_3.json', 'ticker_price_part_4.json']
2025-12-25 14:24:53,744 [INFO] Loaded 626 tickers from ticker_price_part_0.json
2025-12-25 14:24:53,750 [INFO] Loaded 634 tickers from ticker_price_part_1.json
2025-12-25 14:24:53,756 [INFO] Loaded 633 tickers from ticker_price_part_2.json
2025-12-25 14:24:53,762 [INFO] Loaded 599 tickers from ticker_price_part_3.json
2025-12-25 14:24:53,768 [INFO] Loaded 611 tickers from ticker_price_part_4.json
2025-12-25 14:24:53,821 [INFO] Merged data saved to data/ticker_price.json with 3103 entries
2025-12-25 14:24:53,822 [INFO] Price merge completed. Elapsed time: 0.1s
2025-12-26 14:25:52,584 [INFO] Starting price merge process at 02:25 PM EDT on Friday, December 26, 2025
2025-12-26 14:25:52,585 [INFO] Searching for ticker_price_part_*.json files in data
2025-12-26 14:25:52,585 [INFO] Found 5 part files to merge: ['ticker_price_part_0.json', 'ticker_price_part_1.json', 'ticker_price_part_2.json', 'ticker_price_part_3.json', 'ticker_price_part_4.json']
2025-12-26 14:25:52,587 [INFO] Loaded 622 tickers from ticker_price_part_0.json
2025-12-26 14:25:52,593 [INFO] Loaded 640 tickers from ticker_price_part_1.json
2025-12-26 14:25:52,599 [INFO] Loaded 631 tickers from ticker_price_part_2.json
2025-12-26 14:25:52,605 [INFO] Loaded 611 tickers from ticker_price_part_3.json
2025-12-26 14:25:52,611 [INFO] Loaded 620 tickers from ticker_price_part_4.json
2025-12-26 14:25:52,666 [INFO] Merged data saved to data/ticker_price.json with 3124 entries
2025-12-26 14:25:52,667 [INFO] Price merge completed. Elapsed time: 0.1s
2025-12-29 14:26:37,198 [INFO] Starting price merge process at 02:26 PM EDT on Monday, December 29, 2025
2025-12-29 14:26:37,198 [INFO] Searching for ticker_price_part_*.json files in data
2025-12-29 14:26:37,199 [INFO] Found 5 part files to merge: ['ticker_price_part_0.json', 'ticker_price_part_1.json', 'ticker_price_part_2.json', 'ticker_price_part_3.json', 'ticker_price_part_4.json']
2025-12-29 14:26:37,201 [INFO] Loaded 640 tickers from ticker_price_part_0.json
2025-12-29 14:26:37,208 [INFO] Loaded 652 tickers from ticker_price_part_1.json
2025-12-29 14:26:37,214 [INFO] Loaded 648 tickers from ticker_price_part_2.json
2025-12-29 14:26:37,219 [INFO] Loaded 613 tickers from ticker_price_part_3.json
2025-12-29 14:26:37,225 [INFO] Loaded 626 tickers from ticker_price_part_4.json
2025-12-29 14:26:37,283 [INFO] Merged data saved to data/ticker_price.json with 3179 entries
2025-12-29 14:26:37,285 [INFO] Price merge completed. Elapsed time: 0.1s
2025-12-30 14:26:52,301 [INFO] Starting price merge process at 02:26 PM EDT on Tuesday, December 30, 2025
2025-12-30 14:26:52,301 [INFO] Searching for ticker_price_part_*.json files in data
2025-12-30 14:26:52,302 [INFO] Found 5 part files to merge: ['ticker_price_part_0.json', 'ticker_price_part_1.json', 'ticker_price_part_2.json', 'ticker_price_part_3.json', 'ticker_price_part_4.json']
2025-12-30 14:26:52,304 [INFO] Loaded 650 tickers from ticker_price_part_0.json
2025-12-30 14:26:52,311 [INFO] Loaded 656 tickers from ticker_price_part_1.json
2025-12-30 14:26:52,317 [INFO] Loaded 657 tickers from ticker_price_part_2.json
2025-12-30 14:26:52,323 [INFO] Loaded 623 tickers from ticker_price_part_3.json
2025-12-30 14:26:52,329 [INFO] Loaded 642 tickers from ticker_price_part_4.json
2025-12-30 14:26:52,385 [INFO] Merged data saved to data/ticker_price.json with 3228 entries
2025-12-30 14:26:52,386 [INFO] Price merge completed. Elapsed time: 0.1s
2025-12-31 03:38:42,180 [INFO] Starting price merge process at 03:38 AM EDT on Wednesday, December 31, 2025
2025-12-31 03:38:42,180 [INFO] Searching for ticker_price_part_*.json files in data
2025-12-31 03:38:42,181 [INFO] Found 5 part files to merge: ['ticker_price_part_0.json', 'ticker_price_part_1.json', 'ticker_price_part_2.json', 'ticker_price_part_3.json', 'ticker_price_part_4.json']
2025-12-31 03:38:42,184 [INFO] Loaded 652 tickers from ticker_price_part_0.json
2025-12-31 03:38:42,190 [INFO] Loaded 660 tickers from ticker_price_part_1.json
2025-12-31 03:38:42,196 [INFO] Loaded 661 tickers from ticker_price_part_2.json
2025-12-31 03:38:42,201 [INFO] Loaded 634 tickers from ticker_price_part_3.json
2025-12-31 03:38:42,207 [INFO] Loaded 650 tickers from ticker_price_part_4.json
2025-12-31 03:38:42,262 [INFO] Merged data saved to data/ticker_price.json with 3257 entries
2025-12-31 03:38:42,264 [INFO] Price merge completed. Elapsed time: 0.1s
2025-12-31 14:24:57,298 [INFO] Starting price merge process at 02:24 PM EDT on Wednesday, December 31, 2025
2025-12-31 14:24:57,298 [INFO] Searching for ticker_price_part_*.json files in data
2025-12-31 14:24:57,298 [INFO] Found 5 part files to merge: ['ticker_price_part_0.json', 'ticker_price_part_1.json', 'ticker_price_part_2.json', 'ticker_price_part_3.json', 'ticker_price_part_4.json']
2025-12-31 14:24:57,301 [INFO] Loaded 642 tickers from ticker_price_part_0.json
2025-12-31 14:24:57,307 [INFO] Loaded 651 tickers from ticker_price_part_1.json
2025-12-31 14:24:57,313 [INFO] Loaded 652 tickers from ticker_price_part_2.json
2025-12-31 14:24:57,319 [INFO] Loaded 615 tickers from ticker_price_part_3.json
2025-12-31 14:24:57,324 [INFO] Loaded 633 tickers from ticker_price_part_4.json
2025-12-31 14:24:57,379 [INFO] Merged data saved to data/ticker_price.json with 3193 entries
2025-12-31 14:24:57,381 [INFO] Price merge completed. Elapsed time: 0.1s
2025-12-31 16:31:05,923 [INFO] Starting price merge process at 04:31 PM EDT on Wednesday, December 31, 2025
2025-12-31 16:31:05,923 [INFO] Searching for ticker_price_part_*.json files in data
2025-12-31 16:31:05,923 [INFO] Found 5 part files to merge: ['ticker_price_part_0.json', 'ticker_price_part_1.json', 'ticker_price_part_2.json', 'ticker_price_part_3.json', 'ticker_price_part_4.json']
2025-12-31 16:31:05,926 [INFO] Loaded 642 tickers from ticker_price_part_0.json
2025-12-31 16:31:05,933 [INFO] Loaded 651 tickers from ticker_price_part_1.json
2025-12-31 16:31:05,939 [INFO] Loaded 652 tickers from ticker_price_part_2.json
2025-12-31 16:31:05,944 [INFO] Loaded 615 tickers from ticker_price_part_3.json
2025-12-31 16:31:05,950 [INFO] Loaded 633 tickers from ticker_price_part_4.json
2025-12-31 16:31:06,004 [INFO] Merged data saved to data/ticker_price.json with 3193 entries
2025-12-31 16:31:06,005 [INFO] Price merge completed. Elapsed time: 0.1s
2026-01-01 14:25:35,135 [INFO] Starting price merge process at 02:25 PM EDT on Thursday, January 01, 2026
2026-01-01 14:25:35,135 [INFO] Searching for ticker_price_part_*.json files in data
2026-01-01 14:25:35,135 [INFO] Found 5 part files to merge: ['ticker_price_part_0.json', 'ticker_price_part_1.json', 'ticker_price_part_2.json', 'ticker_price_part_3.json', 'ticker_price_part_4.json']
2026-01-01 14:25:35,138 [INFO] Loaded 642 tickers from ticker_price_part_0.json
2026-01-01 14:25:35,144 [INFO] Loaded 642 tickers from ticker_price_part_1.json
2026-01-01 14:25:35,150 [INFO] Loaded 653 tickers from ticker_price_part_2.json
2026-01-01 14:25:35,156 [INFO] Loaded 618 tickers from ticker_price_part_3.json
2026-01-01 14:25:35,161 [INFO] Loaded 634 tickers from ticker_price_part_4.json
2026-01-01 14:25:35,216 [INFO] Merged data saved to data/ticker_price.json with 3189 entries
2026-01-01 14:25:35,219 [INFO] Price merge completed. Elapsed time: 0.1s
2026-01-02 14:25:18,949 [INFO] Starting price merge process at 02:25 PM EDT on Friday, January 02, 2026
2026-01-02 14:25:18,949 [INFO] Searching for ticker_price_part_*.json files in data
2026-01-02 14:25:18,949 [INFO] Found 5 part files to merge: ['ticker_price_part_0.json', 'ticker_price_part_1.json', 'ticker_price_part_2.json', 'ticker_price_part_3.json', 'ticker_price_part_4.json']
2026-01-02 14:25:18,952 [INFO] Loaded 642 tickers from ticker_price_part_0.json
2026-01-02 14:25:18,958 [INFO] Loaded 646 tickers from ticker_price_part_1.json
2026-01-02 14:25:18,964 [INFO] Loaded 650 tickers from ticker_price_part_2.json
2026-01-02 14:25:18,970 [INFO] Loaded 619 tickers from ticker_price_part_3.json
2026-01-02 14:25:18,975 [INFO] Loaded 633 tickers from ticker_price_part_4.json
2026-01-02 14:25:19,031 [INFO] Merged data saved to data/ticker_price.json with 3190 entries
2026-01-02 14:25:19,032 [INFO] Price merge completed. Elapsed time: 0.1s
2026-01-02 14:40:00,848 [INFO] Starting price merge process at 02:40 PM EDT on Friday, January 02, 2026
2026-01-02 14:40:00,848 [INFO] Searching for ticker_price_part_*.json files in data
2026-01-02 14:40:00,848 [INFO] Found 5 part files to merge: ['ticker_price_part_0.json', 'ticker_price_part_1.json', 'ticker_price_part_2.json', 'ticker_price_part_3.json', 'ticker_price_part_4.json']
2026-01-02 14:40:00,851 [INFO] Loaded 642 tickers from ticker_price_part_0.json
2026-01-02 14:40:00,857 [INFO] Loaded 646 tickers from ticker_price_part_1.json
2026-01-02 14:40:00,863 [INFO] Loaded 650 tickers from ticker_price_part_2.json
2026-01-02 14:40:00,869 [INFO] Loaded 619 tickers from ticker_price_part_3.json
2026-01-02 14:40:00,875 [INFO] Loaded 633 tickers from ticker_price_part_4.json
2026-01-02 14:40:00,931 [INFO] Merged data saved to data/ticker_price.json with 3190 entries
2026-01-02 14:40:00,933 [INFO] Price merge completed. Elapsed time: 0.1s
2026-01-05 14:30:20,503 [INFO] Starting price merge process at 02:30 PM EDT on Monday, January 05, 2026
2026-01-05 14:30:20,503 [INFO] Searching for ticker_price_part_*.json files in data
2026-01-05 14:30:20,503 [INFO] Found 5 part files to merge: ['ticker_price_part_0.json', 'ticker_price_part_1.json', 'ticker_price_part_2.json', 'ticker_price_part_3.json', 'ticker_price_part_4.json']
2026-01-05 14:30:20,506 [INFO] Loaded 636 tickers from ticker_price_part_0.json
2026-01-05 14:30:20,512 [INFO] Loaded 644 tickers from ticker_price_part_1.json
2026-01-05 14:30:20,518 [INFO] Loaded 648 tickers from ticker_price_part_2.json
2026-01-05 14:30:20,524 [INFO] Loaded 611 tickers from ticker_price_part_3.json
2026-01-05 14:30:20,529 [INFO] Loaded 620 tickers from ticker_price_part_4.json
2026-01-05 14:30:20,583 [INFO] Merged data saved to data/ticker_price.json with 3159 entries
2026-01-05 14:30:20,584 [INFO] Price merge completed. Elapsed time: 0.1s
2026-01-06 14:27:39,121 [INFO] Starting price merge process at 02:27 PM EDT on Tuesday, January 06, 2026
2026-01-06 14:27:39,121 [INFO] Searching for ticker_price_part_*.json files in data
2026-01-06 14:27:39,121 [INFO] Found 5 part files to merge: ['ticker_price_part_0.json', 'ticker_price_part_1.json', 'ticker_price_part_2.json', 'ticker_price_part_3.json', 'ticker_price_part_4.json']
2026-01-06 14:27:39,124 [INFO] Loaded 650 tickers from ticker_price_part_0.json
2026-01-06 14:27:39,130 [INFO] Loaded 652 tickers from ticker_price_part_1.json
2026-01-06 14:27:39,136 [INFO] Loaded 654 tickers from ticker_price_part_2.json
2026-01-06 14:27:39,141 [INFO] Loaded 630 tickers from ticker_price_part_3.json
2026-01-06 14:27:39,147 [INFO] Loaded 639 tickers from ticker_price_part_4.json
2026-01-06 14:27:39,203 [INFO] Merged data saved to data/ticker_price.json with 3225 entries
2026-01-06 14:27:39,205 [INFO] Price merge completed. Elapsed time: 0.1s
2026-01-07 14:29:59,682 [INFO] Starting price merge process at 02:29 PM EDT on Wednesday, January 07, 2026
2026-01-07 14:29:59,682 [INFO] Searching for ticker_price_part_*.json files in data
2026-01-07 14:29:59,682 [INFO] Found 5 part files to merge: ['ticker_price_part_0.json', 'ticker_price_part_1.json', 'ticker_price_part_2.json', 'ticker_price_part_3.json', 'ticker_price_part_4.json']
2026-01-07 14:29:59,685 [INFO] Loaded 647 tickers from ticker_price_part_0.json
2026-01-07 14:29:59,692 [INFO] Loaded 646 tickers from ticker_price_part_1.json
2026-01-07 14:29:59,698 [INFO] Loaded 643 tickers from ticker_price_part_2.json
2026-01-07 14:29:59,704 [INFO] Loaded 621 tickers from ticker_price_part_3.json
2026-01-07 14:29:59,709 [INFO] Loaded 634 tickers from ticker_price_part_4.json
2026-01-07 14:29:59,766 [INFO] Merged data saved to data/ticker_price.json with 3191 entries
2026-01-07 14:29:59,769 [INFO] Price merge completed. Elapsed time: 0.1s
2026-01-08 14:29:29,369 [INFO] Starting price merge process at 02:29 PM EDT on Thursday, January 08, 2026
2026-01-08 14:29:29,369 [INFO] Searching for ticker_price_part_*.json files in data
2026-01-08 14:29:29,369 [INFO] Found 5 part files to merge: ['ticker_price_part_0.json', 'ticker_price_part_1.json', 'ticker_price_part_2.json', 'ticker_price_part_3.json', 'ticker_price_part_4.json']
2026-01-08 14:29:29,372 [INFO] Loaded 644 tickers from ticker_price_part_0.json
2026-01-08 14:29:29,378 [INFO] Loaded 648 tickers from ticker_price_part_1.json
2026-01-08 14:29:29,384 [INFO] Loaded 647 tickers from ticker_price_part_2.json
2026-01-08 14:29:29,390 [INFO] Loaded 621 tickers from ticker_price_part_3.json
2026-01-08 14:29:29,395 [INFO] Loaded 637 tickers from ticker_price_part_4.json
2026-01-08 14:29:29,448 [INFO] Merged data saved to data/ticker_price.json with 3197 entries
2026-01-08 14:29:29,449 [INFO] Price merge completed. Elapsed time: 0.1s
2026-01-09 14:30:42,530 [INFO] Starting price merge process at 02:30 PM EDT on Friday, January 09, 2026
2026-01-09 14:30:42,530 [INFO] Searching for ticker_price_part_*.json files in data
2026-01-09 14:30:42,530 [INFO] Found 5 part files to merge: ['ticker_price_part_0.json', 'ticker_price_part_1.json', 'ticker_price_part_2.json', 'ticker_price_part_3.json', 'ticker_price_part_4.json']
2026-01-09 14:30:42,533 [INFO] Loaded 645 tickers from ticker_price_part_0.json
2026-01-09 14:30:42,539 [INFO] Loaded 648 tickers from ticker_price_part_1.json
2026-01-09 14:30:42,545 [INFO] Loaded 652 tickers from ticker_price_part_2.json
2026-01-09 14:30:42,551 [INFO] Loaded 620 tickers from ticker_price_part_3.json
2026-01-09 14:30:42,557 [INFO] Loaded 637 tickers from ticker_price_part_4.json
2026-01-09 14:30:42,612 [INFO] Merged data saved to data/ticker_price.json with 3202 entries
2026-01-09 14:30:42,614 [INFO] Price merge completed. Elapsed time: 0.1s
2026-01-12 14:31:22,974 [INFO] Starting price merge process at 02:31 PM EDT on Monday, January 12, 2026
2026-01-12 14:31:22,974 [INFO] Searching for ticker_price_part_*.json files in data
2026-01-12 14:31:22,975 [INFO] Found 5 part files to merge: ['ticker_price_part_0.json', 'ticker_price_part_1.json', 'ticker_price_part_2.json', 'ticker_price_part_3.json', 'ticker_price_part_4.json']
2026-01-12 14:31:22,977 [INFO] Loaded 647 tickers from ticker_price_part_0.json
2026-01-12 14:31:22,983 [INFO] Loaded 645 tickers from ticker_price_part_1.json
2026-01-12 14:31:22,989 [INFO] Loaded 640 tickers from ticker_price_part_2.json
2026-01-12 14:31:22,995 [INFO] Loaded 609 tickers from ticker_price_part_3.json
2026-01-12 14:31:23,000 [INFO] Loaded 625 tickers from ticker_price_part_4.json
2026-01-12 14:31:23,054 [INFO] Merged data saved to data/ticker_price.json with 3166 entries
2026-01-12 14:31:23,055 [INFO] Price merge completed. Elapsed time: 0.1s
2026-01-13 14:31:04,047 [INFO] Starting price merge process at 02:31 PM EDT on Tuesday, January 13, 2026
2026-01-13 14:31:04,048 [INFO] Searching for ticker_price_part_*.json files in data
2026-01-13 14:31:04,048 [INFO] Found 5 part files to merge: ['ticker_price_part_0.json', 'ticker_price_part_1.json', 'ticker_price_part_2.json', 'ticker_price_part_3.json', 'ticker_price_part_4.json']
2026-01-13 14:31:04,050 [INFO] Loaded 440 tickers from ticker_price_part_0.json
2026-01-13 14:31:04,055 [INFO] Loaded 656 tickers from ticker_price_part_1.json
2026-01-13 14:31:04,059 [INFO] Loaded 221 tickers from ticker_price_part_2.json
2026-01-13 14:31:04,063 [INFO] Loaded 630 tickers from ticker_price_part_3.json
2026-01-13 14:31:04,068 [INFO] Loaded 459 tickers from ticker_price_part_4.json
2026-01-13 14:31:04,109 [INFO] Merged data saved to data/ticker_price.json with 2406 entries
2026-01-13 14:31:04,110 [INFO] Price merge completed. Elapsed time: 0.1s
2026-01-14 14:31:22,392 [INFO] Starting price merge process at 02:31 PM EDT on Wednesday, January 14, 2026
2026-01-14 14:31:22,392 [INFO] Searching for ticker_price_part_*.json files in data
2026-01-14 14:31:22,392 [INFO] Found 5 part files to merge: ['ticker_price_part_0.json', 'ticker_price_part_1.json', 'ticker_price_part_2.json', 'ticker_price_part_3.json', 'ticker_price_part_4.json']
2026-01-14 14:31:22,395 [INFO] Loaded 646 tickers from ticker_price_part_0.json
2026-01-14 14:31:22,401 [INFO] Loaded 643 tickers from ticker_price_part_1.json
2026-01-14 14:31:22,407 [INFO] Loaded 645 tickers from ticker_price_part_2.json
2026-01-14 14:31:22,413 [INFO] Loaded 621 tickers from ticker_price_part_3.json
2026-01-14 14:31:22,419 [INFO] Loaded 638 tickers from ticker_price_part_4.json
2026-01-14 14:31:22,475 [INFO] Merged data saved to data/ticker_price.json with 3193 entries
2026-01-14 14:31:22,476 [INFO] Price merge completed. Elapsed time: 0.1s
2026-01-15 14:29:35,959 [INFO] Starting price merge process at 02:29 PM EDT on Thursday, January 15, 2026
2026-01-15 14:29:35,959 [INFO] Searching for ticker_price_part_*.json files in data
2026-01-15 14:29:35,959 [INFO] Found 5 part files to merge: ['ticker_price_part_0.json', 'ticker_price_part_1.json', 'ticker_price_part_2.json', 'ticker_price_part_3.json', 'ticker_price_part_4.json']
2026-01-15 14:29:35,962 [INFO] Loaded 634 tickers from ticker_price_part_0.json
2026-01-15 14:29:35,968 [INFO] Loaded 630 tickers from ticker_price_part_1.json
2026-01-15 14:29:35,974 [INFO] Loaded 635 tickers from ticker_price_part_2.json
2026-01-15 14:29:35,980 [INFO] Loaded 601 tickers from ticker_price_part_3.json
2026-01-15 14:29:35,985 [INFO] Loaded 621 tickers from ticker_price_part_4.json
2026-01-15 14:29:36,038 [INFO] Merged data saved to data/ticker_price.json with 3121 entries
2026-01-15 14:29:36,039 [INFO] Price merge completed. Elapsed time: 0.1s
2026-01-16 14:28:40,830 [INFO] Starting price merge process at 02:28 PM EDT on Friday, January 16, 2026
2026-01-16 14:28:40,830 [INFO] Searching for ticker_price_part_*.json files in data
2026-01-16 14:28:40,830 [INFO] Found 5 part files to merge: ['ticker_price_part_0.json', 'ticker_price_part_1.json', 'ticker_price_part_2.json', 'ticker_price_part_3.json', 'ticker_price_part_4.json']
2026-01-16 14:28:40,833 [INFO] Loaded 640 tickers from ticker_price_part_0.json
2026-01-16 14:28:40,839 [INFO] Loaded 635 tickers from ticker_price_part_1.json
2026-01-16 14:28:40,844 [INFO] Loaded 636 tickers from ticker_price_part_2.json
2026-01-16 14:28:40,850 [INFO] Loaded 611 tickers from ticker_price_part_3.json
2026-01-16 14:28:40,856 [INFO] Loaded 619 tickers from ticker_price_part_4.json
2026-01-16 14:28:40,909 [INFO] Merged data saved to data/ticker_price.json with 3141 entries
2026-01-16 14:28:40,910 [INFO] Price merge completed. Elapsed time: 0.1s
2026-01-19 14:33:17,580 [INFO] Starting price merge process at 02:33 PM EDT on Monday, January 19, 2026
2026-01-19 14:33:17,580 [INFO] Searching for ticker_price_part_*.json files in data
2026-01-19 14:33:17,580 [INFO] Found 5 part files to merge: ['ticker_price_part_0.json', 'ticker_price_part_1.json', 'ticker_price_part_2.json', 'ticker_price_part_3.json', 'ticker_price_part_4.json']
2026-01-19 14:33:17,583 [INFO] Loaded 641 tickers from ticker_price_part_0.json
2026-01-19 14:33:17,589 [INFO] Loaded 643 tickers from ticker_price_part_1.json
2026-01-19 14:33:17,594 [INFO] Loaded 644 tickers from ticker_price_part_2.json
2026-01-19 14:33:17,600 [INFO] Loaded 608 tickers from ticker_price_part_3.json
2026-01-19 14:33:17,605 [INFO] Loaded 623 tickers from ticker_price_part_4.json
2026-01-19 14:33:17,659 [INFO] Merged data saved to data/ticker_price.json with 3159 entries
2026-01-19 14:33:17,661 [INFO] Price merge completed. Elapsed time: 0.1s
2026-01-20 14:36:15,324 [INFO] Starting price merge process at 02:36 PM EDT on Tuesday, January 20, 2026
2026-01-20 14:36:15,324 [INFO] Searching for ticker_price_part_*.json files in data
2026-01-20 14:36:15,325 [INFO] Found 5 part files to merge: ['ticker_price_part_0.json', 'ticker_price_part_1.json', 'ticker_price_part_2.json', 'ticker_price_part_3.json', 'ticker_price_part_4.json']
2026-01-20 14:36:15,327 [INFO] Loaded 656 tickers from ticker_price_part_0.json
2026-01-20 14:36:15,334 [INFO] Loaded 651 tickers from ticker_price_part_1.json
2026-01-20 14:36:15,339 [INFO] Loaded 654 tickers from ticker_price_part_2.json
2026-01-20 14:36:15,345 [INFO] Loaded 625 tickers from ticker_price_part_3.json
2026-01-20 14:36:15,351 [INFO] Loaded 640 tickers from ticker_price_part_4.json
2026-01-20 14:36:15,407 [INFO] Merged data saved to data/ticker_price.json with 3226 entries
2026-01-20 14:36:15,409 [INFO] Price merge completed. Elapsed time: 0.1s
2026-01-21 14:36:08,515 [INFO] Starting price merge process at 02:36 PM EDT on Wednesday, January 21, 2026
2026-01-21 14:36:08,515 [INFO] Searching for ticker_price_part_*.json files in data
2026-01-21 14:36:08,515 [INFO] Found 5 part files to merge: ['ticker_price_part_0.json', 'ticker_price_part_1.json', 'ticker_price_part_2.json', 'ticker_price_part_3.json', 'ticker_price_part_4.json']
2026-01-21 14:36:08,515 [INFO] Loaded 9 tickers from ticker_price_part_0.json
2026-01-21 14:36:08,518 [INFO] Loaded 645 tickers from ticker_price_part_1.json
2026-01-21 14:36:08,522 [INFO] Loaded 0 tickers from ticker_price_part_2.json
2026-01-21 14:36:08,524 [INFO] Loaded 416 tickers from ticker_price_part_3.json
2026-01-21 14:36:08,527 [INFO] Loaded 201 tickers from ticker_price_part_4.json
2026-01-21 14:36:08,549 [INFO] Merged data saved to data/ticker_price.json with 1271 entries
2026-01-21 14:36:08,549 [INFO] Price merge completed. Elapsed time: 0.0s
2026-01-23 14:32:04,788 [INFO] Starting price merge process at 02:32 PM EDT on Friday, January 23, 2026
2026-01-23 14:32:04,788 [INFO] Searching for ticker_price_part_*.json files in data
2026-01-23 14:32:04,788 [INFO] Found 5 part files to merge: ['ticker_price_part_0.json', 'ticker_price_part_1.json', 'ticker_price_part_2.json', 'ticker_price_part_3.json', 'ticker_price_part_4.json']
2026-01-23 14:32:04,791 [INFO] Loaded 647 tickers from ticker_price_part_0.json
2026-01-23 14:32:04,797 [INFO] Loaded 640 tickers from ticker_price_part_1.json
2026-01-23 14:32:04,803 [INFO] Loaded 643 tickers from ticker_price_part_2.json
2026-01-23 14:32:04,808 [INFO] Loaded 405 tickers from ticker_price_part_3.json
2026-01-23 14:32:04,812 [INFO] Loaded 634 tickers from ticker_price_part_4.json
2026-01-23 14:32:04,862 [INFO] Merged data saved to data/ticker_price.json with 2969 entries
2026-01-23 14:32:04,863 [INFO] Price merge completed. Elapsed time: 0.1s
2026-01-26 14:35:11,795 [INFO] Starting price merge process at 02:35 PM EDT on Monday, January 26, 2026
2026-01-26 14:35:11,796 [INFO] Searching for ticker_price_part_*.json files in data
2026-01-26 14:35:11,796 [INFO] Found 5 part files to merge: ['ticker_price_part_0.json', 'ticker_price_part_1.json', 'ticker_price_part_2.json', 'ticker_price_part_3.json', 'ticker_price_part_4.json']
2026-01-26 14:35:11,796 [INFO] Loaded 0 tickers from ticker_price_part_0.json
2026-01-26 14:35:11,796 [INFO] Loaded 0 tickers from ticker_price_part_1.json
2026-01-26 14:35:11,796 [INFO] Loaded 0 tickers from ticker_price_part_2.json
2026-01-26 14:35:11,796 [INFO] Loaded 0 tickers from ticker_price_part_3.json
2026-01-26 14:35:11,796 [INFO] Loaded 0 tickers from ticker_price_part_4.json
2026-01-26 14:35:11,796 [ERROR] No valid data merged from part files. Skipping output file creation.
2026-01-26 14:35:11,796 [INFO] Price merge completed. Elapsed time: 0.0s
2026-01-27 14:35:30,970 [INFO] Starting price merge process at 02:35 PM EDT on Tuesday, January 27, 2026
2026-01-27 14:35:30,970 [INFO] Searching for ticker_price_part_*.json files in data
2026-01-27 14:35:30,970 [INFO] Found 5 part files to merge: ['ticker_price_part_0.json', 'ticker_price_part_1.json', 'ticker_price_part_2.json', 'ticker_price_part_3.json', 'ticker_price_part_4.json']
2026-01-27 14:35:30,973 [INFO] Loaded 643 tickers from ticker_price_part_0.json
2026-01-27 14:35:30,979 [INFO] Loaded 639 tickers from ticker_price_part_1.json
2026-01-27 14:35:30,984 [INFO] Loaded 634 tickers from ticker_price_part_2.json
2026-01-27 14:35:30,990 [INFO] Loaded 609 tickers from ticker_price_part_3.json
2026-01-27 14:35:30,995 [INFO] Loaded 618 tickers from ticker_price_part_4.json
2026-01-27 14:35:31,049 [INFO] Merged data saved to data/ticker_price.json with 3143 entries
2026-01-27 14:35:31,050 [INFO] Price merge completed. Elapsed time: 0.1s
2026-01-28 14:35:23,508 [INFO] Starting price merge process at 02:35 PM EDT on Wednesday, January 28, 2026
2026-01-28 14:35:23,508 [INFO] Searching for ticker_price_part_*.json files in data
2026-01-28 14:35:23,508 [INFO] Found 5 part files to merge: ['ticker_price_part_0.json', 'ticker_price_part_1.json', 'ticker_price_part_2.json', 'ticker_price_part_3.json', 'ticker_price_part_4.json']
2026-01-28 14:35:23,511 [INFO] Loaded 657 tickers from ticker_price_part_0.json
2026-01-28 14:35:23,517 [INFO] Loaded 647 tickers from ticker_price_part_1.json
2026-01-28 14:35:23,523 [INFO] Loaded 649 tickers from ticker_price_part_2.json
2026-01-28 14:35:23,528 [INFO] Loaded 626 tickers from ticker_price_part_3.json
2026-01-28 14:35:23,534 [INFO] Loaded 638 tickers from ticker_price_part_4.json
2026-01-28 14:35:23,589 [INFO] Merged data saved to data/ticker_price.json with 3217 entries
2026-01-28 14:35:23,590 [INFO] Price merge completed. Elapsed time: 0.1s
2026-01-29 14:43:34,302 [INFO] Starting price merge process at 02:43 PM EDT on Thursday, January 29, 2026
2026-01-29 14:43:34,302 [INFO] Searching for ticker_price_part_*.json files in data
2026-01-29 14:43:34,302 [INFO] Found 5 part files to merge: ['ticker_price_part_0.json', 'ticker_price_part_1.json', 'ticker_price_part_2.json', 'ticker_price_part_3.json', 'ticker_price_part_4.json']
2026-01-29 14:43:34,305 [INFO] Loaded 648 tickers from ticker_price_part_0.json
2026-01-29 14:43:34,311 [INFO] Loaded 645 tickers from ticker_price_part_1.json
2026-01-29 14:43:34,317 [INFO] Loaded 647 tickers from ticker_price_part_2.json
2026-01-29 14:43:34,323 [INFO] Loaded 613 tickers from ticker_price_part_3.json
2026-01-29 14:43:34,328 [INFO] Loaded 637 tickers from ticker_price_part_4.json
2026-01-29 14:43:34,386 [INFO] Merged data saved to data/ticker_price.json with 3190 entries
2026-01-29 14:43:34,388 [INFO] Price merge completed. Elapsed time: 0.1s
2026-01-30 14:40:44,900 [INFO] Starting price merge process at 02:40 PM EDT on Friday, January 30, 2026
2026-01-30 14:40:44,900 [INFO] Searching for ticker_price_part_*.json files in data
2026-01-30 14:40:44,900 [INFO] Found 5 part files to merge: ['ticker_price_part_0.json', 'ticker_price_part_1.json', 'ticker_price_part_2.json', 'ticker_price_part_3.json', 'ticker_price_part_4.json']
2026-01-30 14:40:44,903 [INFO] Loaded 644 tickers from ticker_price_part_0.json
2026-01-30 14:40:44,909 [INFO] Loaded 644 tickers from ticker_price_part_1.json
2026-01-30 14:40:44,915 [INFO] Loaded 643 tickers from ticker_price_part_2.json
2026-01-30 14:40:44,920 [INFO] Loaded 611 tickers from ticker_price_part_3.json
2026-01-30 14:40:44,926 [INFO] Loaded 633 tickers from ticker_price_part_4.json
2026-01-30 14:40:44,981 [INFO] Merged data saved to data/ticker_price.json with 3175 entries
2026-01-30 14:40:44,982 [INFO] Price merge completed. Elapsed time: 0.1s
2026-02-02 14:45:48,271 [INFO] Starting price merge process at 02:45 PM EDT on Monday, February 02, 2026
2026-02-02 14:45:48,271 [INFO] Searching for ticker_price_part_*.json files in data
2026-02-02 14:45:48,272 [INFO] Found 5 part files to merge: ['ticker_price_part_0.json', 'ticker_price_part_1.json', 'ticker_price_part_2.json', 'ticker_price_part_3.json', 'ticker_price_part_4.json']
2026-02-02 14:45:48,274 [INFO] Loaded 653 tickers from ticker_price_part_0.json
2026-02-02 14:45:48,280 [INFO] Loaded 643 tickers from ticker_price_part_1.json
2026-02-02 14:45:48,286 [INFO] Loaded 650 tickers from ticker_price_part_2.json
2026-02-02 14:45:48,292 [INFO] Loaded 619 tickers from ticker_price_part_3.json
2026-02-02 14:45:48,297 [INFO] Loaded 634 tickers from ticker_price_part_4.json
2026-02-02 14:45:48,351 [INFO] Merged data saved to data/ticker_price.json with 3199 entries
2026-02-02 14:45:48,352 [INFO] Price merge completed. Elapsed time: 0.1s
2026-02-03 14:47:30,983 [INFO] Starting price merge process at 02:47 PM EDT on Tuesday, February 03, 2026
2026-02-03 14:47:30,984 [INFO] Searching for ticker_price_part_*.json files in data
2026-02-03 14:47:30,984 [INFO] Found 5 part files to merge: ['ticker_price_part_0.json', 'ticker_price_part_1.json', 'ticker_price_part_2.json', 'ticker_price_part_3.json', 'ticker_price_part_4.json']
2026-02-03 14:47:30,987 [INFO] Loaded 655 tickers from ticker_price_part_0.json
2026-02-03 14:47:30,993 [INFO] Loaded 648 tickers from ticker_price_part_1.json
2026-02-03 14:47:30,999 [INFO] Loaded 649 tickers from ticker_price_part_2.json
2026-02-03 14:47:31,005 [INFO] Loaded 626 tickers from ticker_price_part_3.json
2026-02-03 14:47:31,011 [INFO] Loaded 639 tickers from ticker_price_part_4.json
2026-02-03 14:47:31,067 [INFO] Merged data saved to data/ticker_price.json with 3217 entries
2026-02-03 14:47:31,068 [INFO] Price merge completed. Elapsed time: 0.1s
2026-02-04 14:45:17,388 [INFO] Starting price merge process at 02:45 PM EDT on Wednesday, February 04, 2026
2026-02-04 14:45:17,388 [INFO] Searching for ticker_price_part_*.json files in data
2026-02-04 14:45:17,388 [INFO] Found 5 part files to merge: ['ticker_price_part_0.json', 'ticker_price_part_1.json', 'ticker_price_part_2.json', 'ticker_price_part_3.json', 'ticker_price_part_4.json']
2026-02-04 14:45:17,391 [INFO] Loaded 646 tickers from ticker_price_part_0.json
2026-02-04 14:45:17,397 [INFO] Loaded 643 tickers from ticker_price_part_1.json
2026-02-04 14:45:17,403 [INFO] Loaded 643 tickers from ticker_price_part_2.json
2026-02-04 14:45:17,408 [INFO] Loaded 618 tickers from ticker_price_part_3.json
2026-02-04 14:45:17,414 [INFO] Loaded 634 tickers from ticker_price_part_4.json
2026-02-04 14:45:17,468 [INFO] Merged data saved to data/ticker_price.json with 3184 entries
2026-02-04 14:45:17,469 [INFO] Price merge completed. Elapsed time: 0.1s
2026-02-05 14:48:27,823 [INFO] Starting price merge process at 02:48 PM EDT on Thursday, February 05, 2026
2026-02-05 14:48:27,823 [INFO] Searching for ticker_price_part_*.json files in data
2026-02-05 14:48:27,823 [INFO] Found 5 part files to merge: ['ticker_price_part_0.json', 'ticker_price_part_1.json', 'ticker_price_part_2.json', 'ticker_price_part_3.json', 'ticker_price_part_4.json']
2026-02-05 14:48:27,826 [INFO] Loaded 640 tickers from ticker_price_part_0.json
2026-02-05 14:48:27,832 [INFO] Loaded 639 tickers from ticker_price_part_1.json
2026-02-05 14:48:27,838 [INFO] Loaded 643 tickers from ticker_price_part_2.json
2026-02-05 14:48:27,843 [INFO] Loaded 615 tickers from ticker_price_part_3.json
2026-02-05 14:48:27,849 [INFO] Loaded 637 tickers from ticker_price_part_4.json
2026-02-05 14:48:27,904 [INFO] Merged data saved to data/ticker_price.json with 3174 entries
2026-02-05 14:48:27,906 [INFO] Price merge completed. Elapsed time: 0.1s
2026-02-06 14:43:33,946 [INFO] Starting price merge process at 02:43 PM EDT on Friday, February 06, 2026
2026-02-06 14:43:33,946 [INFO] Searching for ticker_price_part_*.json files in data
2026-02-06 14:43:33,946 [INFO] Found 5 part files to merge: ['ticker_price_part_0.json', 'ticker_price_part_1.json', 'ticker_price_part_2.json', 'ticker_price_part_3.json', 'ticker_price_part_4.json']
2026-02-06 14:43:33,948 [INFO] Loaded 638 tickers from ticker_price_part_0.json
2026-02-06 14:43:33,954 [INFO] Loaded 640 tickers from ticker_price_part_1.json
2026-02-06 14:43:33,959 [INFO] Loaded 646 tickers from ticker_price_part_2.json
2026-02-06 14:43:33,965 [INFO] Loaded 606 tickers from ticker_price_part_3.json
2026-02-06 14:43:33,970 [INFO] Loaded 635 tickers from ticker_price_part_4.json
2026-02-06 14:43:34,023 [INFO] Merged data saved to data/ticker_price.json with 3165 entries
2026-02-06 14:43:34,025 [INFO] Price merge completed. Elapsed time: 0.1s
2026-02-09 14:57:03,871 [INFO] Starting price merge process at 02:57 PM EDT on Monday, February 09, 2026
2026-02-09 14:57:03,871 [INFO] Searching for ticker_price_part_*.json files in data
2026-02-09 14:57:03,871 [INFO] Found 5 part files to merge: ['ticker_price_part_0.json', 'ticker_price_part_1.json', 'ticker_price_part_2.json', 'ticker_price_part_3.json', 'ticker_price_part_4.json']
2026-02-09 14:57:03,874 [INFO] Loaded 646 tickers from ticker_price_part_0.json
2026-02-09 14:57:03,880 [INFO] Loaded 637 tickers from ticker_price_part_1.json
2026-02-09 14:57:03,886 [INFO] Loaded 638 tickers from ticker_price_part_2.json
2026-02-09 14:57:03,891 [INFO] Loaded 612 tickers from ticker_price_part_3.json
2026-02-09 14:57:03,897 [INFO] Loaded 630 tickers from ticker_price_part_4.json
2026-02-09 14:57:03,951 [INFO] Merged data saved to data/ticker_price.json with 3163 entries
2026-02-09 14:57:03,952 [INFO] Price merge completed. Elapsed time: 0.1s
2026-02-10 15:03:37,434 [INFO] Starting price merge process at 03:03 PM EDT on Tuesday, February 10, 2026
2026-02-10 15:03:37,434 [INFO] Searching for ticker_price_part_*.json files in data
2026-02-10 15:03:37,434 [INFO] Found 5 part files to merge: ['ticker_price_part_0.json', 'ticker_price_part_1.json', 'ticker_price_part_2.json', 'ticker_price_part_3.json', 'ticker_price_part_4.json']
2026-02-10 15:03:37,437 [INFO] Loaded 647 tickers from ticker_price_part_0.json
2026-02-10 15:03:37,443 [INFO] Loaded 649 tickers from ticker_price_part_1.json
2026-02-10 15:03:37,449 [INFO] Loaded 655 tickers from ticker_price_part_2.json
2026-02-10 15:03:37,455 [INFO] Loaded 631 tickers from ticker_price_part_3.json
2026-02-10 15:03:37,461 [INFO] Loaded 637 tickers from ticker_price_part_4.json
2026-02-10 15:03:37,517 [INFO] Merged data saved to data/ticker_price.json with 3219 entries
2026-02-10 15:03:37,519 [INFO] Price merge completed. Elapsed time: 0.1s
2026-02-11 14:57:25,767 [INFO] Starting price merge process at 02:57 PM EDT on Wednesday, February 11, 2026
2026-02-11 14:57:25,767 [INFO] Searching for ticker_price_part_*.json files in data
2026-02-11 14:57:25,767 [INFO] Found 5 part files to merge: ['ticker_price_part_0.json', 'ticker_price_part_1.json', 'ticker_price_part_2.json', 'ticker_price_part_3.json', 'ticker_price_part_4.json']
2026-02-11 14:57:25,770 [INFO] Loaded 634 tickers from ticker_price_part_0.json
2026-02-11 14:57:25,775 [INFO] Loaded 647 tickers from ticker_price_part_1.json
2026-02-11 14:57:25,781 [INFO] Loaded 642 tickers from ticker_price_part_2.json
2026-02-11 14:57:25,787 [INFO] Loaded 617 tickers from ticker_price_part_3.json
2026-02-11 14:57:25,793 [INFO] Loaded 639 tickers from ticker_price_part_4.json
2026-02-11 14:57:25,846 [INFO] Merged data saved to data/ticker_price.json with 3179 entries
2026-02-11 14:57:25,847 [INFO] Price merge completed. Elapsed time: 0.1s
2026-02-12 14:52:36,131 [INFO] Starting price merge process at 02:52 PM EDT on Thursday, February 12, 2026
2026-02-12 14:52:36,132 [INFO] Searching for ticker_price_part_*.json files in data
2026-02-12 14:52:36,132 [INFO] Found 5 part files to merge: ['ticker_price_part_0.json', 'ticker_price_part_1.json', 'ticker_price_part_2.json', 'ticker_price_part_3.json', 'ticker_price_part_4.json']
2026-02-12 14:52:36,135 [INFO] Loaded 637 tickers from ticker_price_part_0.json
2026-02-12 14:52:36,140 [INFO] Loaded 647 tickers from ticker_price_part_1.json
2026-02-12 14:52:36,146 [INFO] Loaded 641 tickers from ticker_price_part_2.json
2026-02-12 14:52:36,152 [INFO] Loaded 611 tickers from ticker_price_part_3.json
2026-02-12 14:52:36,157 [INFO] Loaded 635 tickers from ticker_price_part_4.json
2026-02-12 14:52:36,211 [INFO] Merged data saved to data/ticker_price.json with 3171 entries
2026-02-12 14:52:36,212 [INFO] Price merge completed. Elapsed time: 0.1s
2026-02-13 14:45:14,943 [INFO] Starting price merge process at 02:45 PM EDT on Friday, February 13, 2026
2026-02-13 14:45:14,943 [INFO] Searching for ticker_price_part_*.json files in data
2026-02-13 14:45:14,943 [INFO] Found 5 part files to merge: ['ticker_price_part_0.json', 'ticker_price_part_1.json', 'ticker_price_part_2.json', 'ticker_price_part_3.json', 'ticker_price_part_4.json']
2026-02-13 14:45:14,946 [INFO] Loaded 634 tickers from ticker_price_part_0.json
2026-02-13 14:45:14,952 [INFO] Loaded 646 tickers from ticker_price_part_1.json
2026-02-13 14:45:14,957 [INFO] Loaded 641 tickers from ticker_price_part_2.json
2026-02-13 14:45:14,963 [INFO] Loaded 609 tickers from ticker_price_part_3.json
2026-02-13 14:45:14,968 [INFO] Loaded 632 tickers from ticker_price_part_4.json
2026-02-13 14:45:15,022 [INFO] Merged data saved to data/ticker_price.json with 3162 entries
2026-02-13 14:45:15,023 [INFO] Price merge completed. Elapsed time: 0.1s
2026-02-16 14:45:24,454 [INFO] Starting price merge process at 02:45 PM EDT on Monday, February 16, 2026
2026-02-16 14:45:24,454 [INFO] Searching for ticker_price_part_*.json files in data
2026-02-16 14:45:24,454 [INFO] Found 5 part files to merge: ['ticker_price_part_0.json', 'ticker_price_part_1.json', 'ticker_price_part_2.json', 'ticker_price_part_3.json', 'ticker_price_part_4.json']
2026-02-16 14:45:24,457 [INFO] Loaded 637 tickers from ticker_price_part_0.json
2026-02-16 14:45:24,463 [INFO] Loaded 636 tickers from ticker_price_part_1.json
2026-02-16 14:45:24,469 [INFO] Loaded 638 tickers from ticker_price_part_2.json
2026-02-16 14:45:24,475 [INFO] Loaded 611 tickers from ticker_price_part_3.json
2026-02-16 14:45:24,480 [INFO] Loaded 613 tickers from ticker_price_part_4.json
2026-02-16 14:45:24,534 [INFO] Merged data saved to data/ticker_price.json with 3135 entries
2026-02-16 14:45:24,536 [INFO] Price merge completed. Elapsed time: 0.1s
2026-02-17 14:48:50,125 [INFO] Starting price merge process at 02:48 PM EDT on Tuesday, February 17, 2026
2026-02-17 14:48:50,126 [INFO] Searching for ticker_price_part_*.json files in data
2026-02-17 14:48:50,126 [INFO] Found 5 part files to merge: ['ticker_price_part_0.json', 'ticker_price_part_1.json', 'ticker_price_part_2.json', 'ticker_price_part_3.json', 'ticker_price_part_4.json']
2026-02-17 14:48:50,129 [INFO] Loaded 644 tickers from ticker_price_part_0.json
2026-02-17 14:48:50,136 [INFO] Loaded 649 tickers from ticker_price_part_1.json
2026-02-17 14:48:50,142 [INFO] Loaded 651 tickers from ticker_price_part_2.json
2026-02-17 14:48:50,148 [INFO] Loaded 628 tickers from ticker_price_part_3.json
2026-02-17 14:48:50,153 [INFO] Loaded 627 tickers from ticker_price_part_4.json
2026-02-17 14:48:50,208 [INFO] Merged data saved to data/ticker_price.json with 3199 entries
2026-02-17 14:48:50,209 [INFO] Price merge completed. Elapsed time: 0.1s
2026-02-18 14:49:09,177 [INFO] Starting price merge process at 02:49 PM EDT on Wednesday, February 18, 2026
2026-02-18 14:49:09,177 [INFO] Searching for ticker_price_part_*.json files in data
2026-02-18 14:49:09,177 [INFO] Found 5 part files to merge: ['ticker_price_part_0.json', 'ticker_price_part_1.json', 'ticker_price_part_2.json', 'ticker_price_part_3.json', 'ticker_price_part_4.json']
2026-02-18 14:49:09,180 [INFO] Loaded 636 tickers from ticker_price_part_0.json
2026-02-18 14:49:09,186 [INFO] Loaded 645 tickers from ticker_price_part_1.json
2026-02-18 14:49:09,192 [INFO] Loaded 639 tickers from ticker_price_part_2.json
2026-02-18 14:49:09,197 [INFO] Loaded 614 tickers from ticker_price_part_3.json
2026-02-18 14:49:09,203 [INFO] Loaded 629 tickers from ticker_price_part_4.json
2026-02-18 14:49:09,259 [INFO] Merged data saved to data/ticker_price.json with 3163 entries
2026-02-18 14:49:09,260 [INFO] Price merge completed. Elapsed time: 0.1s
2026-02-19 14:51:30,896 [INFO] Starting price merge process at 02:51 PM EDT on Thursday, February 19, 2026
2026-02-19 14:51:30,896 [INFO] Searching for ticker_price_part_*.json files in data
2026-02-19 14:51:30,896 [INFO] Found 5 part files to merge: ['ticker_price_part_0.json', 'ticker_price_part_1.json', 'ticker_price_part_2.json', 'ticker_price_part_3.json', 'ticker_price_part_4.json']
2026-02-19 14:51:30,899 [INFO] Loaded 635 tickers from ticker_price_part_0.json
2026-02-19 14:51:30,906 [INFO] Loaded 649 tickers from ticker_price_part_1.json
2026-02-19 14:51:30,912 [INFO] Loaded 639 tickers from ticker_price_part_2.json
2026-02-19 14:51:30,917 [INFO] Loaded 613 tickers from ticker_price_part_3.json
2026-02-19 14:51:30,923 [INFO] Loaded 631 tickers from ticker_price_part_4.json
2026-02-19 14:51:30,978 [INFO] Merged data saved to data/ticker_price.json with 3167 entries
2026-02-19 14:51:30,980 [INFO] Price merge completed. Elapsed time: 0.1s
2026-02-20 14:43:51,082 [INFO] Starting price merge process at 02:43 PM EDT on Friday, February 20, 2026
2026-02-20 14:43:51,082 [INFO] Searching for ticker_price_part_*.json files in data
2026-02-20 14:43:51,083 [INFO] Found 5 part files to merge: ['ticker_price_part_0.json', 'ticker_price_part_1.json', 'ticker_price_part_2.json', 'ticker_price_part_3.json', 'ticker_price_part_4.json']
2026-02-20 14:43:51,085 [INFO] Loaded 628 tickers from ticker_price_part_0.json
2026-02-20 14:43:51,091 [INFO] Loaded 644 tickers from ticker_price_part_1.json
2026-02-20 14:43:51,097 [INFO] Loaded 640 tickers from ticker_price_part_2.json
2026-02-20 14:43:51,103 [INFO] Loaded 606 tickers from ticker_price_part_3.json
2026-02-20 14:43:51,108 [INFO] Loaded 633 tickers from ticker_price_part_4.json
2026-02-20 14:43:51,163 [INFO] Merged data saved to data/ticker_price.json with 3151 entries
2026-02-20 14:43:51,164 [INFO] Price merge completed. Elapsed time: 0.1s
2026-02-23 14:51:56,845 [INFO] Starting price merge process at 02:51 PM EDT on Monday, February 23, 2026
2026-02-23 14:51:56,845 [INFO] Searching for ticker_price_part_*.json files in data
2026-02-23 14:51:56,845 [INFO] Found 5 part files to merge: ['ticker_price_part_0.json', 'ticker_price_part_1.json', 'ticker_price_part_2.json', 'ticker_price_part_3.json', 'ticker_price_part_4.json']
2026-02-23 14:51:56,848 [INFO] Loaded 633 tickers from ticker_price_part_0.json
2026-02-23 14:51:56,853 [INFO] Loaded 642 tickers from ticker_price_part_1.json
2026-02-23 14:51:56,859 [INFO] Loaded 633 tickers from ticker_price_part_2.json
2026-02-23 14:51:56,864 [INFO] Loaded 603 tickers from ticker_price_part_3.json
2026-02-23 14:51:56,870 [INFO] Loaded 625 tickers from ticker_price_part_4.json
2026-02-23 14:51:56,923 [INFO] Merged data saved to data/ticker_price.json with 3136 entries
2026-02-23 14:51:56,924 [INFO] Price merge completed. Elapsed time: 0.1s
2026-02-24 14:54:36,721 [INFO] Starting price merge process at 02:54 PM EDT on Tuesday, February 24, 2026
2026-02-24 14:54:36,721 [INFO] Searching for ticker_price_part_*.json files in data
2026-02-24 14:54:36,721 [INFO] Found 5 part files to merge: ['ticker_price_part_0.json', 'ticker_price_part_1.json', 'ticker_price_part_2.json', 'ticker_price_part_3.json', 'ticker_price_part_4.json']
2026-02-24 14:54:36,724 [INFO] Loaded 643 tickers from ticker_price_part_0.json
2026-02-24 14:54:36,730 [INFO] Loaded 648 tickers from ticker_price_part_1.json
2026-02-24 14:54:36,736 [INFO] Loaded 641 tickers from ticker_price_part_2.json
2026-02-24 14:54:36,742 [INFO] Loaded 629 tickers from ticker_price_part_3.json
2026-02-24 14:54:36,748 [INFO] Loaded 636 tickers from ticker_price_part_4.json
2026-02-24 14:54:36,804 [INFO] Merged data saved to data/ticker_price.json with 3197 entries
2026-02-24 14:54:36,807 [INFO] Price merge completed. Elapsed time: 0.1s
2026-02-25 14:55:04,405 [INFO] Starting price merge process at 02:55 PM EDT on Wednesday, February 25, 2026
2026-02-25 14:55:04,405 [INFO] Searching for ticker_price_part_*.json files in data
2026-02-25 14:55:04,405 [INFO] Found 5 part files to merge: ['ticker_price_part_0.json', 'ticker_price_part_1.json', 'ticker_price_part_2.json', 'ticker_price_part_3.json', 'ticker_price_part_4.json']
2026-02-25 14:55:04,408 [INFO] Loaded 632 tickers from ticker_price_part_0.json
2026-02-25 14:55:04,414 [INFO] Loaded 642 tickers from ticker_price_part_1.json
2026-02-25 14:55:04,420 [INFO] Loaded 635 tickers from ticker_price_part_2.json
2026-02-25 14:55:04,425 [INFO] Loaded 617 tickers from ticker_price_part_3.json
2026-02-25 14:55:04,431 [INFO] Loaded 632 tickers from ticker_price_part_4.json
2026-02-25 14:55:04,485 [INFO] Merged data saved to data/ticker_price.json with 3158 entries
2026-02-25 14:55:04,486 [INFO] Price merge completed. Elapsed time: 0.1s
2026-02-26 14:54:31,891 [INFO] Starting price merge process at 02:54 PM EDT on Thursday, February 26, 2026
2026-02-26 14:54:31,891 [INFO] Searching for ticker_price_part_*.json files in data
2026-02-26 14:54:31,891 [INFO] Found 5 part files to merge: ['ticker_price_part_0.json', 'ticker_price_part_1.json', 'ticker_price_part_2.json', 'ticker_price_part_3.json', 'ticker_price_part_4.json']
2026-02-26 14:54:31,894 [INFO] Loaded 632 tickers from ticker_price_part_0.json
2026-02-26 14:54:31,900 [INFO] Loaded 643 tickers from ticker_price_part_1.json
2026-02-26 14:54:31,906 [INFO] Loaded 641 tickers from ticker_price_part_2.json
2026-02-26 14:54:31,912 [INFO] Loaded 613 tickers from ticker_price_part_3.json
2026-02-26 14:54:31,918 [INFO] Loaded 629 tickers from ticker_price_part_4.json
2026-02-26 14:54:31,973 [INFO] Merged data saved to data/ticker_price.json with 3158 entries
2026-02-26 14:54:31,975 [INFO] Price merge completed. Elapsed time: 0.1s
2026-02-27 14:43:35,916 [INFO] Starting price merge process at 02:43 PM EDT on Friday, February 27, 2026
2026-02-27 14:43:35,916 [INFO] Searching for ticker_price_part_*.json files in data
2026-02-27 14:43:35,916 [INFO] Found 5 part files to merge: ['ticker_price_part_0.json', 'ticker_price_part_1.json', 'ticker_price_part_2.json', 'ticker_price_part_3.json', 'ticker_price_part_4.json']
2026-02-27 14:43:35,919 [INFO] Loaded 633 tickers from ticker_price_part_0.json
2026-02-27 14:43:35,925 [INFO] Loaded 643 tickers from ticker_price_part_1.json
2026-02-27 14:43:35,932 [INFO] Loaded 635 tickers from ticker_price_part_2.json
2026-02-27 14:43:35,938 [INFO] Loaded 614 tickers from ticker_price_part_3.json
2026-02-27 14:43:35,944 [INFO] Loaded 632 tickers from ticker_price_part_4.json
2026-02-27 14:43:35,998 [INFO] Merged data saved to data/ticker_price.json with 3157 entries
2026-02-27 14:43:36,001 [INFO] Price merge completed. Elapsed time: 0.1s
2026-03-02 14:46:32,992 [INFO] Starting price merge process at 02:46 PM EDT on Monday, March 02, 2026
2026-03-02 14:46:32,992 [INFO] Searching for ticker_price_part_*.json files in data
2026-03-02 14:46:32,992 [INFO] Found 5 part files to merge: ['ticker_price_part_0.json', 'ticker_price_part_1.json', 'ticker_price_part_2.json', 'ticker_price_part_3.json', 'ticker_price_part_4.json']
2026-03-02 14:46:32,995 [INFO] Loaded 639 tickers from ticker_price_part_0.json
2026-03-02 14:46:33,001 [INFO] Loaded 632 tickers from ticker_price_part_1.json
2026-03-02 14:46:33,007 [INFO] Loaded 631 tickers from ticker_price_part_2.json
2026-03-02 14:46:33,013 [INFO] Loaded 611 tickers from ticker_price_part_3.json
2026-03-02 14:46:33,019 [INFO] Loaded 619 tickers from ticker_price_part_4.json
2026-03-02 14:46:33,073 [INFO] Merged data saved to data/ticker_price.json with 3132 entries
2026-03-02 14:46:33,075 [INFO] Price merge completed. Elapsed time: 0.1s
2026-03-03 14:47:44,498 [INFO] Starting price merge process at 02:47 PM EDT on Tuesday, March 03, 2026
2026-03-03 14:47:44,498 [INFO] Searching for ticker_price_part_*.json files in data
2026-03-03 14:47:44,498 [INFO] Found 5 part files to merge: ['ticker_price_part_0.json', 'ticker_price_part_1.json', 'ticker_price_part_2.json', 'ticker_price_part_3.json', 'ticker_price_part_4.json']
2026-03-03 14:47:44,501 [INFO] Loaded 648 tickers from ticker_price_part_0.json
2026-03-03 14:47:44,508 [INFO] Loaded 641 tickers from ticker_price_part_1.json
2026-03-03 14:47:44,514 [INFO] Loaded 649 tickers from ticker_price_part_2.json
2026-03-03 14:47:44,520 [INFO] Loaded 625 tickers from ticker_price_part_3.json
2026-03-03 14:47:44,527 [INFO] Loaded 632 tickers from ticker_price_part_4.json
2026-03-03 14:47:44,581 [INFO] Merged data saved to data/ticker_price.json with 3195 entries
2026-03-03 14:47:44,583 [INFO] Price merge completed. Elapsed time: 0.1s
2026-03-04 14:42:38,491 [INFO] Starting price merge process at 02:42 PM EDT on Wednesday, March 04, 2026
2026-03-04 14:42:38,491 [INFO] Searching for ticker_price_part_*.json files in data
2026-03-04 14:42:38,491 [INFO] Found 5 part files to merge: ['ticker_price_part_0.json', 'ticker_price_part_1.json', 'ticker_price_part_2.json', 'ticker_price_part_3.json', 'ticker_price_part_4.json']
2026-03-04 14:42:38,494 [INFO] Loaded 620 tickers from ticker_price_part_0.json
2026-03-04 14:42:38,500 [INFO] Loaded 633 tickers from ticker_price_part_1.json
2026-03-04 14:42:38,506 [INFO] Loaded 623 tickers from ticker_price_part_2.json
2026-03-04 14:42:38,512 [INFO] Loaded 600 tickers from ticker_price_part_3.json
2026-03-04 14:42:38,517 [INFO] Loaded 609 tickers from ticker_price_part_4.json
2026-03-04 14:42:38,570 [INFO] Merged data saved to data/ticker_price.json with 3085 entries
2026-03-04 14:42:38,571 [INFO] Price merge completed. Elapsed time: 0.1s
2026-03-05 14:49:53,158 [INFO] Starting price merge process at 02:49 PM EDT on Thursday, March 05, 2026
2026-03-05 14:49:53,158 [INFO] Searching for ticker_price_part_*.json files in data
2026-03-05 14:49:53,158 [INFO] Found 5 part files to merge: ['ticker_price_part_0.json', 'ticker_price_part_1.json', 'ticker_price_part_2.json', 'ticker_price_part_3.json', 'ticker_price_part_4.json']
2026-03-05 14:49:53,161 [INFO] Loaded 631 tickers from ticker_price_part_0.json
2026-03-05 14:49:53,167 [INFO] Loaded 643 tickers from ticker_price_part_1.json
2026-03-05 14:49:53,173 [INFO] Loaded 635 tickers from ticker_price_part_2.json
2026-03-05 14:49:53,179 [INFO] Loaded 616 tickers from ticker_price_part_3.json
2026-03-05 14:49:53,184 [INFO] Loaded 627 tickers from ticker_price_part_4.json
2026-03-05 14:49:53,239 [INFO] Merged data saved to data/ticker_price.json with 3152 entries
2026-03-05 14:49:53,240 [INFO] Price merge completed. Elapsed time: 0.1s
2026-03-06 14:43:13,591 [INFO] Starting price merge process at 02:43 PM EDT on Friday, March 06, 2026
2026-03-06 14:43:13,591 [INFO] Searching for ticker_price_part_*.json files in data
2026-03-06 14:43:13,591 [INFO] Found 5 part files to merge: ['ticker_price_part_0.json', 'ticker_price_part_1.json', 'ticker_price_part_2.json', 'ticker_price_part_3.json', 'ticker_price_part_4.json']
2026-03-06 14:43:13,594 [INFO] Loaded 635 tickers from ticker_price_part_0.json
2026-03-06 14:43:13,600 [INFO] Loaded 643 tickers from ticker_price_part_1.json
2026-03-06 14:43:13,606 [INFO] Loaded 633 tickers from ticker_price_part_2.json
2026-03-06 14:43:13,611 [INFO] Loaded 609 tickers from ticker_price_part_3.json
2026-03-06 14:43:13,617 [INFO] Loaded 629 tickers from ticker_price_part_4.json
2026-03-06 14:43:13,672 [INFO] Merged data saved to data/ticker_price.json with 3149 entries
2026-03-06 14:43:13,673 [INFO] Price merge completed. Elapsed time: 0.1s
2026-03-09 14:56:56,900 [INFO] Starting price merge process at 02:56 PM EDT on Monday, March 09, 2026
2026-03-09 14:56:56,900 [INFO] Searching for ticker_price_part_*.json files in data
2026-03-09 14:56:56,900 [INFO] Found 5 part files to merge: ['ticker_price_part_0.json', 'ticker_price_part_1.json', 'ticker_price_part_2.json', 'ticker_price_part_3.json', 'ticker_price_part_4.json']
2026-03-09 14:56:56,903 [INFO] Loaded 633 tickers from ticker_price_part_0.json
2026-03-09 14:56:56,909 [INFO] Loaded 641 tickers from ticker_price_part_1.json
2026-03-09 14:56:56,915 [INFO] Loaded 630 tickers from ticker_price_part_2.json
2026-03-09 14:56:56,921 [INFO] Loaded 609 tickers from ticker_price_part_3.json
2026-03-09 14:56:56,926 [INFO] Loaded 614 tickers from ticker_price_part_4.json
2026-03-09 14:56:56,981 [INFO] Merged data saved to data/ticker_price.json with 3127 entries
2026-03-09 14:56:56,982 [INFO] Price merge completed. Elapsed time: 0.1s
